[ 2018-05-22T13:17:31+08:00 ] 127.0.0.1 /index.php/Home/Member/ajaxlogin.html
INFO: [ app_begin ] --START--
INFO: Run Behavior\ReadHtmlCacheBehavior [ RunTime:0.000834s ]
INFO: [ app_begin ] --END-- [ RunTime:0.001314s ]
INFO: [ app_end ] --START--
INFO: Run Behavior\ShowPageTraceBehavior [ RunTime:0.000725s ]
INFO: [ app_end ] --END-- [ RunTime:0.000797s ]

[ 2018-05-22T13:17:37+08:00 ] 127.0.0.1 /index.php/Home/Comment/ajaxGetPl/goods_id/50/page/1
INFO: [ app_begin ] --START--
INFO: Run Behavior\ReadHtmlCacheBehavior [ RunTime:0.000707s ]
INFO: [ app_begin ] --END-- [ RunTime:0.001182s ]
SQL: SHOW COLUMNS FROM `php_comment` [ RunTime:0.0581s ]
SQL: SELECT COUNT(*) AS tp_count FROM php_comment a WHERE a.goods_id = '50' LIMIT 1   [ RunTime:0.0272s ]
SQL: SELECT `star` FROM `php_comment` WHERE (  goods_id ) AND (  50 )  [ RunTime:0.0003s ]
SQL: SHOW COLUMNS FROM `php_yinxiang` [ RunTime:0.0315s ]
SQL: SELECT `id`,`yx_name`,`yx_count` FROM `php_yinxiang` WHERE (  goods_id ) AND (  50 )  [ RunTime:0.0007s ]
SQL: SELECT a.id,a.content,a.addtime,a.star,a.click_count,b.username,b.face,count(c.id) reply_count FROM php_comment a LEFT JOIN php_member b ON a.member_id=b.id
                    LEFT JOIN php_comment_reply c ON a.id=c.comment_id  GROUP BY a.id ORDER BY a.id desc LIMIT 0,5   [ RunTime:0.1009s ]
SQL: SHOW COLUMNS FROM `php_comment_reply` [ RunTime:0.0499s ]
SQL: SELECT a.content,a.addtime,b.username,b.face FROM php_comment_reply a LEFT JOIN php_member b ON a.member_id=b.id  WHERE a.comment_id = '29' ORDER BY a.addtime desc LIMIT 5   [ RunTime:0.0005s ]
SQL: SELECT a.content,a.addtime,b.username,b.face FROM php_comment_reply a LEFT JOIN php_member b ON a.member_id=b.id  WHERE a.comment_id = '28' ORDER BY a.addtime desc LIMIT 5   [ RunTime:0.0002s ]
SQL: SELECT a.content,a.addtime,b.username,b.face FROM php_comment_reply a LEFT JOIN php_member b ON a.member_id=b.id  WHERE a.comment_id = '27' ORDER BY a.addtime desc LIMIT 5   [ RunTime:0.0002s ]
SQL: SELECT a.content,a.addtime,b.username,b.face FROM php_comment_reply a LEFT JOIN php_member b ON a.member_id=b.id  WHERE a.comment_id = '26' ORDER BY a.addtime desc LIMIT 5   [ RunTime:0.0002s ]
SQL: SELECT a.content,a.addtime,b.username,b.face FROM php_comment_reply a LEFT JOIN php_member b ON a.member_id=b.id  WHERE a.comment_id = '25' ORDER BY a.addtime desc LIMIT 5   [ RunTime:0.0002s ]
INFO: [ app_end ] --START--
INFO: Run Behavior\ShowPageTraceBehavior [ RunTime:0.000861s ]
INFO: [ app_end ] --END-- [ RunTime:0.000917s ]

[ 2018-05-22T13:17:37+08:00 ] 127.0.0.1 /index.php/Home/Index/displayHistory/id/50.html
INFO: [ app_begin ] --START--
INFO: Run Behavior\ReadHtmlCacheBehavior [ RunTime:0.001215s ]
INFO: [ app_begin ] --END-- [ RunTime:0.001912s ]
SQL: SHOW COLUMNS FROM `php_category` [ RunTime:0.0208s ]
SQL: SHOW COLUMNS FROM `php_goods` [ RunTime:0.0192s ]
SQL: SELECT `id`,`goods_name`,`mid_logo` FROM `php_goods` WHERE `id` IN ('50') AND `is_on_sale` = '是' ORDER BY field(id,50)  [ RunTime:0.0062s ]
INFO: [ app_end ] --START--
INFO: Run Behavior\ShowPageTraceBehavior [ RunTime:0.000793s ]
INFO: [ app_end ] --END-- [ RunTime:0.000840s ]

[ 2018-05-22T13:17:37+08:00 ] 127.0.0.1 /index.php/Home/Index/ajaxGetMemberPrice/goods_id/50.html
INFO: [ app_begin ] --START--
INFO: Run Behavior\ReadHtmlCacheBehavior [ RunTime:0.000991s ]
INFO: [ app_begin ] --END-- [ RunTime:0.001657s ]
SQL: SHOW COLUMNS FROM `php_category` [ RunTime:0.0208s ]
SQL: SHOW COLUMNS FROM `php_goods` [ RunTime:0.0189s ]
SQL: SELECT `promote_price` FROM `php_goods` WHERE `id` = '50' AND `promote_price` > 0 AND `promote_start_date` <= '2018-05-22 13:17:37' AND `promote_end_date` >= '2018-05-22 13:17:37' LIMIT 1   [ RunTime:0.0003s ]
SQL: SELECT `shop_price` FROM `php_goods` WHERE `id` = 50 LIMIT 1   [ RunTime:0.0001s ]
INFO: [ app_end ] --START--
INFO: Run Behavior\ShowPageTraceBehavior [ RunTime:0.001626s ]
INFO: [ app_end ] --END-- [ RunTime:0.001700s ]

[ 2018-05-22T13:17:37+08:00 ] 127.0.0.1 /index.php/Home/Member/ajaxlogin.html
INFO: [ app_begin ] --START--
INFO: Run Behavior\ReadHtmlCacheBehavior [ RunTime:0.001426s ]
INFO: [ app_begin ] --END-- [ RunTime:0.002262s ]
INFO: [ app_end ] --START--
INFO: Run Behavior\ShowPageTraceBehavior [ RunTime:0.000808s ]
INFO: [ app_end ] --END-- [ RunTime:0.000873s ]

[ 2018-05-22T13:20:34+08:00 ] 127.0.0.1 /index.php/Home/Member/ajaxlogin.html
INFO: [ app_begin ] --START--
INFO: Run Behavior\ReadHtmlCacheBehavior [ RunTime:0.001490s ]
INFO: [ app_begin ] --END-- [ RunTime:0.003128s ]
INFO: [ app_end ] --START--
INFO: Run Behavior\ShowPageTraceBehavior [ RunTime:0.001149s ]
INFO: [ app_end ] --END-- [ RunTime:0.001253s ]

[ 2018-05-22T13:21:12+08:00 ] 127.0.0.1 /index.php/Home/Member/ajaxlogin.html
INFO: [ app_begin ] --START--
INFO: Run Behavior\ReadHtmlCacheBehavior [ RunTime:0.001691s ]
INFO: [ app_begin ] --END-- [ RunTime:0.002895s ]
INFO: [ app_end ] --START--
INFO: Run Behavior\ShowPageTraceBehavior [ RunTime:0.001693s ]
INFO: [ app_end ] --END-- [ RunTime:0.001810s ]

[ 2018-05-22T13:22:40+08:00 ] 127.0.0.1 /index.php/Home/Member/ajaxlogin.html
INFO: [ app_begin ] --START--
INFO: Run Behavior\ReadHtmlCacheBehavior [ RunTime:0.000726s ]
INFO: [ app_begin ] --END-- [ RunTime:0.001259s ]
INFO: [ app_end ] --START--
INFO: Run Behavior\ShowPageTraceBehavior [ RunTime:0.000583s ]
INFO: [ app_end ] --END-- [ RunTime:0.000648s ]

[ 2018-05-22T13:23:04+08:00 ] 127.0.0.1 /index.php/Home/Member/ajaxlogin.html
INFO: [ app_begin ] --START--
INFO: Run Behavior\ReadHtmlCacheBehavior [ RunTime:0.000683s ]
INFO: [ app_begin ] --END-- [ RunTime:0.001187s ]
INFO: [ app_end ] --START--
INFO: Run Behavior\ShowPageTraceBehavior [ RunTime:0.000771s ]
INFO: [ app_end ] --END-- [ RunTime:0.000865s ]

[ 2018-05-22T13:23:19+08:00 ] 127.0.0.1 /index.php/Home/Member/ajaxlogin.html
INFO: [ app_begin ] --START--
INFO: Run Behavior\ReadHtmlCacheBehavior [ RunTime:0.000899s ]
INFO: [ app_begin ] --END-- [ RunTime:0.001674s ]
INFO: [ app_end ] --START--
INFO: Run Behavior\ShowPageTraceBehavior [ RunTime:0.001171s ]
INFO: [ app_end ] --END-- [ RunTime:0.001291s ]

[ 2018-05-22T13:23:59+08:00 ] 127.0.0.1 /index.php/Home/Member/ajaxlogin.html
INFO: [ app_begin ] --START--
INFO: Run Behavior\ReadHtmlCacheBehavior [ RunTime:0.000726s ]
INFO: [ app_begin ] --END-- [ RunTime:0.001296s ]
INFO: [ app_end ] --START--
INFO: Run Behavior\ShowPageTraceBehavior [ RunTime:0.000791s ]
INFO: [ app_end ] --END-- [ RunTime:0.000887s ]

[ 2018-05-22T13:23:59+08:00 ] 127.0.0.1 /index.php/Home/Index/displayHistory/id/50.html
INFO: [ app_begin ] --START--
INFO: Run Behavior\ReadHtmlCacheBehavior [ RunTime:0.000848s ]
INFO: [ app_begin ] --END-- [ RunTime:0.001462s ]
SQL: SHOW COLUMNS FROM `php_category` [ RunTime:0.0413s ]
SQL: SHOW COLUMNS FROM `php_goods` [ RunTime:0.0350s ]
SQL: SELECT `id`,`goods_name`,`mid_logo` FROM `php_goods` WHERE `id` IN ('50') AND `is_on_sale` = '是' ORDER BY field(id,50)  [ RunTime:0.0005s ]
INFO: [ app_end ] --START--
INFO: Run Behavior\ShowPageTraceBehavior [ RunTime:0.000861s ]
INFO: [ app_end ] --END-- [ RunTime:0.000916s ]

[ 2018-05-22T13:23:59+08:00 ] 127.0.0.1 /index.php/Home/Comment/ajaxGetPl/goods_id/50/page/1
INFO: [ app_begin ] --START--
INFO: Run Behavior\ReadHtmlCacheBehavior [ RunTime:0.000820s ]
INFO: [ app_begin ] --END-- [ RunTime:0.001615s ]
SQL: SHOW COLUMNS FROM `php_comment` [ RunTime:0.0308s ]
SQL: SELECT COUNT(*) AS tp_count FROM php_comment a WHERE a.goods_id = '50' LIMIT 1   [ RunTime:0.0014s ]
SQL: SELECT `star` FROM `php_comment` WHERE (  goods_id ) AND (  50 )  [ RunTime:0.0009s ]
SQL: SHOW COLUMNS FROM `php_yinxiang` [ RunTime:0.0251s ]
SQL: SELECT `id`,`yx_name`,`yx_count` FROM `php_yinxiang` WHERE (  goods_id ) AND (  50 )  [ RunTime:0.0004s ]
SQL: SELECT a.id,a.content,a.addtime,a.star,a.click_count,b.username,b.face,count(c.id) reply_count FROM php_comment a LEFT JOIN php_member b ON a.member_id=b.id
                    LEFT JOIN php_comment_reply c ON a.id=c.comment_id  GROUP BY a.id ORDER BY a.id desc LIMIT 0,5   [ RunTime:0.0004s ]
SQL: SHOW COLUMNS FROM `php_comment_reply` [ RunTime:0.0195s ]
SQL: SELECT a.content,a.addtime,b.username,b.face FROM php_comment_reply a LEFT JOIN php_member b ON a.member_id=b.id  WHERE a.comment_id = '29' ORDER BY a.addtime desc LIMIT 5   [ RunTime:0.0004s ]
SQL: SELECT a.content,a.addtime,b.username,b.face FROM php_comment_reply a LEFT JOIN php_member b ON a.member_id=b.id  WHERE a.comment_id = '28' ORDER BY a.addtime desc LIMIT 5   [ RunTime:0.0004s ]
SQL: SELECT a.content,a.addtime,b.username,b.face FROM php_comment_reply a LEFT JOIN php_member b ON a.member_id=b.id  WHERE a.comment_id = '27' ORDER BY a.addtime desc LIMIT 5   [ RunTime:0.0003s ]
SQL: SELECT a.content,a.addtime,b.username,b.face FROM php_comment_reply a LEFT JOIN php_member b ON a.member_id=b.id  WHERE a.comment_id = '26' ORDER BY a.addtime desc LIMIT 5   [ RunTime:0.0003s ]
SQL: SELECT a.content,a.addtime,b.username,b.face FROM php_comment_reply a LEFT JOIN php_member b ON a.member_id=b.id  WHERE a.comment_id = '25' ORDER BY a.addtime desc LIMIT 5   [ RunTime:0.0002s ]
INFO: [ app_end ] --START--
INFO: Run Behavior\ShowPageTraceBehavior [ RunTime:0.000772s ]
INFO: [ app_end ] --END-- [ RunTime:0.000818s ]

[ 2018-05-22T13:23:59+08:00 ] 127.0.0.1 /index.php/Home/Index/ajaxGetMemberPrice/goods_id/50.html
INFO: [ app_begin ] --START--
INFO: Run Behavior\ReadHtmlCacheBehavior [ RunTime:0.001501s ]
INFO: [ app_begin ] --END-- [ RunTime:0.005228s ]
SQL: SHOW COLUMNS FROM `php_category` [ RunTime:0.0253s ]
SQL: SHOW COLUMNS FROM `php_goods` [ RunTime:0.0236s ]
SQL: SELECT `promote_price` FROM `php_goods` WHERE `id` = '50' AND `promote_price` > 0 AND `promote_start_date` <= '2018-05-22 13:23:59' AND `promote_end_date` >= '2018-05-22 13:23:59' LIMIT 1   [ RunTime:0.0007s ]
SQL: SELECT `shop_price` FROM `php_goods` WHERE `id` = 50 LIMIT 1   [ RunTime:0.0006s ]
INFO: [ app_end ] --START--
INFO: Run Behavior\ShowPageTraceBehavior [ RunTime:0.001390s ]
INFO: [ app_end ] --END-- [ RunTime:0.001446s ]

[ 2018-05-22T13:23:59+08:00 ] 127.0.0.1 /index.php/Home/Member/ajaxlogin.html
INFO: [ app_begin ] --START--
INFO: Run Behavior\ReadHtmlCacheBehavior [ RunTime:0.001479s ]
INFO: [ app_begin ] --END-- [ RunTime:0.002305s ]
INFO: [ app_end ] --START--
INFO: Run Behavior\ShowPageTraceBehavior [ RunTime:0.000919s ]
INFO: [ app_end ] --END-- [ RunTime:0.000996s ]

[ 2018-05-22T13:24:00+08:00 ] 127.0.0.1 /index.php/Home/Member/ajaxlogin.html
INFO: [ app_begin ] --START--
INFO: Run Behavior\ReadHtmlCacheBehavior [ RunTime:0.001143s ]
INFO: [ app_begin ] --END-- [ RunTime:0.001718s ]
INFO: [ app_end ] --START--
INFO: Run Behavior\ShowPageTraceBehavior [ RunTime:0.000808s ]
INFO: [ app_end ] --END-- [ RunTime:0.000915s ]

[ 2018-05-22T13:24:01+08:00 ] 127.0.0.1 /index.php/Home/Member/ajaxlogin.html
INFO: [ app_begin ] --START--
INFO: Run Behavior\ReadHtmlCacheBehavior [ RunTime:0.000674s ]
INFO: [ app_begin ] --END-- [ RunTime:0.001310s ]
INFO: [ app_end ] --START--
INFO: Run Behavior\ShowPageTraceBehavior [ RunTime:0.000665s ]
INFO: [ app_end ] --END-- [ RunTime:0.000739s ]

[ 2018-05-22T13:24:12+08:00 ] 127.0.0.1 /index.php/Home/Member/ajaxlogin.html
INFO: [ app_begin ] --START--
INFO: Run Behavior\ReadHtmlCacheBehavior [ RunTime:0.000941s ]
INFO: [ app_begin ] --END-- [ RunTime:0.001871s ]
INFO: [ app_end ] --START--
INFO: Run Behavior\ShowPageTraceBehavior [ RunTime:0.001071s ]
INFO: [ app_end ] --END-- [ RunTime:0.001179s ]

[ 2018-05-22T13:24:15+08:00 ] 127.0.0.1 /index.php/Home/Member/ajaxlogin.html
INFO: [ app_begin ] --START--
INFO: Run Behavior\ReadHtmlCacheBehavior [ RunTime:0.001014s ]
INFO: [ app_begin ] --END-- [ RunTime:0.001709s ]
INFO: [ app_end ] --START--
INFO: Run Behavior\ShowPageTraceBehavior [ RunTime:0.000798s ]
INFO: [ app_end ] --END-- [ RunTime:0.000885s ]

[ 2018-05-22T13:24:24+08:00 ] 127.0.0.1 /index.php/Home/Member/ajaxlogin.html
INFO: [ app_begin ] --START--
INFO: Run Behavior\ReadHtmlCacheBehavior [ RunTime:0.001441s ]
INFO: [ app_begin ] --END-- [ RunTime:0.002192s ]
INFO: [ app_end ] --START--
INFO: Run Behavior\ShowPageTraceBehavior [ RunTime:0.001112s ]
INFO: [ app_end ] --END-- [ RunTime:0.001252s ]

[ 2018-05-22T13:24:55+08:00 ] 127.0.0.1 /index.php/Home/Member/ajaxlogin.html
INFO: [ app_begin ] --START--
INFO: Run Behavior\ReadHtmlCacheBehavior [ RunTime:0.001550s ]
INFO: [ app_begin ] --END-- [ RunTime:0.002417s ]
INFO: [ app_end ] --START--
INFO: Run Behavior\ShowPageTraceBehavior [ RunTime:0.000780s ]
INFO: [ app_end ] --END-- [ RunTime:0.000866s ]

[ 2018-05-22T13:25:01+08:00 ] 127.0.0.1 /index.php/Home/Member/ajaxlogin.html
INFO: [ app_begin ] --START--
INFO: Run Behavior\ReadHtmlCacheBehavior [ RunTime:0.000887s ]
INFO: [ app_begin ] --END-- [ RunTime:0.001571s ]
INFO: [ app_end ] --START--
INFO: Run Behavior\ShowPageTraceBehavior [ RunTime:0.000755s ]
INFO: [ app_end ] --END-- [ RunTime:0.000843s ]

[ 2018-05-22T13:25:09+08:00 ] 127.0.0.1 /index.php/Home/Member/ajaxlogin.html
INFO: [ app_begin ] --START--
INFO: Run Behavior\ReadHtmlCacheBehavior [ RunTime:0.001227s ]
INFO: [ app_begin ] --END-- [ RunTime:0.002443s ]
INFO: [ app_end ] --START--
INFO: Run Behavior\ShowPageTraceBehavior [ RunTime:0.000806s ]
INFO: [ app_end ] --END-- [ RunTime:0.000907s ]

[ 2018-05-22T13:28:51+08:00 ] 127.0.0.1 /index.php/Home/Member/ajaxlogin.html
INFO: [ app_begin ] --START--
INFO: Run Behavior\ReadHtmlCacheBehavior [ RunTime:0.000763s ]
INFO: [ app_begin ] --END-- [ RunTime:0.001413s ]
INFO: [ app_end ] --START--
INFO: Run Behavior\ShowPageTraceBehavior [ RunTime:0.000607s ]
INFO: [ app_end ] --END-- [ RunTime:0.000682s ]

[ 2018-05-22T13:28:51+08:00 ] 127.0.0.1 /index.php/Home/Member/ajaxlogin.html
INFO: [ app_begin ] --START--
INFO: Run Behavior\ReadHtmlCacheBehavior [ RunTime:0.002448s ]
INFO: [ app_begin ] --END-- [ RunTime:0.007806s ]
INFO: [ app_end ] --START--
INFO: Run Behavior\ShowPageTraceBehavior [ RunTime:0.001650s ]
INFO: [ app_end ] --END-- [ RunTime:0.001754s ]

[ 2018-05-22T13:28:52+08:00 ] 127.0.0.1 /index.php/Home/Member/ajaxlogin.html
INFO: [ app_begin ] --START--
INFO: Run Behavior\ReadHtmlCacheBehavior [ RunTime:0.000752s ]
INFO: [ app_begin ] --END-- [ RunTime:0.001406s ]
INFO: [ app_end ] --START--
INFO: Run Behavior\ShowPageTraceBehavior [ RunTime:0.001940s ]
INFO: [ app_end ] --END-- [ RunTime:0.002047s ]

[ 2018-05-22T13:28:52+08:00 ] 127.0.0.1 /index.php/Home/Member/ajaxlogin.html
INFO: [ app_begin ] --START--
INFO: Run Behavior\ReadHtmlCacheBehavior [ RunTime:0.001455s ]
INFO: [ app_begin ] --END-- [ RunTime:0.002176s ]
INFO: [ app_end ] --START--
INFO: Run Behavior\ShowPageTraceBehavior [ RunTime:0.000872s ]
INFO: [ app_end ] --END-- [ RunTime:0.000975s ]

[ 2018-05-22T13:29:09+08:00 ] 127.0.0.1 /index.php/Home/Member/ajaxlogin.html
INFO: [ app_begin ] --START--
INFO: Run Behavior\ReadHtmlCacheBehavior [ RunTime:0.001127s ]
INFO: [ app_begin ] --END-- [ RunTime:0.001630s ]
INFO: [ app_end ] --START--
INFO: Run Behavior\ShowPageTraceBehavior [ RunTime:0.000649s ]
INFO: [ app_end ] --END-- [ RunTime:0.000729s ]

[ 2018-05-22T13:29:14+08:00 ] 127.0.0.1 /index.php/Home/Member/ajaxlogin.html
INFO: [ app_begin ] --START--
INFO: Run Behavior\ReadHtmlCacheBehavior [ RunTime:0.001102s ]
INFO: [ app_begin ] --END-- [ RunTime:0.001596s ]
INFO: [ app_end ] --START--
INFO: Run Behavior\ShowPageTraceBehavior [ RunTime:0.000630s ]
INFO: [ app_end ] --END-- [ RunTime:0.000697s ]

[ 2018-05-22T13:29:33+08:00 ] 127.0.0.1 /index.php/Home/Member/ajaxlogin.html
INFO: [ app_begin ] --START--
INFO: Run Behavior\ReadHtmlCacheBehavior [ RunTime:0.000863s ]
INFO: [ app_begin ] --END-- [ RunTime:0.001244s ]
INFO: [ app_end ] --START--
INFO: Run Behavior\ShowPageTraceBehavior [ RunTime:0.000905s ]
INFO: [ app_end ] --END-- [ RunTime:0.000992s ]

[ 2018-05-22T13:29:41+08:00 ] 127.0.0.1 /index.php/Home/Member/ajaxlogin.html
INFO: [ app_begin ] --START--
INFO: Run Behavior\ReadHtmlCacheBehavior [ RunTime:0.001644s ]
INFO: [ app_begin ] --END-- [ RunTime:0.002493s ]
INFO: [ app_end ] --START--
INFO: Run Behavior\ShowPageTraceBehavior [ RunTime:0.000987s ]
INFO: [ app_end ] --END-- [ RunTime:0.001091s ]

[ 2018-05-22T13:29:43+08:00 ] 127.0.0.1 /index.php/Home/Member/ajaxlogin.html
INFO: [ app_begin ] --START--
INFO: Run Behavior\ReadHtmlCacheBehavior [ RunTime:0.000582s ]
INFO: [ app_begin ] --END-- [ RunTime:0.000983s ]
INFO: [ app_end ] --START--
INFO: Run Behavior\ShowPageTraceBehavior [ RunTime:0.000605s ]
INFO: [ app_end ] --END-- [ RunTime:0.000677s ]

[ 2018-05-22T13:29:54+08:00 ] 127.0.0.1 /index.php/Home/Member/ajaxlogin.html
INFO: [ app_begin ] --START--
INFO: Run Behavior\ReadHtmlCacheBehavior [ RunTime:0.000617s ]
INFO: [ app_begin ] --END-- [ RunTime:0.001157s ]
INFO: [ app_end ] --START--
INFO: Run Behavior\ShowPageTraceBehavior [ RunTime:0.000524s ]
INFO: [ app_end ] --END-- [ RunTime:0.000583s ]

[ 2018-05-22T13:29:55+08:00 ] 127.0.0.1 /index.php/Home/Member/ajaxlogin.html
INFO: [ app_begin ] --START--
INFO: Run Behavior\ReadHtmlCacheBehavior [ RunTime:0.001508s ]
INFO: [ app_begin ] --END-- [ RunTime:0.002325s ]
INFO: [ app_end ] --START--
INFO: Run Behavior\ShowPageTraceBehavior [ RunTime:0.000691s ]
INFO: [ app_end ] --END-- [ RunTime:0.000769s ]

[ 2018-05-22T13:30:14+08:00 ] 127.0.0.1 /index.php/Home/Member/ajaxlogin.html
INFO: [ app_begin ] --START--
INFO: Run Behavior\ReadHtmlCacheBehavior [ RunTime:0.001330s ]
INFO: [ app_begin ] --END-- [ RunTime:0.001883s ]
INFO: [ app_end ] --START--
INFO: Run Behavior\ShowPageTraceBehavior [ RunTime:0.000983s ]
INFO: [ app_end ] --END-- [ RunTime:0.001084s ]

[ 2018-05-22T13:30:19+08:00 ] 127.0.0.1 /index.php/Home/Member/ajaxlogin.html
INFO: [ app_begin ] --START--
INFO: Run Behavior\ReadHtmlCacheBehavior [ RunTime:0.000570s ]
INFO: [ app_begin ] --END-- [ RunTime:0.001016s ]
INFO: [ app_end ] --START--
INFO: Run Behavior\ShowPageTraceBehavior [ RunTime:0.000576s ]
INFO: [ app_end ] --END-- [ RunTime:0.000642s ]

[ 2018-05-22T13:30:54+08:00 ] 127.0.0.1 /index.php/Home/Member/ajaxlogin.html
INFO: [ app_begin ] --START--
INFO: Run Behavior\ReadHtmlCacheBehavior [ RunTime:0.001179s ]
INFO: [ app_begin ] --END-- [ RunTime:0.001865s ]
INFO: [ app_end ] --START--
INFO: Run Behavior\ShowPageTraceBehavior [ RunTime:0.001081s ]
INFO: [ app_end ] --END-- [ RunTime:0.001170s ]

[ 2018-05-22T13:31:06+08:00 ] 127.0.0.1 /index.php/Home/Member/ajaxlogin.html
INFO: [ app_begin ] --START--
INFO: Run Behavior\ReadHtmlCacheBehavior [ RunTime:0.000751s ]
INFO: [ app_begin ] --END-- [ RunTime:0.001368s ]
INFO: [ app_end ] --START--
INFO: Run Behavior\ShowPageTraceBehavior [ RunTime:0.000609s ]
INFO: [ app_end ] --END-- [ RunTime:0.000679s ]

[ 2018-05-22T13:31:09+08:00 ] 127.0.0.1 /index.php/Home/cart/ajaxCart.html
INFO: [ app_begin ] --START--
INFO: Run Behavior\ReadHtmlCacheBehavior [ RunTime:0.000738s ]
INFO: [ app_begin ] --END-- [ RunTime:0.001268s ]
NOTIC: [2048] Declaration of Home\Model\CartModel::add() should be compatible with Think\Model::add($data = '', $options = Array, $replace = false) D:\xampp\htdocs\svnphp\Application\Home\Model\CartModel.class.php 第 4 行.
SQL: SHOW COLUMNS FROM `php_cart` [ RunTime:0.0301s ]
SQL: SELECT * FROM `php_cart` WHERE `member_id` = '1'  [ RunTime:0.0123s ]
SQL: SHOW COLUMNS FROM `php_goods` [ RunTime:0.0259s ]
SQL: SHOW COLUMNS FROM `php_goods_attr` [ RunTime:0.0258s ]
INFO: [ app_end ] --START--
INFO: Run Behavior\ShowPageTraceBehavior [ RunTime:0.000968s ]
INFO: [ app_end ] --END-- [ RunTime:0.001030s ]

[ 2018-05-22T13:31:24+08:00 ] 127.0.0.1 /index.php/Home/Member/ajaxlogin.html
INFO: [ app_begin ] --START--
INFO: Run Behavior\ReadHtmlCacheBehavior [ RunTime:0.000515s ]
INFO: [ app_begin ] --END-- [ RunTime:0.000938s ]
INFO: [ app_end ] --START--
INFO: Run Behavior\ShowPageTraceBehavior [ RunTime:0.000824s ]
INFO: [ app_end ] --END-- [ RunTime:0.000920s ]

[ 2018-05-22T13:31:30+08:00 ] 127.0.0.1 /index.php/Home/Member/ajaxlogin.html
INFO: [ app_begin ] --START--
INFO: Run Behavior\ReadHtmlCacheBehavior [ RunTime:0.001736s ]
INFO: [ app_begin ] --END-- [ RunTime:0.002577s ]
INFO: [ app_end ] --START--
INFO: Run Behavior\ShowPageTraceBehavior [ RunTime:0.001508s ]
INFO: [ app_end ] --END-- [ RunTime:0.001597s ]

[ 2018-05-22T13:33:23+08:00 ] 127.0.0.1 /index.php/Home/Member/ajaxlogin.html
INFO: [ app_begin ] --START--
INFO: Run Behavior\ReadHtmlCacheBehavior [ RunTime:0.001224s ]
INFO: [ app_begin ] --END-- [ RunTime:0.001790s ]
INFO: [ app_end ] --START--
INFO: Run Behavior\ShowPageTraceBehavior [ RunTime:0.000986s ]
INFO: [ app_end ] --END-- [ RunTime:0.001075s ]

[ 2018-05-22T13:33:27+08:00 ] 127.0.0.1 /index.php/Home/Member/ajaxlogin.html
INFO: [ app_begin ] --START--
INFO: Run Behavior\ReadHtmlCacheBehavior [ RunTime:0.000641s ]
INFO: [ app_begin ] --END-- [ RunTime:0.001048s ]
INFO: [ app_end ] --START--
INFO: Run Behavior\ShowPageTraceBehavior [ RunTime:0.000693s ]
INFO: [ app_end ] --END-- [ RunTime:0.000790s ]

[ 2018-05-22T13:34:08+08:00 ] 127.0.0.1 /index.php/Home/Member/ajaxlogin.html
INFO: [ app_begin ] --START--
INFO: Run Behavior\ReadHtmlCacheBehavior [ RunTime:0.000908s ]
INFO: [ app_begin ] --END-- [ RunTime:0.001529s ]
INFO: [ app_end ] --START--
INFO: Run Behavior\ShowPageTraceBehavior [ RunTime:0.000729s ]
INFO: [ app_end ] --END-- [ RunTime:0.000779s ]

[ 2018-05-22T13:34:10+08:00 ] 127.0.0.1 /index.php/Home/Member/ajaxlogin.html
INFO: [ app_begin ] --START--
INFO: Run Behavior\ReadHtmlCacheBehavior [ RunTime:0.000534s ]
INFO: [ app_begin ] --END-- [ RunTime:0.000940s ]
INFO: [ app_end ] --START--
INFO: Run Behavior\ShowPageTraceBehavior [ RunTime:0.000691s ]
INFO: [ app_end ] --END-- [ RunTime:0.000766s ]

[ 2018-05-22T13:34:11+08:00 ] 127.0.0.1 /index.php/Home/Member/ajaxlogin.html
INFO: [ app_begin ] --START--
INFO: Run Behavior\ReadHtmlCacheBehavior [ RunTime:0.000573s ]
INFO: [ app_begin ] --END-- [ RunTime:0.001028s ]
INFO: [ app_end ] --START--
INFO: Run Behavior\ShowPageTraceBehavior [ RunTime:0.000767s ]
INFO: [ app_end ] --END-- [ RunTime:0.000852s ]

[ 2018-05-22T13:34:11+08:00 ] 127.0.0.1 /index.php/Home/Member/ajaxlogin.html
INFO: [ app_begin ] --START--
INFO: Run Behavior\ReadHtmlCacheBehavior [ RunTime:0.000528s ]
INFO: [ app_begin ] --END-- [ RunTime:0.000980s ]
INFO: [ app_end ] --START--
INFO: Run Behavior\ShowPageTraceBehavior [ RunTime:0.000741s ]
INFO: [ app_end ] --END-- [ RunTime:0.000830s ]

[ 2018-05-22T13:34:38+08:00 ] 127.0.0.1 /index.php/Home/Member/ajaxlogin.html
INFO: [ app_begin ] --START--
INFO: Run Behavior\ReadHtmlCacheBehavior [ RunTime:0.000792s ]
INFO: [ app_begin ] --END-- [ RunTime:0.001858s ]
INFO: [ app_end ] --START--
INFO: Run Behavior\ShowPageTraceBehavior [ RunTime:0.000845s ]
INFO: [ app_end ] --END-- [ RunTime:0.000935s ]

[ 2018-05-22T13:34:45+08:00 ] 127.0.0.1 /index.php/Home/Member/ajaxlogin.html
INFO: [ app_begin ] --START--
INFO: Run Behavior\ReadHtmlCacheBehavior [ RunTime:0.000912s ]
INFO: [ app_begin ] --END-- [ RunTime:0.001326s ]
INFO: [ app_end ] --START--
INFO: Run Behavior\ShowPageTraceBehavior [ RunTime:0.000469s ]
INFO: [ app_end ] --END-- [ RunTime:0.000513s ]

[ 2018-05-22T13:34:52+08:00 ] 127.0.0.1 /index.php/Home/Member/ajaxlogin.html
INFO: [ app_begin ] --START--
INFO: Run Behavior\ReadHtmlCacheBehavior [ RunTime:0.000588s ]
INFO: [ app_begin ] --END-- [ RunTime:0.001220s ]
INFO: [ app_end ] --START--
INFO: Run Behavior\ShowPageTraceBehavior [ RunTime:0.000762s ]
INFO: [ app_end ] --END-- [ RunTime:0.000849s ]

[ 2018-05-22T13:35:24+08:00 ] 127.0.0.1 /index.php/Home/Member/ajaxlogin.html
INFO: [ app_begin ] --START--
INFO: Run Behavior\ReadHtmlCacheBehavior [ RunTime:0.000822s ]
INFO: [ app_begin ] --END-- [ RunTime:0.001385s ]
INFO: [ app_end ] --START--
INFO: Run Behavior\ShowPageTraceBehavior [ RunTime:0.000520s ]
INFO: [ app_end ] --END-- [ RunTime:0.000568s ]

[ 2018-05-22T13:35:39+08:00 ] 127.0.0.1 /index.php/Home/Member/ajaxlogin.html
INFO: [ app_begin ] --START--
INFO: Run Behavior\ReadHtmlCacheBehavior [ RunTime:0.000658s ]
INFO: [ app_begin ] --END-- [ RunTime:0.001158s ]
INFO: [ app_end ] --START--
INFO: Run Behavior\ShowPageTraceBehavior [ RunTime:0.000697s ]
INFO: [ app_end ] --END-- [ RunTime:0.000775s ]

[ 2018-05-22T13:35:52+08:00 ] 127.0.0.1 /index.php/Home/Member/ajaxlogin.html
INFO: [ app_begin ] --START--
INFO: Run Behavior\ReadHtmlCacheBehavior [ RunTime:0.000503s ]
INFO: [ app_begin ] --END-- [ RunTime:0.000936s ]
INFO: [ app_end ] --START--
INFO: Run Behavior\ShowPageTraceBehavior [ RunTime:0.000565s ]
INFO: [ app_end ] --END-- [ RunTime:0.000626s ]

[ 2018-05-22T13:35:53+08:00 ] 127.0.0.1 /index.php/Home/Member/ajaxlogin.html
INFO: [ app_begin ] --START--
INFO: Run Behavior\ReadHtmlCacheBehavior [ RunTime:0.000671s ]
INFO: [ app_begin ] --END-- [ RunTime:0.001352s ]
INFO: [ app_end ] --START--
INFO: Run Behavior\ShowPageTraceBehavior [ RunTime:0.000505s ]
INFO: [ app_end ] --END-- [ RunTime:0.000551s ]

[ 2018-05-22T13:36:10+08:00 ] 127.0.0.1 /index.php/Home/Member/ajaxlogin.html
INFO: [ app_begin ] --START--
INFO: Run Behavior\ReadHtmlCacheBehavior [ RunTime:0.000498s ]
INFO: [ app_begin ] --END-- [ RunTime:0.000880s ]
INFO: [ app_end ] --START--
INFO: Run Behavior\ShowPageTraceBehavior [ RunTime:0.000808s ]
INFO: [ app_end ] --END-- [ RunTime:0.000895s ]

[ 2018-05-22T13:36:17+08:00 ] 127.0.0.1 /index.php/Home/Member/ajaxlogin.html
INFO: [ app_begin ] --START--
INFO: Run Behavior\ReadHtmlCacheBehavior [ RunTime:0.000752s ]
INFO: [ app_begin ] --END-- [ RunTime:0.001302s ]
INFO: [ app_end ] --START--
INFO: Run Behavior\ShowPageTraceBehavior [ RunTime:0.000719s ]
INFO: [ app_end ] --END-- [ RunTime:0.000795s ]

[ 2018-05-22T13:39:41+08:00 ] 127.0.0.1 /index.php/Home/Member/ajaxlogin.html
INFO: [ app_begin ] --START--
INFO: Run Behavior\ReadHtmlCacheBehavior [ RunTime:0.001383s ]
INFO: [ app_begin ] --END-- [ RunTime:0.002116s ]
INFO: [ app_end ] --START--
INFO: Run Behavior\ShowPageTraceBehavior [ RunTime:0.000730s ]
INFO: [ app_end ] --END-- [ RunTime:0.000817s ]

[ 2018-05-22T13:40:17+08:00 ] 127.0.0.1 /index.php/Home/Member/ajaxlogin.html
INFO: [ app_begin ] --START--
INFO: Run Behavior\ReadHtmlCacheBehavior [ RunTime:0.000889s ]
INFO: [ app_begin ] --END-- [ RunTime:0.001385s ]
INFO: [ app_end ] --START--
INFO: Run Behavior\ShowPageTraceBehavior [ RunTime:0.000673s ]
INFO: [ app_end ] --END-- [ RunTime:0.000722s ]

[ 2018-05-22T13:42:03+08:00 ] 127.0.0.1 /index.php/Home/Member/ajaxlogin.html
INFO: [ app_begin ] --START--
INFO: Run Behavior\ReadHtmlCacheBehavior [ RunTime:0.001341s ]
INFO: [ app_begin ] --END-- [ RunTime:0.002179s ]
INFO: [ app_end ] --START--
INFO: Run Behavior\ShowPageTraceBehavior [ RunTime:0.001346s ]
INFO: [ app_end ] --END-- [ RunTime:0.001458s ]

[ 2018-05-22T13:42:04+08:00 ] 127.0.0.1 /index.php/Home/Member/ajaxlogin.html
INFO: [ app_begin ] --START--
INFO: Run Behavior\ReadHtmlCacheBehavior [ RunTime:0.000807s ]
INFO: [ app_begin ] --END-- [ RunTime:0.001200s ]
INFO: [ app_end ] --START--
INFO: Run Behavior\ShowPageTraceBehavior [ RunTime:0.000499s ]
INFO: [ app_end ] --END-- [ RunTime:0.000555s ]

[ 2018-05-22T13:42:20+08:00 ] 127.0.0.1 /index.php/Home/Member/ajaxlogin.html
INFO: [ app_begin ] --START--
INFO: Run Behavior\ReadHtmlCacheBehavior [ RunTime:0.000721s ]
INFO: [ app_begin ] --END-- [ RunTime:0.001322s ]
INFO: [ app_end ] --START--
INFO: Run Behavior\ShowPageTraceBehavior [ RunTime:0.000638s ]
INFO: [ app_end ] --END-- [ RunTime:0.000712s ]

[ 2018-05-22T13:42:21+08:00 ] 127.0.0.1 /index.php/Home/Member/ajaxlogin.html
INFO: [ app_begin ] --START--
INFO: Run Behavior\ReadHtmlCacheBehavior [ RunTime:0.001429s ]
INFO: [ app_begin ] --END-- [ RunTime:0.002608s ]
INFO: [ app_end ] --START--
INFO: Run Behavior\ShowPageTraceBehavior [ RunTime:0.000917s ]
INFO: [ app_end ] --END-- [ RunTime:0.001043s ]

[ 2018-05-22T13:42:33+08:00 ] 127.0.0.1 /index.php/Home/Member/ajaxlogin.html
INFO: [ app_begin ] --START--
INFO: Run Behavior\ReadHtmlCacheBehavior [ RunTime:0.000719s ]
INFO: [ app_begin ] --END-- [ RunTime:0.001314s ]
INFO: [ app_end ] --START--
INFO: Run Behavior\ShowPageTraceBehavior [ RunTime:0.000545s ]
INFO: [ app_end ] --END-- [ RunTime:0.000595s ]

[ 2018-05-22T13:42:40+08:00 ] 127.0.0.1 /index.php/Home/Member/ajaxlogin.html
INFO: [ app_begin ] --START--
INFO: Run Behavior\ReadHtmlCacheBehavior [ RunTime:0.000605s ]
INFO: [ app_begin ] --END-- [ RunTime:0.001502s ]
INFO: [ app_end ] --START--
INFO: Run Behavior\ShowPageTraceBehavior [ RunTime:0.000479s ]
INFO: [ app_end ] --END-- [ RunTime:0.000522s ]

[ 2018-05-22T13:43:10+08:00 ] 127.0.0.1 /index.php/Home/Member/ajaxlogin.html
INFO: [ app_begin ] --START--
INFO: Run Behavior\ReadHtmlCacheBehavior [ RunTime:0.000530s ]
INFO: [ app_begin ] --END-- [ RunTime:0.000912s ]
INFO: [ app_end ] --START--
INFO: Run Behavior\ShowPageTraceBehavior [ RunTime:0.000689s ]
INFO: [ app_end ] --END-- [ RunTime:0.000764s ]

[ 2018-05-22T13:43:22+08:00 ] 127.0.0.1 /index.php/Home/Member/ajaxlogin.html
INFO: [ app_begin ] --START--
INFO: Run Behavior\ReadHtmlCacheBehavior [ RunTime:0.001088s ]
INFO: [ app_begin ] --END-- [ RunTime:0.001860s ]
INFO: [ app_end ] --START--
INFO: Run Behavior\ShowPageTraceBehavior [ RunTime:0.000848s ]
INFO: [ app_end ] --END-- [ RunTime:0.000937s ]

[ 2018-05-22T13:43:23+08:00 ] 127.0.0.1 /index.php/Home/Member/ajaxlogin.html
INFO: [ app_begin ] --START--
INFO: Run Behavior\ReadHtmlCacheBehavior [ RunTime:0.000903s ]
INFO: [ app_begin ] --END-- [ RunTime:0.002047s ]
INFO: [ app_end ] --START--
INFO: Run Behavior\ShowPageTraceBehavior [ RunTime:0.000686s ]
INFO: [ app_end ] --END-- [ RunTime:0.000768s ]

[ 2018-05-22T13:43:29+08:00 ] 127.0.0.1 /index.php/Home/Member/ajaxlogin.html
INFO: [ app_begin ] --START--
INFO: Run Behavior\ReadHtmlCacheBehavior [ RunTime:0.000602s ]
INFO: [ app_begin ] --END-- [ RunTime:0.001052s ]
INFO: [ app_end ] --START--
INFO: Run Behavior\ShowPageTraceBehavior [ RunTime:0.000645s ]
INFO: [ app_end ] --END-- [ RunTime:0.000717s ]

[ 2018-05-22T13:43:34+08:00 ] 127.0.0.1 /index.php/Home/Member/ajaxlogin.html
INFO: [ app_begin ] --START--
INFO: Run Behavior\ReadHtmlCacheBehavior [ RunTime:0.001144s ]
INFO: [ app_begin ] --END-- [ RunTime:0.001940s ]
INFO: [ app_end ] --START--
INFO: Run Behavior\ShowPageTraceBehavior [ RunTime:0.000508s ]
INFO: [ app_end ] --END-- [ RunTime:0.000565s ]

[ 2018-05-22T13:43:47+08:00 ] 127.0.0.1 /index.php/Home/Member/ajaxlogin.html
INFO: [ app_begin ] --START--
INFO: Run Behavior\ReadHtmlCacheBehavior [ RunTime:0.000512s ]
INFO: [ app_begin ] --END-- [ RunTime:0.000936s ]
INFO: [ app_end ] --START--
INFO: Run Behavior\ShowPageTraceBehavior [ RunTime:0.000590s ]
INFO: [ app_end ] --END-- [ RunTime:0.000657s ]

[ 2018-05-22T13:43:48+08:00 ] 127.0.0.1 /index.php/Home/Member/ajaxlogin.html
INFO: [ app_begin ] --START--
INFO: Run Behavior\ReadHtmlCacheBehavior [ RunTime:0.001331s ]
INFO: [ app_begin ] --END-- [ RunTime:0.002697s ]
INFO: [ app_end ] --START--
INFO: Run Behavior\ShowPageTraceBehavior [ RunTime:0.001063s ]
INFO: [ app_end ] --END-- [ RunTime:0.001171s ]

[ 2018-05-22T13:44:05+08:00 ] 127.0.0.1 /index.php/Home/Member/ajaxlogin.html
INFO: [ app_begin ] --START--
INFO: Run Behavior\ReadHtmlCacheBehavior [ RunTime:0.000634s ]
INFO: [ app_begin ] --END-- [ RunTime:0.001140s ]
INFO: [ app_end ] --START--
INFO: Run Behavior\ShowPageTraceBehavior [ RunTime:0.000898s ]
INFO: [ app_end ] --END-- [ RunTime:0.000975s ]

[ 2018-05-22T13:44:23+08:00 ] 127.0.0.1 /index.php/Home/Member/ajaxlogin.html
INFO: [ app_begin ] --START--
INFO: Run Behavior\ReadHtmlCacheBehavior [ RunTime:0.001027s ]
INFO: [ app_begin ] --END-- [ RunTime:0.001804s ]
INFO: [ app_end ] --START--
INFO: Run Behavior\ShowPageTraceBehavior [ RunTime:0.000777s ]
INFO: [ app_end ] --END-- [ RunTime:0.000866s ]

[ 2018-05-22T13:44:24+08:00 ] 127.0.0.1 /index.php/Home/Member/ajaxlogin.html
INFO: [ app_begin ] --START--
INFO: Run Behavior\ReadHtmlCacheBehavior [ RunTime:0.002837s ]
INFO: [ app_begin ] --END-- [ RunTime:0.003899s ]
INFO: [ app_end ] --START--
INFO: Run Behavior\ShowPageTraceBehavior [ RunTime:0.001125s ]
INFO: [ app_end ] --END-- [ RunTime:0.001232s ]

[ 2018-05-22T15:20:09+08:00 ] 127.0.0.1 /index.php/Home/Member/ajaxlogin.html
INFO: [ app_begin ] --START--
INFO: Run Behavior\ReadHtmlCacheBehavior [ RunTime:0.000512s ]
INFO: [ app_begin ] --END-- [ RunTime:0.000902s ]
INFO: [ app_end ] --START--
INFO: Run Behavior\ShowPageTraceBehavior [ RunTime:0.000611s ]
INFO: [ app_end ] --END-- [ RunTime:0.000669s ]

[ 2018-05-22T15:20:12+08:00 ] 127.0.0.1 /index.php/Home/Member/ajaxlogin.html
INFO: [ app_begin ] --START--
INFO: Run Behavior\ReadHtmlCacheBehavior [ RunTime:0.001677s ]
INFO: [ app_begin ] --END-- [ RunTime:0.003492s ]
INFO: [ app_end ] --START--
INFO: Run Behavior\ShowPageTraceBehavior [ RunTime:0.001142s ]
INFO: [ app_end ] --END-- [ RunTime:0.001253s ]

[ 2018-05-22T15:20:19+08:00 ] 127.0.0.1 /index.php/Home/Member/ajaxlogin.html
INFO: [ app_begin ] --START--
INFO: Run Behavior\ReadHtmlCacheBehavior [ RunTime:0.000692s ]
INFO: [ app_begin ] --END-- [ RunTime:0.001228s ]
INFO: [ app_end ] --START--
INFO: Run Behavior\ShowPageTraceBehavior [ RunTime:0.000585s ]
INFO: [ app_end ] --END-- [ RunTime:0.000657s ]

[ 2018-05-22T15:20:21+08:00 ] 127.0.0.1 /index.php/Home/Member/ajaxlogin.html
INFO: [ app_begin ] --START--
INFO: Run Behavior\ReadHtmlCacheBehavior [ RunTime:0.000773s ]
INFO: [ app_begin ] --END-- [ RunTime:0.001475s ]
INFO: [ app_end ] --START--
INFO: Run Behavior\ShowPageTraceBehavior [ RunTime:0.001013s ]
INFO: [ app_end ] --END-- [ RunTime:0.001126s ]

[ 2018-05-22T15:20:22+08:00 ] 127.0.0.1 /index.php/Home/Member/ajaxlogin.html
INFO: [ app_begin ] --START--
INFO: Run Behavior\ReadHtmlCacheBehavior [ RunTime:0.001612s ]
INFO: [ app_begin ] --END-- [ RunTime:0.002292s ]
INFO: [ app_end ] --START--
INFO: Run Behavior\ShowPageTraceBehavior [ RunTime:0.003216s ]
INFO: [ app_end ] --END-- [ RunTime:0.003372s ]

[ 2018-05-22T15:20:31+08:00 ] 127.0.0.1 /index.php/Home/Member/ajaxlogin.html
INFO: [ app_begin ] --START--
INFO: Run Behavior\ReadHtmlCacheBehavior [ RunTime:0.000680s ]
INFO: [ app_begin ] --END-- [ RunTime:0.001376s ]
INFO: [ app_end ] --START--
INFO: Run Behavior\ShowPageTraceBehavior [ RunTime:0.002392s ]
INFO: [ app_end ] --END-- [ RunTime:0.002604s ]

[ 2018-05-22T15:20:33+08:00 ] 127.0.0.1 /index.php/Home/Member/ajaxlogin.html
INFO: [ app_begin ] --START--
INFO: Run Behavior\ReadHtmlCacheBehavior [ RunTime:0.044932s ]
INFO: [ app_begin ] --END-- [ RunTime:0.045815s ]
INFO: [ app_end ] --START--
INFO: Run Behavior\ShowPageTraceBehavior [ RunTime:0.001006s ]
INFO: [ app_end ] --END-- [ RunTime:0.001110s ]

[ 2018-05-22T15:20:43+08:00 ] 127.0.0.1 /index.php/Home/Member/ajaxlogin.html
INFO: [ app_begin ] --START--
INFO: Run Behavior\ReadHtmlCacheBehavior [ RunTime:0.001047s ]
INFO: [ app_begin ] --END-- [ RunTime:0.001871s ]
INFO: [ app_end ] --START--
INFO: Run Behavior\ShowPageTraceBehavior [ RunTime:0.000781s ]
INFO: [ app_end ] --END-- [ RunTime:0.000863s ]

[ 2018-05-22T15:20:57+08:00 ] 127.0.0.1 /index.php/Home/Index/displayHistory/id/50.html
INFO: [ app_begin ] --START--
INFO: Run Behavior\ReadHtmlCacheBehavior [ RunTime:0.000934s ]
INFO: [ app_begin ] --END-- [ RunTime:0.001388s ]
SQL: SHOW COLUMNS FROM `php_category` [ RunTime:0.0447s ]
SQL: SHOW COLUMNS FROM `php_goods` [ RunTime:0.0313s ]
SQL: SELECT `id`,`goods_name`,`mid_logo` FROM `php_goods` WHERE `id` IN ('50') AND `is_on_sale` = '是' ORDER BY field(id,50)  [ RunTime:0.0005s ]
INFO: [ app_end ] --START--
INFO: Run Behavior\ShowPageTraceBehavior [ RunTime:0.001102s ]
INFO: [ app_end ] --END-- [ RunTime:0.001229s ]

[ 2018-05-22T15:20:57+08:00 ] 127.0.0.1 /index.php/Home/Comment/ajaxGetPl/goods_id/50/page/1
INFO: [ app_begin ] --START--
INFO: Run Behavior\ReadHtmlCacheBehavior [ RunTime:0.100525s ]
INFO: [ app_begin ] --END-- [ RunTime:0.101025s ]
SQL: SHOW COLUMNS FROM `php_comment` [ RunTime:0.0212s ]
SQL: SELECT COUNT(*) AS tp_count FROM php_comment a WHERE a.goods_id = '50' LIMIT 1   [ RunTime:0.0006s ]
SQL: SELECT `star` FROM `php_comment` WHERE (  goods_id ) AND (  50 )  [ RunTime:0.0003s ]
SQL: SHOW COLUMNS FROM `php_yinxiang` [ RunTime:0.0229s ]
SQL: SELECT `id`,`yx_name`,`yx_count` FROM `php_yinxiang` WHERE (  goods_id ) AND (  50 )  [ RunTime:0.0005s ]
SQL: SELECT a.id,a.content,a.addtime,a.star,a.click_count,b.username,b.face,count(c.id) reply_count FROM php_comment a LEFT JOIN php_member b ON a.member_id=b.id
                    LEFT JOIN php_comment_reply c ON a.id=c.comment_id  GROUP BY a.id ORDER BY a.id desc LIMIT 0,5   [ RunTime:0.0005s ]
SQL: SHOW COLUMNS FROM `php_comment_reply` [ RunTime:0.0204s ]
SQL: SELECT a.content,a.addtime,b.username,b.face FROM php_comment_reply a LEFT JOIN php_member b ON a.member_id=b.id  WHERE a.comment_id = '29' ORDER BY a.addtime desc LIMIT 5   [ RunTime:0.0007s ]
SQL: SELECT a.content,a.addtime,b.username,b.face FROM php_comment_reply a LEFT JOIN php_member b ON a.member_id=b.id  WHERE a.comment_id = '28' ORDER BY a.addtime desc LIMIT 5   [ RunTime:0.0002s ]
SQL: SELECT a.content,a.addtime,b.username,b.face FROM php_comment_reply a LEFT JOIN php_member b ON a.member_id=b.id  WHERE a.comment_id = '27' ORDER BY a.addtime desc LIMIT 5   [ RunTime:0.0002s ]
SQL: SELECT a.content,a.addtime,b.username,b.face FROM php_comment_reply a LEFT JOIN php_member b ON a.member_id=b.id  WHERE a.comment_id = '26' ORDER BY a.addtime desc LIMIT 5   [ RunTime:0.0002s ]
SQL: SELECT a.content,a.addtime,b.username,b.face FROM php_comment_reply a LEFT JOIN php_member b ON a.member_id=b.id  WHERE a.comment_id = '25' ORDER BY a.addtime desc LIMIT 5   [ RunTime:0.0001s ]
INFO: [ app_end ] --START--
INFO: Run Behavior\ShowPageTraceBehavior [ RunTime:0.000745s ]
INFO: [ app_end ] --END-- [ RunTime:0.000786s ]

[ 2018-05-22T15:20:57+08:00 ] 127.0.0.1 /index.php/Home/Index/ajaxGetMemberPrice/goods_id/50.html
INFO: [ app_begin ] --START--
INFO: Run Behavior\ReadHtmlCacheBehavior [ RunTime:0.234636s ]
INFO: [ app_begin ] --END-- [ RunTime:0.235619s ]
SQL: SHOW COLUMNS FROM `php_category` [ RunTime:0.0248s ]
SQL: SHOW COLUMNS FROM `php_goods` [ RunTime:0.0188s ]
SQL: SELECT `promote_price` FROM `php_goods` WHERE `id` = '50' AND `promote_price` > 0 AND `promote_start_date` <= '2018-05-22 15:20:57' AND `promote_end_date` >= '2018-05-22 15:20:57' LIMIT 1   [ RunTime:0.0003s ]
SQL: SHOW COLUMNS FROM `php_member_price` [ RunTime:0.0208s ]
SQL: SELECT `price` FROM `php_member_price` WHERE `level_id` = '3' AND `goods_id` = '50' LIMIT 1   [ RunTime:0.0149s ]
INFO: [ app_end ] --START--
INFO: Run Behavior\ShowPageTraceBehavior [ RunTime:0.000976s ]
INFO: [ app_end ] --END-- [ RunTime:0.001019s ]

[ 2018-05-22T15:20:57+08:00 ] 127.0.0.1 /index.php/Home/Member/ajaxlogin.html
INFO: [ app_begin ] --START--
INFO: Run Behavior\ReadHtmlCacheBehavior [ RunTime:0.342796s ]
INFO: [ app_begin ] --END-- [ RunTime:0.343682s ]
INFO: [ app_end ] --START--
INFO: Run Behavior\ShowPageTraceBehavior [ RunTime:0.000851s ]
INFO: [ app_end ] --END-- [ RunTime:0.000922s ]

[ 2018-05-22T15:21:07+08:00 ] 127.0.0.1 /index.php/Home/Member/ajaxlogin.html
INFO: [ app_begin ] --START--
INFO: Run Behavior\ReadHtmlCacheBehavior [ RunTime:0.000891s ]
INFO: [ app_begin ] --END-- [ RunTime:0.001408s ]
INFO: [ app_end ] --START--
INFO: Run Behavior\ShowPageTraceBehavior [ RunTime:0.000999s ]
INFO: [ app_end ] --END-- [ RunTime:0.001112s ]

[ 2018-05-22T15:23:14+08:00 ] 127.0.0.1 /index.php/Home/Member/ajaxlogin.html
INFO: [ app_begin ] --START--
INFO: Run Behavior\ReadHtmlCacheBehavior [ RunTime:0.001210s ]
INFO: [ app_begin ] --END-- [ RunTime:0.001874s ]
INFO: [ app_end ] --START--
INFO: Run Behavior\ShowPageTraceBehavior [ RunTime:0.001107s ]
INFO: [ app_end ] --END-- [ RunTime:0.001209s ]

[ 2018-05-22T15:23:15+08:00 ] 127.0.0.1 /index.php/Home/Member/ajaxlogin.html
INFO: [ app_begin ] --START--
INFO: Run Behavior\ReadHtmlCacheBehavior [ RunTime:0.001124s ]
INFO: [ app_begin ] --END-- [ RunTime:0.001624s ]
INFO: [ app_end ] --START--
INFO: Run Behavior\ShowPageTraceBehavior [ RunTime:0.000858s ]
INFO: [ app_end ] --END-- [ RunTime:0.000944s ]

[ 2018-05-22T15:23:16+08:00 ] 127.0.0.1 /index.php/Home/Member/ajaxlogin.html
INFO: [ app_begin ] --START--
INFO: Run Behavior\ReadHtmlCacheBehavior [ RunTime:0.000882s ]
INFO: [ app_begin ] --END-- [ RunTime:0.001357s ]
INFO: [ app_end ] --START--
INFO: Run Behavior\ShowPageTraceBehavior [ RunTime:0.000477s ]
INFO: [ app_end ] --END-- [ RunTime:0.000520s ]

[ 2018-05-22T15:23:16+08:00 ] 127.0.0.1 /index.php/Home/Member/ajaxlogin.html
INFO: [ app_begin ] --START--
INFO: Run Behavior\ReadHtmlCacheBehavior [ RunTime:0.000823s ]
INFO: [ app_begin ] --END-- [ RunTime:0.001222s ]
INFO: [ app_end ] --START--
INFO: Run Behavior\ShowPageTraceBehavior [ RunTime:0.000584s ]
INFO: [ app_end ] --END-- [ RunTime:0.000637s ]

[ 2018-05-22T15:23:16+08:00 ] 127.0.0.1 /index.php/Home/Member/ajaxlogin.html
INFO: [ app_begin ] --START--
INFO: Run Behavior\ReadHtmlCacheBehavior [ RunTime:0.000857s ]
INFO: [ app_begin ] --END-- [ RunTime:0.001408s ]
INFO: [ app_end ] --START--
INFO: Run Behavior\ShowPageTraceBehavior [ RunTime:0.000666s ]
INFO: [ app_end ] --END-- [ RunTime:0.000732s ]

[ 2018-05-22T15:23:17+08:00 ] 127.0.0.1 /index.php/Home/Member/ajaxlogin.html
INFO: [ app_begin ] --START--
INFO: Run Behavior\ReadHtmlCacheBehavior [ RunTime:0.000834s ]
INFO: [ app_begin ] --END-- [ RunTime:0.001255s ]
INFO: [ app_end ] --START--
INFO: Run Behavior\ShowPageTraceBehavior [ RunTime:0.000628s ]
INFO: [ app_end ] --END-- [ RunTime:0.000698s ]

[ 2018-05-22T15:23:17+08:00 ] 127.0.0.1 /index.php/Home/Member/ajaxlogin.html
INFO: [ app_begin ] --START--
INFO: Run Behavior\ReadHtmlCacheBehavior [ RunTime:0.000721s ]
INFO: [ app_begin ] --END-- [ RunTime:0.001090s ]
INFO: [ app_end ] --START--
INFO: Run Behavior\ShowPageTraceBehavior [ RunTime:0.000668s ]
INFO: [ app_end ] --END-- [ RunTime:0.000740s ]

[ 2018-05-22T15:23:17+08:00 ] 127.0.0.1 /index.php/Home/Member/ajaxlogin.html
INFO: [ app_begin ] --START--
INFO: Run Behavior\ReadHtmlCacheBehavior [ RunTime:0.001524s ]
INFO: [ app_begin ] --END-- [ RunTime:0.002370s ]
INFO: [ app_end ] --START--
INFO: Run Behavior\ShowPageTraceBehavior [ RunTime:0.000979s ]
INFO: [ app_end ] --END-- [ RunTime:0.001091s ]

[ 2018-05-22T15:23:24+08:00 ] 127.0.0.1 /index.php/Home/Member/ajaxlogin.html
INFO: [ app_begin ] --START--
INFO: Run Behavior\ReadHtmlCacheBehavior [ RunTime:0.002084s ]
INFO: [ app_begin ] --END-- [ RunTime:0.003386s ]
INFO: [ app_end ] --START--
INFO: Run Behavior\ShowPageTraceBehavior [ RunTime:0.000677s ]
INFO: [ app_end ] --END-- [ RunTime:0.000752s ]

[ 2018-05-22T15:23:34+08:00 ] 127.0.0.1 /index.php/Home/Member/ajaxlogin.html
INFO: [ app_begin ] --START--
INFO: Run Behavior\ReadHtmlCacheBehavior [ RunTime:0.000696s ]
INFO: [ app_begin ] --END-- [ RunTime:0.001428s ]
INFO: [ app_end ] --START--
INFO: Run Behavior\ShowPageTraceBehavior [ RunTime:0.000754s ]
INFO: [ app_end ] --END-- [ RunTime:0.000863s ]

[ 2018-05-22T15:23:43+08:00 ] 127.0.0.1 /index.php/Home/Member/ajaxlogin.html
INFO: [ app_begin ] --START--
INFO: Run Behavior\ReadHtmlCacheBehavior [ RunTime:0.000904s ]
INFO: [ app_begin ] --END-- [ RunTime:0.001628s ]
INFO: [ app_end ] --START--
INFO: Run Behavior\ShowPageTraceBehavior [ RunTime:0.000691s ]
INFO: [ app_end ] --END-- [ RunTime:0.000776s ]

[ 2018-05-22T15:23:56+08:00 ] 127.0.0.1 /index.php/Home/Member/ajaxlogin.html
INFO: [ app_begin ] --START--
INFO: Run Behavior\ReadHtmlCacheBehavior [ RunTime:0.000706s ]
INFO: [ app_begin ] --END-- [ RunTime:0.001301s ]
INFO: [ app_end ] --START--
INFO: Run Behavior\ShowPageTraceBehavior [ RunTime:0.000483s ]
INFO: [ app_end ] --END-- [ RunTime:0.000535s ]

[ 2018-05-22T15:24:02+08:00 ] 127.0.0.1 /index.php/Home/Member/ajaxlogin.html
INFO: [ app_begin ] --START--
INFO: Run Behavior\ReadHtmlCacheBehavior [ RunTime:0.000872s ]
INFO: [ app_begin ] --END-- [ RunTime:0.001514s ]
INFO: [ app_end ] --START--
INFO: Run Behavior\ShowPageTraceBehavior [ RunTime:0.000820s ]
INFO: [ app_end ] --END-- [ RunTime:0.000916s ]

[ 2018-05-22T15:24:04+08:00 ] 127.0.0.1 /index.php/Home/Member/ajaxlogin.html
INFO: [ app_begin ] --START--
INFO: Run Behavior\ReadHtmlCacheBehavior [ RunTime:0.000920s ]
INFO: [ app_begin ] --END-- [ RunTime:0.001615s ]
INFO: [ app_end ] --START--
INFO: Run Behavior\ShowPageTraceBehavior [ RunTime:0.000753s ]
INFO: [ app_end ] --END-- [ RunTime:0.000834s ]

[ 2018-05-22T15:24:26+08:00 ] 127.0.0.1 /index.php/Home/Member/ajaxlogin.html
INFO: [ app_begin ] --START--
INFO: Run Behavior\ReadHtmlCacheBehavior [ RunTime:0.000693s ]
INFO: [ app_begin ] --END-- [ RunTime:0.001406s ]
INFO: [ app_end ] --START--
INFO: Run Behavior\ShowPageTraceBehavior [ RunTime:0.000904s ]
INFO: [ app_end ] --END-- [ RunTime:0.001014s ]

[ 2018-05-22T15:26:55+08:00 ] 127.0.0.1 /index.php/Home/Member/ajaxlogin.html
INFO: [ app_begin ] --START--
INFO: Run Behavior\ReadHtmlCacheBehavior [ RunTime:0.000962s ]
INFO: [ app_begin ] --END-- [ RunTime:0.001595s ]
INFO: [ app_end ] --START--
INFO: Run Behavior\ShowPageTraceBehavior [ RunTime:0.000649s ]
INFO: [ app_end ] --END-- [ RunTime:0.000721s ]

[ 2018-05-22T15:26:57+08:00 ] 127.0.0.1 /index.php/Home/Member/ajaxlogin.html
INFO: [ app_begin ] --START--
INFO: Run Behavior\ReadHtmlCacheBehavior [ RunTime:0.011621s ]
INFO: [ app_begin ] --END-- [ RunTime:0.012483s ]
INFO: [ app_end ] --START--
INFO: Run Behavior\ShowPageTraceBehavior [ RunTime:0.001003s ]
INFO: [ app_end ] --END-- [ RunTime:0.001100s ]

[ 2018-05-22T15:30:35+08:00 ] 127.0.0.1 /index.php/Home/Member/ajaxlogin.html
INFO: [ app_begin ] --START--
INFO: Run Behavior\ReadHtmlCacheBehavior [ RunTime:0.001813s ]
INFO: [ app_begin ] --END-- [ RunTime:0.002675s ]
INFO: [ app_end ] --START--
INFO: Run Behavior\ShowPageTraceBehavior [ RunTime:0.000932s ]
INFO: [ app_end ] --END-- [ RunTime:0.001002s ]

[ 2018-05-22T15:30:37+08:00 ] 127.0.0.1 /index.php/Home/Member/ajaxlogin.html
INFO: [ app_begin ] --START--
INFO: Run Behavior\ReadHtmlCacheBehavior [ RunTime:0.001147s ]
INFO: [ app_begin ] --END-- [ RunTime:0.001565s ]
INFO: [ app_end ] --START--
INFO: Run Behavior\ShowPageTraceBehavior [ RunTime:0.001040s ]
INFO: [ app_end ] --END-- [ RunTime:0.001162s ]

[ 2018-05-22T15:30:38+08:00 ] 127.0.0.1 /index.php/Home/Member/ajaxlogin.html
INFO: [ app_begin ] --START--
INFO: Run Behavior\ReadHtmlCacheBehavior [ RunTime:0.001126s ]
INFO: [ app_begin ] --END-- [ RunTime:0.001525s ]
INFO: [ app_end ] --START--
INFO: Run Behavior\ShowPageTraceBehavior [ RunTime:0.000668s ]
INFO: [ app_end ] --END-- [ RunTime:0.000743s ]

[ 2018-05-22T15:30:40+08:00 ] 127.0.0.1 /index.php/Home/Member/ajaxlogin.html
INFO: [ app_begin ] --START--
INFO: Run Behavior\ReadHtmlCacheBehavior [ RunTime:0.001921s ]
INFO: [ app_begin ] --END-- [ RunTime:0.002710s ]
INFO: [ app_end ] --START--
INFO: Run Behavior\ShowPageTraceBehavior [ RunTime:0.000496s ]
INFO: [ app_end ] --END-- [ RunTime:0.000545s ]

[ 2018-05-22T15:30:42+08:00 ] 127.0.0.1 /index.php/Home/Member/ajaxlogin.html
INFO: [ app_begin ] --START--
INFO: Run Behavior\ReadHtmlCacheBehavior [ RunTime:0.001196s ]
INFO: [ app_begin ] --END-- [ RunTime:0.001628s ]
INFO: [ app_end ] --START--
INFO: Run Behavior\ShowPageTraceBehavior [ RunTime:0.000591s ]
INFO: [ app_end ] --END-- [ RunTime:0.000655s ]

[ 2018-05-22T15:30:43+08:00 ] 127.0.0.1 /index.php/Home/Member/ajaxlogin.html
INFO: [ app_begin ] --START--
INFO: Run Behavior\ReadHtmlCacheBehavior [ RunTime:0.011705s ]
INFO: [ app_begin ] --END-- [ RunTime:0.013155s ]
INFO: [ app_end ] --START--
INFO: Run Behavior\ShowPageTraceBehavior [ RunTime:0.001299s ]
INFO: [ app_end ] --END-- [ RunTime:0.001523s ]

[ 2018-05-22T15:30:55+08:00 ] 127.0.0.1 /index.php/Home/Member/ajaxlogin.html
INFO: [ app_begin ] --START--
INFO: Run Behavior\ReadHtmlCacheBehavior [ RunTime:0.001260s ]
INFO: [ app_begin ] --END-- [ RunTime:0.001834s ]
INFO: [ app_end ] --START--
INFO: Run Behavior\ShowPageTraceBehavior [ RunTime:0.000593s ]
INFO: [ app_end ] --END-- [ RunTime:0.000660s ]

[ 2018-05-22T15:30:57+08:00 ] 127.0.0.1 /index.php/Home/Member/ajaxlogin.html
INFO: [ app_begin ] --START--
INFO: Run Behavior\ReadHtmlCacheBehavior [ RunTime:0.005910s ]
INFO: [ app_begin ] --END-- [ RunTime:0.006827s ]
INFO: [ app_end ] --START--
INFO: Run Behavior\ShowPageTraceBehavior [ RunTime:0.001701s ]
INFO: [ app_end ] --END-- [ RunTime:0.001848s ]

[ 2018-05-22T15:30:58+08:00 ] 127.0.0.1 /index.php/Home/Member/ajaxlogin.html
INFO: [ app_begin ] --START--
INFO: Run Behavior\ReadHtmlCacheBehavior [ RunTime:0.024512s ]
INFO: [ app_begin ] --END-- [ RunTime:0.025132s ]
INFO: [ app_end ] --START--
INFO: Run Behavior\ShowPageTraceBehavior [ RunTime:0.001136s ]
INFO: [ app_end ] --END-- [ RunTime:0.001238s ]

[ 2018-05-22T15:31:13+08:00 ] 127.0.0.1 /index.php/Home/Member/ajaxlogin.html
INFO: [ app_begin ] --START--
INFO: Run Behavior\ReadHtmlCacheBehavior [ RunTime:0.001113s ]
INFO: [ app_begin ] --END-- [ RunTime:0.001672s ]
INFO: [ app_end ] --START--
INFO: Run Behavior\ShowPageTraceBehavior [ RunTime:0.000829s ]
INFO: [ app_end ] --END-- [ RunTime:0.000931s ]

[ 2018-05-22T15:31:30+08:00 ] 127.0.0.1 /index.php/Home/Member/ajaxlogin.html
INFO: [ app_begin ] --START--
INFO: Run Behavior\ReadHtmlCacheBehavior [ RunTime:0.000686s ]
INFO: [ app_begin ] --END-- [ RunTime:0.001096s ]
INFO: [ app_end ] --START--
INFO: Run Behavior\ShowPageTraceBehavior [ RunTime:0.000461s ]
INFO: [ app_end ] --END-- [ RunTime:0.000502s ]

[ 2018-05-22T15:34:11+08:00 ] 127.0.0.1 /index.php/Home/Member/ajaxlogin.html
INFO: [ app_begin ] --START--
INFO: Run Behavior\ReadHtmlCacheBehavior [ RunTime:0.000700s ]
INFO: [ app_begin ] --END-- [ RunTime:0.001056s ]
INFO: [ app_end ] --START--
INFO: Run Behavior\ShowPageTraceBehavior [ RunTime:0.001084s ]
INFO: [ app_end ] --END-- [ RunTime:0.001163s ]

[ 2018-05-22T15:34:11+08:00 ] 127.0.0.1 /index.php/Home/Member/ajaxlogin.html
INFO: [ app_begin ] --START--
INFO: Run Behavior\ReadHtmlCacheBehavior [ RunTime:0.000630s ]
INFO: [ app_begin ] --END-- [ RunTime:0.001090s ]
INFO: [ app_end ] --START--
INFO: Run Behavior\ShowPageTraceBehavior [ RunTime:0.000485s ]
INFO: [ app_end ] --END-- [ RunTime:0.000528s ]

[ 2018-05-22T15:34:11+08:00 ] 127.0.0.1 /index.php/Home/Member/ajaxlogin.html
INFO: [ app_begin ] --START--
INFO: Run Behavior\ReadHtmlCacheBehavior [ RunTime:0.001156s ]
INFO: [ app_begin ] --END-- [ RunTime:0.001895s ]
INFO: [ app_end ] --START--
INFO: Run Behavior\ShowPageTraceBehavior [ RunTime:0.000473s ]
INFO: [ app_end ] --END-- [ RunTime:0.000515s ]

[ 2018-05-22T15:34:19+08:00 ] 127.0.0.1 /index.php/Home/Member/ajaxlogin.html
INFO: [ app_begin ] --START--
INFO: Run Behavior\ReadHtmlCacheBehavior [ RunTime:0.000619s ]
INFO: [ app_begin ] --END-- [ RunTime:0.001018s ]
INFO: [ app_end ] --START--
INFO: Run Behavior\ShowPageTraceBehavior [ RunTime:0.000838s ]
INFO: [ app_end ] --END-- [ RunTime:0.000947s ]

[ 2018-05-22T15:34:28+08:00 ] 127.0.0.1 /index.php/Home/Member/ajaxlogin.html
INFO: [ app_begin ] --START--
INFO: Run Behavior\ReadHtmlCacheBehavior [ RunTime:0.001053s ]
INFO: [ app_begin ] --END-- [ RunTime:0.001804s ]
INFO: [ app_end ] --START--
INFO: Run Behavior\ShowPageTraceBehavior [ RunTime:0.000607s ]
INFO: [ app_end ] --END-- [ RunTime:0.000673s ]

[ 2018-05-22T15:36:22+08:00 ] 127.0.0.1 /index.php/Home/Member/ajaxlogin.html
INFO: [ app_begin ] --START--
INFO: Run Behavior\ReadHtmlCacheBehavior [ RunTime:0.001561s ]
INFO: [ app_begin ] --END-- [ RunTime:0.002401s ]
INFO: [ app_end ] --START--
INFO: Run Behavior\ShowPageTraceBehavior [ RunTime:0.000897s ]
INFO: [ app_end ] --END-- [ RunTime:0.000998s ]

[ 2018-05-22T15:37:13+08:00 ] 127.0.0.1 /index.php/Home/Member/ajaxlogin.html
INFO: [ app_begin ] --START--
INFO: Run Behavior\ReadHtmlCacheBehavior [ RunTime:0.001609s ]
INFO: [ app_begin ] --END-- [ RunTime:0.002801s ]
INFO: [ app_end ] --START--
INFO: Run Behavior\ShowPageTraceBehavior [ RunTime:0.001250s ]
INFO: [ app_end ] --END-- [ RunTime:0.001409s ]

[ 2018-05-22T15:37:18+08:00 ] 127.0.0.1 /index.php/Home/Member/ajaxlogin.html
INFO: [ app_begin ] --START--
INFO: Run Behavior\ReadHtmlCacheBehavior [ RunTime:0.000794s ]
INFO: [ app_begin ] --END-- [ RunTime:0.001446s ]
INFO: [ app_end ] --START--
INFO: Run Behavior\ShowPageTraceBehavior [ RunTime:0.000644s ]
INFO: [ app_end ] --END-- [ RunTime:0.000711s ]

[ 2018-05-22T15:37:19+08:00 ] 127.0.0.1 /index.php/Home/Member/ajaxlogin.html
INFO: [ app_begin ] --START--
INFO: Run Behavior\ReadHtmlCacheBehavior [ RunTime:0.000984s ]
INFO: [ app_begin ] --END-- [ RunTime:0.001881s ]
INFO: [ app_end ] --START--
INFO: Run Behavior\ShowPageTraceBehavior [ RunTime:0.000553s ]
INFO: [ app_end ] --END-- [ RunTime:0.000608s ]

[ 2018-05-22T15:37:20+08:00 ] 127.0.0.1 /index.php/Home/Member/ajaxlogin.html
INFO: [ app_begin ] --START--
INFO: Run Behavior\ReadHtmlCacheBehavior [ RunTime:0.000632s ]
INFO: [ app_begin ] --END-- [ RunTime:0.001112s ]
INFO: [ app_end ] --START--
INFO: Run Behavior\ShowPageTraceBehavior [ RunTime:0.000521s ]
INFO: [ app_end ] --END-- [ RunTime:0.000567s ]

[ 2018-05-22T15:37:20+08:00 ] 127.0.0.1 /index.php/Home/Member/ajaxlogin.html
INFO: [ app_begin ] --START--
INFO: Run Behavior\ReadHtmlCacheBehavior [ RunTime:0.000951s ]
INFO: [ app_begin ] --END-- [ RunTime:0.002005s ]
INFO: [ app_end ] --START--
INFO: Run Behavior\ShowPageTraceBehavior [ RunTime:0.000482s ]
INFO: [ app_end ] --END-- [ RunTime:0.000527s ]

[ 2018-05-22T15:37:21+08:00 ] 127.0.0.1 /index.php/Home/Member/ajaxlogin.html
INFO: [ app_begin ] --START--
INFO: Run Behavior\ReadHtmlCacheBehavior [ RunTime:0.000620s ]
INFO: [ app_begin ] --END-- [ RunTime:0.001081s ]
INFO: [ app_end ] --START--
INFO: Run Behavior\ShowPageTraceBehavior [ RunTime:0.000473s ]
INFO: [ app_end ] --END-- [ RunTime:0.000514s ]

[ 2018-05-22T15:37:21+08:00 ] 127.0.0.1 /index.php/Home/Member/ajaxlogin.html
INFO: [ app_begin ] --START--
INFO: Run Behavior\ReadHtmlCacheBehavior [ RunTime:0.000661s ]
INFO: [ app_begin ] --END-- [ RunTime:0.001135s ]
INFO: [ app_end ] --START--
INFO: Run Behavior\ShowPageTraceBehavior [ RunTime:0.000467s ]
INFO: [ app_end ] --END-- [ RunTime:0.000509s ]

[ 2018-05-22T15:37:21+08:00 ] 127.0.0.1 /index.php/Home/Member/ajaxlogin.html
INFO: [ app_begin ] --START--
INFO: Run Behavior\ReadHtmlCacheBehavior [ RunTime:0.000634s ]
INFO: [ app_begin ] --END-- [ RunTime:0.001120s ]
INFO: [ app_end ] --START--
INFO: Run Behavior\ShowPageTraceBehavior [ RunTime:0.001300s ]
INFO: [ app_end ] --END-- [ RunTime:0.001440s ]

[ 2018-05-22T15:37:22+08:00 ] 127.0.0.1 /index.php/Home/Member/ajaxlogin.html
INFO: [ app_begin ] --START--
INFO: Run Behavior\ReadHtmlCacheBehavior [ RunTime:0.001054s ]
INFO: [ app_begin ] --END-- [ RunTime:0.001736s ]
INFO: [ app_end ] --START--
INFO: Run Behavior\ShowPageTraceBehavior [ RunTime:0.000637s ]
INFO: [ app_end ] --END-- [ RunTime:0.000720s ]

[ 2018-05-22T15:38:56+08:00 ] 127.0.0.1 /index.php/Home/Member/ajaxlogin.html
INFO: [ app_begin ] --START--
INFO: Run Behavior\ReadHtmlCacheBehavior [ RunTime:0.001570s ]
INFO: [ app_begin ] --END-- [ RunTime:0.002153s ]
INFO: [ app_end ] --START--
INFO: Run Behavior\ShowPageTraceBehavior [ RunTime:0.000729s ]
INFO: [ app_end ] --END-- [ RunTime:0.000826s ]

[ 2018-05-22T15:38:58+08:00 ] 127.0.0.1 /index.php/Home/Member/ajaxlogin.html
INFO: [ app_begin ] --START--
INFO: Run Behavior\ReadHtmlCacheBehavior [ RunTime:0.001009s ]
INFO: [ app_begin ] --END-- [ RunTime:0.001525s ]
INFO: [ app_end ] --START--
INFO: Run Behavior\ShowPageTraceBehavior [ RunTime:0.001158s ]
INFO: [ app_end ] --END-- [ RunTime:0.001240s ]

[ 2018-05-22T15:39:16+08:00 ] 127.0.0.1 /index.php/Home/Member/ajaxlogin.html
INFO: [ app_begin ] --START--
INFO: Run Behavior\ReadHtmlCacheBehavior [ RunTime:0.001050s ]
INFO: [ app_begin ] --END-- [ RunTime:0.001512s ]
INFO: [ app_end ] --START--
INFO: Run Behavior\ShowPageTraceBehavior [ RunTime:0.000681s ]
INFO: [ app_end ] --END-- [ RunTime:0.000753s ]

[ 2018-05-22T15:39:18+08:00 ] 127.0.0.1 /index.php/Home/Member/ajaxlogin.html
INFO: [ app_begin ] --START--
INFO: Run Behavior\ReadHtmlCacheBehavior [ RunTime:0.016700s ]
INFO: [ app_begin ] --END-- [ RunTime:0.017191s ]
INFO: [ app_end ] --START--
INFO: Run Behavior\ShowPageTraceBehavior [ RunTime:0.000814s ]
INFO: [ app_end ] --END-- [ RunTime:0.000887s ]

[ 2018-05-22T15:39:21+08:00 ] 127.0.0.1 /index.php/Home/Member/ajaxlogin.html
INFO: [ app_begin ] --START--
INFO: Run Behavior\ReadHtmlCacheBehavior [ RunTime:0.000827s ]
INFO: [ app_begin ] --END-- [ RunTime:0.001342s ]
INFO: [ app_end ] --START--
INFO: Run Behavior\ShowPageTraceBehavior [ RunTime:0.000513s ]
INFO: [ app_end ] --END-- [ RunTime:0.000580s ]

