[ 2018-05-02T12:59:40+08:00 ] ::1 /svnphp/Public/Uploads/.Goods/2018-05-02/sm_5ae92c6ff01b0.jpg
INFO: [ app_init ] --START--
INFO: Run Behavior\BuildLiteBehavior [ RunTime:0.000017s ]
INFO: [ app_init ] --END-- [ RunTime:0.000515s ]
ERR: 无法加载模块:Public

[ 2018-05-02T12:59:42+08:00 ] ::1 /svnphp/Public/Uploads/.Goods/2018-05-02/sm_5ae92c6ff01b0.jpg
INFO: [ app_init ] --START--
INFO: Run Behavior\BuildLiteBehavior [ RunTime:0.000016s ]
INFO: [ app_init ] --END-- [ RunTime:0.000613s ]
ERR: 无法加载模块:Public

[ 2018-05-02T12:59:44+08:00 ] ::1 /svnphp/Public/Uploads/.Goods/2018-05-02/sm_5ae92c6ff01b0.jpg
INFO: [ app_init ] --START--
INFO: Run Behavior\BuildLiteBehavior [ RunTime:0.000013s ]
INFO: [ app_init ] --END-- [ RunTime:0.000495s ]
ERR: 无法加载模块:Public

[ 2018-05-02T12:59:45+08:00 ] ::1 /svnphp/Public/Uploads/.Goods/2018-05-02/sm_5ae92c6ff01b0.jpg
INFO: [ app_init ] --START--
INFO: Run Behavior\BuildLiteBehavior [ RunTime:0.000019s ]
INFO: [ app_init ] --END-- [ RunTime:0.000537s ]
ERR: 无法加载模块:Public

[ 2018-05-02T12:59:45+08:00 ] ::1 /svnphp/Public/Uploads/.Goods/2018-05-02/sm_5ae92c6ff01b0.jpg
INFO: [ app_init ] --START--
INFO: Run Behavior\BuildLiteBehavior [ RunTime:0.000019s ]
INFO: [ app_init ] --END-- [ RunTime:0.000547s ]
ERR: 无法加载模块:Public

[ 2018-05-02T12:59:45+08:00 ] ::1 /svnphp/Public/Uploads/.Goods/2018-05-02/sm_5ae92c6ff01b0.jpg
INFO: [ app_init ] --START--
INFO: Run Behavior\BuildLiteBehavior [ RunTime:0.000013s ]
INFO: [ app_init ] --END-- [ RunTime:0.000473s ]
ERR: 无法加载模块:Public

[ 2018-05-02T19:46:43+08:00 ] ::1 /svnphp/Public/datetimepicker/jquery-ui-1.9.2.custom.min.css
ERR: 无法加载模块:Public

[ 2018-05-02T19:46:43+08:00 ] ::1 /svnphp/Public/datetimepicker/jquery-1.7.2.min.js
ERR: 无法加载模块:Public

载模块:Public

[ 2018-05-02T19:46:44+08:00 ] ::1 /svnphp/Public/datetimepicker/time/jquery-ui-timepicker-addon.min.css
ERR: 无法加载模块:Public

[ 2018-05-02T19:46:44+08:00 ] ::1 /svnphp/Public/datetimepicker/jquery-ui-1.9.2.custom.min.css
ERR: 无法加载模块:Public

[ 2018-05-02T19:46:44+08:00 ] ::1 /svnphp/Public/datetimepicker/jquery-1.7.2.min.js
ERR: 无法加载模块:Public

[ 2018-05-02T19:46:44+08:00 ] ::1 /svnphp/Public/datetimepicker/time/i18n/jquery-ui-timepicker-addon-i18n.min.js
ERR: 无法加载模块:Public

[ 2018-05-02T19:46:44+08:00 ] ::1 /svnphp/Public/datetimepicker/datepicker-zh_cn.js
ERR: 无法加载模块:Public

[ 2018-05-02T19:46:44+08:00 ] ::1 /svnphp/Public/datetimepicker/time/jquery-ui-timepicker-addon.min.js
ERR: 无法加载模块:Public

[ 2018-05-02T19:46:44+08:00 ] ::1 /svnphp/Public/datetimepicker/jquery-ui-1.9.2.custom.min.js
ERR: 无法加载模块:Public

[ 2018-05-02T19:46:44+08:00 ] ::1 /svnphp/Public/datetimepicker/datepicker-zh_cn.js
ERR: 无法加载模块:Public

[ 2018-05-02T19:46:44+08:00 ] ::1 /svnphp/Public/datetimepicker/jquery-1.7.2.min.js
ERR: 无法加载模块:Public

[ 2018-05-02T19:46:44+08:00 ] ::1 /svnphp/Public/datetimepicker/jquery-ui-1.9.2.custom.min.css
ERR: 无法加载模块:Public

[ 2018-05-02T19:46:44+08:00 ] ::1 /svnphp/Public/datetimepicker/time/jquery-ui-timepicker-addon.min.css
ERR: 无法加载模块:Public

[ 2018-05-02T19:46:44+08:00 ] ::1 /svnphp/Public/datetimepicker/jquery-ui-1.9.2.custom.min.js
ERR: 无法加载模块:Public

[ 2018-05-02T19:46:44+08:00 ] ::1 /svnphp/Public/datetimepicker/time/jquery-ui-timepicker-addon.min.js
ERR: 无法加载模块:Public

[ 2018-05-02T19:46:44+08:00 ] ::1 /svnphp/Public/datetimepicker/datepicker-zh_cn.js
ERR: 无法加载模块:Public

[ 2018-05-02T19:46:44+08:00 ] ::1 /svnphp/Public/datetimepicker/time/i18n/jquery-ui-timepicker-addon-i18n.min.js
ERR: 无法加载模块:Public

[ 2018-05-02T19:46:44+08:00 ] ::1 /svnphp/Public/datetimepicker/time/jquery-ui-timepicker-addon.min.js
ERR: 无法加载模块:Public

[ 2018-05-02T19:46:44+08:00 ] ::1 /svnphp/Public/datetimepicker/time/jquery-ui-timepicker-addon.min.css
ERR: 无法加载模块:Public

[ 2018-05-02T19:46:44+08:00 ] ::1 /svnphp/Public/datetimepicker/jquery-ui-1.9.2.custom.min.css
ERR: 无法加载模块:Public

[ 2018-05-02T19:46:44+08:00 ] ::1 /svnphp/Public/datetimepicker/jquery-1.7.2.min.js
ERR: 无法加载模块:Public

[ 2018-05-02T19:46:44+08:00 ] ::1 /svnphp/Public/datetimepicker/time/jquery-ui-timepicker-addon.min.css
ERR: 无法加载模块:Public

[ 2018-05-02T19:46:44+08:00 ] ::1 /svnphp/Public/datetimepicker/time/i18n/jquery-ui-timepicker-addon-i18n.min.js
ERR: 无法加载模块:Public

[ 2018-05-02T19:46:44+08:00 ] ::1 /svnphp/Public/datetimepicker/datepicker-zh_cn.js
ERR: 无法加载模块:Public

[ 2018-05-02T19:46:44+08:00 ] ::1 /svnphp/Public/datetimepicker/time/jquery-ui-timepicker-addon.min.js
ERR: 无法加载模块:Public

[ 2018-05-02T19:46:44+08:00 ] ::1 /svnphp/Public/datetimepicker/jquery-ui-1.9.2.custom.min.js
ERR: 无法加载模块:Public

[ 2018-05-02T19:46:44+08:00 ] ::1 /svnphp/Public/datetimepicker/datepicker-zh_cn.js
ERR: 无法加载模块:Public

[ 2018-05-02T19:46:44+08:00 ] ::1 /svnphp/Public/datetimepicker/time/jquery-ui-timepicker-addon.min.css
ERR: 无法加载模块:Public

[ 2018-05-02T19:46:44+08:00 ] ::1 /svnphp/Public/datetimepicker/time/jquery-ui-timepicker-addon.min.js
ERR: 无法加载模块:Public

[ 2018-05-02T19:46:44+08:00 ] ::1 /svnphp/Public/datetimepicker/time/i18n/jquery-ui-timepicker-addon-i18n.min.js
ERR: 无法加载模块:Public

