[ 2018-05-03T10:00:25+08:00 ] ::1 /svnphp/index.php/Admin/Goods/edit/id/9.html
ERR: Think\Controller:getError方法不存在！

[ 2018-05-03T10:00:50+08:00 ] ::1 /svnphp/index.php/Admin/Goods/edit/id/9.html
ERR: Think\Controller:getError方法不存在！

[ 2018-05-03T10:01:26+08:00 ] ::1 /svnphp/index.php/Admin/Goods/edit/id/9.html
ERR: Think\Controller:getError方法不存在！

[ 2018-05-03T10:01:32+08:00 ] ::1 /svnphp/index.php/Admin/Goods/edit/id/9.html
ERR: Think\Controller:getError方法不存在！

[ 2018-05-03T10:28:43+08:00 ] ::1 /svnphp/index.php/Admin/Goods/__GROUP__/Goods/goodsAdd
ERR: 非法操作:__GROUP__

[ 2018-05-03T10:46:10+08:00 ] ::1 /svnphp/index.php/Admin/Goods/edit/id/10.html
ERR: Think\Controller:getError方法不存在！

[ 2018-05-03T11:23:36+08:00 ] ::1 /svnphp/index.php/Admin/Goods/edit/id/12.html
ERR: Think\Controller:getError方法不存在！

[ 2018-05-03T11:25:25+08:00 ] ::1 /svnphp/index.php/Admin/Goods/edit/id/12.html
ERR: Think\Controller:getError方法不存在！

[ 2018-05-03T14:44:16+08:00 ] ::1 /svnphp/index.php/Admin/Goods/%3C%7B_page_btn_link%7D%3E
ERR: 非法操作:

[ 2018-05-03T14:45:55+08:00 ] ::1 /svnphp/index.php/Admin/index/Add.html
ERR: 非法操作:Add

[ 2018-05-03T14:48:07+08:00 ] ::1 /svnphp/index.php/Admin/index/Add.html
ERR: 非法操作:Add

[ 2018-05-03T15:56:12+08:00 ] ::1 /svnphp/index.php/Admin/Goods/$image[
ERR: 非法操作:$image[

[ 2018-05-03T15:57:56+08:00 ] ::1 /svnphp/index.php/Admin/Goods/%7B$image[
ERR: 非法操作:{$image[

[ 2018-05-03T16:03:47+08:00 ] ::1 /svnphp/index.php/Admin/Goods/Public/Uploads/Goods/2018-05-03/sm_5aea9e33d68af.jpeg
ERR: 非法操作:Public

[ 2018-05-03T16:03:59+08:00 ] ::1 /svnphp/index.php/Admin/Goods/Public/Uploads/Goods/2018-05-03/sm_5aea9e33d68af.jpeg
ERR: 非法操作:Public

[ 2018-05-03T16:03:59+08:00 ] ::1 /svnphp/index.php/Admin/Goods/Public/Uploads/Goods/2018-05-03/sm_5aea9e33d68af.jpeg
ERR: 非法操作:Public

[ 2018-05-03T16:03:59+08:00 ] ::1 /svnphp/index.php/Admin/Goods/Public/Uploads/Goods/2018-05-03/sm_5aea9e33d68af.jpeg
ERR: 非法操作:Public

[ 2018-05-03T16:04:00+08:00 ] ::1 /svnphp/index.php/Admin/Goods/Public/Uploads/Goods/2018-05-03/sm_5aea9e33d68af.jpeg
ERR: 非法操作:Public

[ 2018-05-03T16:07:33+08:00 ] ::1 /svnphp/index.php/Admin/Goods/Public/Uploads/Goods/2018-05-03/sm_5aea9e33d68af.jpeg
ERR: 非法操作:Public

[ 2018-05-03T20:49:55+08:00 ] 127.0.0.1 /index.php/Admin/index/lst.html
ERR: 非法操作:lst

