[ 2018-05-14T15:10:23+08:00 ] 127.0.0.1 /index.php/Admin/Goods/ajaxGetAttr/type_id/1
INFO: [ app_begin ] --START--
INFO: Run Behavior\ReadHtmlCacheBehavior [ RunTime:0.000498s ]
INFO: [ app_begin ] --END-- [ RunTime:0.000964s ]
SQL: SHOW COLUMNS FROM `php_privilege` [ RunTime:0.0251s ]
SQL: SHOW COLUMNS FROM `php_attribute` [ RunTime:0.0209s ]
SQL: SELECT * FROM `php_attribute` WHERE `type_id` = '1'  [ RunTime:0.0005s ]
INFO: [ app_end ] --START--
INFO: Run Behavior\ShowPageTraceBehavior [ RunTime:0.000755s ]
INFO: [ app_end ] --END-- [ RunTime:0.000795s ]

[ 2018-05-14T15:11:34+08:00 ] 127.0.0.1 /index.php/Admin/Goods/ajaxDelAttr/goods_id/29/goods_attr_id/35
INFO: [ app_begin ] --START--
INFO: Run Behavior\ReadHtmlCacheBehavior [ RunTime:0.000481s ]
INFO: [ app_begin ] --END-- [ RunTime:0.000944s ]
SQL: SHOW COLUMNS FROM `php_privilege` [ RunTime:0.0317s ]
SQL: SHOW COLUMNS FROM `php_goods_attr` [ RunTime:0.0209s ]
SQL: DELETE FROM `php_goods_attr` WHERE `id` = 35 [ RunTime:0.0370s ]
SQL: SHOW COLUMNS FROM `php_goods_number` [ RunTime:0.0446s ]
ERR: 1064:You have an error in your SQL syntax; check the manual that corresponds to your MariaDB server version for the right syntax to use near '' at line 1
 [ SQL语句 ] : DELETE FROM `php_goods_number` WHERE `goods_id` =29 AND find_in_set(35,`goods_attr_id_list)
ERR: 1064:You have an error in your SQL syntax; check the manual that corresponds to your MariaDB server version for the right syntax to use near '' at line 1
 [ SQL语句 ] : DELETE FROM `php_goods_number` WHERE `goods_id` =29 AND find_in_set(35,`goods_attr_id_list)

[ 2018-05-14T15:15:31+08:00 ] 127.0.0.1 /index.php/Admin/Index/__GROUP__/User/userList
ERR: 非法操作:__GROUP__

[ 2018-05-14T15:15:33+08:00 ] 127.0.0.1 /index.php/Admin/Index/__GROUP__/Comment/commentList
ERR: 非法操作:__GROUP__

[ 2018-05-14T15:15:34+08:00 ] 127.0.0.1 /index.php/Admin/Index/__GROUP__/User/userList
ERR: 非法操作:__GROUP__

[ 2018-05-14T15:15:34+08:00 ] 127.0.0.1 /index.php/Admin/Index/__GROUP__/Comment/commentList
ERR: 非法操作:__GROUP__

[ 2018-05-14T20:46:43+08:00 ] 127.0.0.1 /index.php/Admin/Goods/edit/id/46.html
ERR: Think\Controller:getError方法不存在！

[ 2018-05-14T20:56:44+08:00 ] 127.0.0.1 /index.php/Admin/Goods/edit/id/47.html
ERR: Think\Controller:getError方法不存在！

[ 2018-05-14T20:58:43+08:00 ] 127.0.0.1 /index.php/Admin/Goods/edit/id/47.html
ERR: Think\Controller:getError方法不存在！

[ 2018-05-14T21:01:47+08:00 ] 127.0.0.1 /index.php/Admin/Goods/edit/id/47.html
ERR: Think\Controller:getError方法不存在！

[ 2018-05-14T21:04:43+08:00 ] 127.0.0.1 /index.php/Admin/Goods/edit/id/47.html
ERR: Think\Controller:getError方法不存在！

[ 2018-05-14T21:09:25+08:00 ] 127.0.0.1 /index.php/Admin/Goods/ajaxGetAttr/type_id/1
INFO: [ app_begin ] --START--
INFO: Run Behavior\ReadHtmlCacheBehavior [ RunTime:0.000889s ]
INFO: [ app_begin ] --END-- [ RunTime:0.001372s ]
SQL: SHOW COLUMNS FROM `php_privilege` [ RunTime:0.0221s ]
SQL: SHOW COLUMNS FROM `php_attribute` [ RunTime:0.0196s ]
SQL: SELECT * FROM `php_attribute` WHERE `type_id` = '1'  [ RunTime:0.0006s ]
INFO: [ app_end ] --START--
INFO: Run Behavior\ShowPageTraceBehavior [ RunTime:0.001164s ]
INFO: [ app_end ] --END-- [ RunTime:0.001205s ]

[ 2018-05-14T21:09:33+08:00 ] 127.0.0.1 /index.php/Admin/Goods/ajaxDelAttr/goods_id/47/goods_attr_id/undefined
INFO: [ app_begin ] --START--
INFO: Run Behavior\ReadHtmlCacheBehavior [ RunTime:0.000872s ]
INFO: [ app_begin ] --END-- [ RunTime:0.001360s ]
SQL: SHOW COLUMNS FROM `php_privilege` [ RunTime:0.0261s ]
SQL: SHOW COLUMNS FROM `php_goods_attr` [ RunTime:0.0203s ]
SQL: DELETE FROM `php_goods_attr` WHERE `id` = 0 [ RunTime:0.0004s ]
SQL: SHOW COLUMNS FROM `php_goods_number` [ RunTime:0.0197s ]
ERR: 1064:You have an error in your SQL syntax; check the manual that corresponds to your MariaDB server version for the right syntax to use near '' at line 1
 [ SQL语句 ] : DELETE FROM `php_goods_number` WHERE `goods_id` =47 AND find_in_set(undefined,`goods_attr_id_list)
ERR: 1064:You have an error in your SQL syntax; check the manual that corresponds to your MariaDB server version for the right syntax to use near '' at line 1
 [ SQL语句 ] : DELETE FROM `php_goods_number` WHERE `goods_id` =47 AND find_in_set(undefined,`goods_attr_id_list)

[ 2018-05-14T21:09:36+08:00 ] 127.0.0.1 /index.php/Admin/Goods/ajaxDelAttr/goods_id/47/goods_attr_id/undefined
INFO: [ app_begin ] --START--
INFO: Run Behavior\ReadHtmlCacheBehavior [ RunTime:0.001412s ]
INFO: [ app_begin ] --END-- [ RunTime:0.002643s ]
SQL: SHOW COLUMNS FROM `php_privilege` [ RunTime:0.0261s ]
SQL: SHOW COLUMNS FROM `php_goods_attr` [ RunTime:0.0195s ]
SQL: DELETE FROM `php_goods_attr` WHERE `id` = 0 [ RunTime:0.0004s ]
SQL: SHOW COLUMNS FROM `php_goods_number` [ RunTime:0.0189s ]
ERR: 1064:You have an error in your SQL syntax; check the manual that corresponds to your MariaDB server version for the right syntax to use near '' at line 1
 [ SQL语句 ] : DELETE FROM `php_goods_number` WHERE `goods_id` =47 AND find_in_set(undefined,`goods_attr_id_list)
ERR: 1064:You have an error in your SQL syntax; check the manual that corresponds to your MariaDB server version for the right syntax to use near '' at line 1
 [ SQL语句 ] : DELETE FROM `php_goods_number` WHERE `goods_id` =47 AND find_in_set(undefined,`goods_attr_id_list)

[ 2018-05-14T21:09:46+08:00 ] 127.0.0.1 /index.php/Admin/Goods/ajaxGetAttr/type_id/1
INFO: [ app_begin ] --START--
INFO: Run Behavior\ReadHtmlCacheBehavior [ RunTime:0.000874s ]
INFO: [ app_begin ] --END-- [ RunTime:0.001355s ]
SQL: SHOW COLUMNS FROM `php_privilege` [ RunTime:0.0229s ]
SQL: SHOW COLUMNS FROM `php_attribute` [ RunTime:0.0199s ]
SQL: SELECT * FROM `php_attribute` WHERE `type_id` = '1'  [ RunTime:0.0004s ]
INFO: [ app_end ] --START--
INFO: Run Behavior\ShowPageTraceBehavior [ RunTime:0.001104s ]
INFO: [ app_end ] --END-- [ RunTime:0.001146s ]

[ 2018-05-14T21:09:49+08:00 ] 127.0.0.1 /index.php/Admin/Goods/ajaxDelAttr/goods_id/47/goods_attr_id/undefined
INFO: [ app_begin ] --START--
INFO: Run Behavior\ReadHtmlCacheBehavior [ RunTime:0.000947s ]
INFO: [ app_begin ] --END-- [ RunTime:0.001427s ]
SQL: SHOW COLUMNS FROM `php_privilege` [ RunTime:0.0252s ]
SQL: SHOW COLUMNS FROM `php_goods_attr` [ RunTime:0.0201s ]
SQL: DELETE FROM `php_goods_attr` WHERE `id` = 0 [ RunTime:0.0003s ]
SQL: SHOW COLUMNS FROM `php_goods_number` [ RunTime:0.0207s ]
ERR: 1064:You have an error in your SQL syntax; check the manual that corresponds to your MariaDB server version for the right syntax to use near '' at line 1
 [ SQL语句 ] : DELETE FROM `php_goods_number` WHERE `goods_id` =47 AND find_in_set(undefined,`goods_attr_id_list)
ERR: 1064:You have an error in your SQL syntax; check the manual that corresponds to your MariaDB server version for the right syntax to use near '' at line 1
 [ SQL语句 ] : DELETE FROM `php_goods_number` WHERE `goods_id` =47 AND find_in_set(undefined,`goods_attr_id_list)

[ 2018-05-14T21:10:01+08:00 ] 127.0.0.1 /index.php/Admin/Goods/ajaxGetAttr/type_id/1
INFO: [ app_begin ] --START--
INFO: Run Behavior\ReadHtmlCacheBehavior [ RunTime:0.000866s ]
INFO: [ app_begin ] --END-- [ RunTime:0.001386s ]
SQL: SHOW COLUMNS FROM `php_privilege` [ RunTime:0.0247s ]
SQL: SHOW COLUMNS FROM `php_attribute` [ RunTime:0.0215s ]
SQL: SELECT * FROM `php_attribute` WHERE `type_id` = '1'  [ RunTime:0.0004s ]
INFO: [ app_end ] --START--
INFO: Run Behavior\ShowPageTraceBehavior [ RunTime:0.001145s ]
INFO: [ app_end ] --END-- [ RunTime:0.001188s ]

[ 2018-05-14T21:10:57+08:00 ] 127.0.0.1 /index.php/Admin/Goods/ajaxGetAttr/type_id/1
INFO: [ app_begin ] --START--
INFO: Run Behavior\ReadHtmlCacheBehavior [ RunTime:0.000974s ]
INFO: [ app_begin ] --END-- [ RunTime:0.001674s ]
SQL: SHOW COLUMNS FROM `php_privilege` [ RunTime:0.0306s ]
SQL: SHOW COLUMNS FROM `php_attribute` [ RunTime:0.0295s ]
SQL: SELECT * FROM `php_attribute` WHERE `type_id` = '1'  [ RunTime:0.0006s ]
INFO: [ app_end ] --START--
INFO: Run Behavior\ShowPageTraceBehavior [ RunTime:0.001262s ]
INFO: [ app_end ] --END-- [ RunTime:0.001313s ]

[ 2018-05-14T21:11:12+08:00 ] 127.0.0.1 /index.php/Admin/Goods/ajaxGetAttr/type_id/1
INFO: [ app_begin ] --START--
INFO: Run Behavior\ReadHtmlCacheBehavior [ RunTime:0.000862s ]
INFO: [ app_begin ] --END-- [ RunTime:0.001331s ]
SQL: SHOW COLUMNS FROM `php_privilege` [ RunTime:0.0224s ]
SQL: SHOW COLUMNS FROM `php_attribute` [ RunTime:0.0186s ]
SQL: SELECT * FROM `php_attribute` WHERE `type_id` = '1'  [ RunTime:0.0004s ]
INFO: [ app_end ] --START--
INFO: Run Behavior\ShowPageTraceBehavior [ RunTime:0.001096s ]
INFO: [ app_end ] --END-- [ RunTime:0.001140s ]

[ 2018-05-14T21:11:16+08:00 ] 127.0.0.1 /index.php/Admin/Goods/ajaxDelAttr/goods_id/47/goods_attr_id/undefined
INFO: [ app_begin ] --START--
INFO: Run Behavior\ReadHtmlCacheBehavior [ RunTime:0.000869s ]
INFO: [ app_begin ] --END-- [ RunTime:0.001336s ]
SQL: SHOW COLUMNS FROM `php_privilege` [ RunTime:0.0234s ]
SQL: SHOW COLUMNS FROM `php_goods_attr` [ RunTime:0.0199s ]
SQL: DELETE FROM `php_goods_attr` WHERE `id` = 0 [ RunTime:0.0003s ]
SQL: SHOW COLUMNS FROM `php_goods_number` [ RunTime:0.0247s ]
ERR: 1064:You have an error in your SQL syntax; check the manual that corresponds to your MariaDB server version for the right syntax to use near '' at line 1
 [ SQL语句 ] : DELETE FROM `php_goods_number` WHERE `goods_id` =47 AND find_in_set(undefined,`goods_attr_id_list)
ERR: 1064:You have an error in your SQL syntax; check the manual that corresponds to your MariaDB server version for the right syntax to use near '' at line 1
 [ SQL语句 ] : DELETE FROM `php_goods_number` WHERE `goods_id` =47 AND find_in_set(undefined,`goods_attr_id_list)

[ 2018-05-14T21:11:19+08:00 ] 127.0.0.1 /index.php/Admin/Goods/ajaxDelAttr/goods_id/47/goods_attr_id/undefined
INFO: [ app_begin ] --START--
INFO: Run Behavior\ReadHtmlCacheBehavior [ RunTime:0.001587s ]
INFO: [ app_begin ] --END-- [ RunTime:0.002537s ]
SQL: SHOW COLUMNS FROM `php_privilege` [ RunTime:0.0267s ]
SQL: SHOW COLUMNS FROM `php_goods_attr` [ RunTime:0.0195s ]
SQL: DELETE FROM `php_goods_attr` WHERE `id` = 0 [ RunTime:0.0003s ]
SQL: SHOW COLUMNS FROM `php_goods_number` [ RunTime:0.0200s ]
ERR: 1064:You have an error in your SQL syntax; check the manual that corresponds to your MariaDB server version for the right syntax to use near '' at line 1
 [ SQL语句 ] : DELETE FROM `php_goods_number` WHERE `goods_id` =47 AND find_in_set(undefined,`goods_attr_id_list)
ERR: 1064:You have an error in your SQL syntax; check the manual that corresponds to your MariaDB server version for the right syntax to use near '' at line 1
 [ SQL语句 ] : DELETE FROM `php_goods_number` WHERE `goods_id` =47 AND find_in_set(undefined,`goods_attr_id_list)

[ 2018-05-14T21:11:21+08:00 ] 127.0.0.1 /index.php/Admin/Goods/ajaxDelAttr/goods_id/47/goods_attr_id/undefined
INFO: [ app_begin ] --START--
INFO: Run Behavior\ReadHtmlCacheBehavior [ RunTime:0.000870s ]
INFO: [ app_begin ] --END-- [ RunTime:0.001334s ]
SQL: SHOW COLUMNS FROM `php_privilege` [ RunTime:0.0228s ]
SQL: SHOW COLUMNS FROM `php_goods_attr` [ RunTime:0.0192s ]
SQL: DELETE FROM `php_goods_attr` WHERE `id` = 0 [ RunTime:0.0002s ]
SQL: SHOW COLUMNS FROM `php_goods_number` [ RunTime:0.0194s ]
ERR: 1064:You have an error in your SQL syntax; check the manual that corresponds to your MariaDB server version for the right syntax to use near '' at line 1
 [ SQL语句 ] : DELETE FROM `php_goods_number` WHERE `goods_id` =47 AND find_in_set(undefined,`goods_attr_id_list)
ERR: 1064:You have an error in your SQL syntax; check the manual that corresponds to your MariaDB server version for the right syntax to use near '' at line 1
 [ SQL语句 ] : DELETE FROM `php_goods_number` WHERE `goods_id` =47 AND find_in_set(undefined,`goods_attr_id_list)

[ 2018-05-14T21:11:23+08:00 ] 127.0.0.1 /index.php/Admin/Goods/ajaxDelAttr/goods_id/47/goods_attr_id/undefined
INFO: [ app_begin ] --START--
INFO: Run Behavior\ReadHtmlCacheBehavior [ RunTime:0.000888s ]
INFO: [ app_begin ] --END-- [ RunTime:0.001340s ]
SQL: SHOW COLUMNS FROM `php_privilege` [ RunTime:0.0226s ]
SQL: SHOW COLUMNS FROM `php_goods_attr` [ RunTime:0.0184s ]
SQL: DELETE FROM `php_goods_attr` WHERE `id` = 0 [ RunTime:0.0004s ]
SQL: SHOW COLUMNS FROM `php_goods_number` [ RunTime:0.0189s ]
ERR: 1064:You have an error in your SQL syntax; check the manual that corresponds to your MariaDB server version for the right syntax to use near '' at line 1
 [ SQL语句 ] : DELETE FROM `php_goods_number` WHERE `goods_id` =47 AND find_in_set(undefined,`goods_attr_id_list)
ERR: 1064:You have an error in your SQL syntax; check the manual that corresponds to your MariaDB server version for the right syntax to use near '' at line 1
 [ SQL语句 ] : DELETE FROM `php_goods_number` WHERE `goods_id` =47 AND find_in_set(undefined,`goods_attr_id_list)

[ 2018-05-14T21:11:52+08:00 ] 127.0.0.1 /index.php/Admin/Goods/ajaxGetAttr/type_id/1
INFO: [ app_begin ] --START--
INFO: Run Behavior\ReadHtmlCacheBehavior [ RunTime:0.000887s ]
INFO: [ app_begin ] --END-- [ RunTime:0.001405s ]
SQL: SHOW COLUMNS FROM `php_privilege` [ RunTime:0.0244s ]
SQL: SHOW COLUMNS FROM `php_attribute` [ RunTime:0.0206s ]
SQL: SELECT * FROM `php_attribute` WHERE `type_id` = '1'  [ RunTime:0.0004s ]
INFO: [ app_end ] --START--
INFO: Run Behavior\ShowPageTraceBehavior [ RunTime:0.001102s ]
INFO: [ app_end ] --END-- [ RunTime:0.001144s ]

[ 2018-05-14T21:11:58+08:00 ] 127.0.0.1 /index.php/Admin/Goods/ajaxDelAttr/goods_id/47/goods_attr_id/undefined
INFO: [ app_begin ] --START--
INFO: Run Behavior\ReadHtmlCacheBehavior [ RunTime:0.000499s ]
INFO: [ app_begin ] --END-- [ RunTime:0.000876s ]
SQL: SHOW COLUMNS FROM `php_privilege` [ RunTime:0.0311s ]
SQL: SHOW COLUMNS FROM `php_goods_attr` [ RunTime:0.0205s ]
SQL: DELETE FROM `php_goods_attr` WHERE `id` = 0 [ RunTime:0.0003s ]
SQL: SHOW COLUMNS FROM `php_goods_number` [ RunTime:0.0210s ]
ERR: 1064:You have an error in your SQL syntax; check the manual that corresponds to your MariaDB server version for the right syntax to use near '' at line 1
 [ SQL语句 ] : DELETE FROM `php_goods_number` WHERE `goods_id` =47 AND find_in_set(undefined,`goods_attr_id_list)
ERR: 1064:You have an error in your SQL syntax; check the manual that corresponds to your MariaDB server version for the right syntax to use near '' at line 1
 [ SQL语句 ] : DELETE FROM `php_goods_number` WHERE `goods_id` =47 AND find_in_set(undefined,`goods_attr_id_list)

[ 2018-05-14T21:15:30+08:00 ] 127.0.0.1 /index.php/Admin/Goods/ajaxGetAttr/type_id/1
INFO: [ app_begin ] --START--
INFO: Run Behavior\ReadHtmlCacheBehavior [ RunTime:0.000534s ]
INFO: [ app_begin ] --END-- [ RunTime:0.001126s ]
SQL: SHOW COLUMNS FROM `php_privilege` [ RunTime:0.0223s ]
SQL: SHOW COLUMNS FROM `php_attribute` [ RunTime:0.0190s ]
SQL: SELECT * FROM `php_attribute` WHERE `type_id` = '1'  [ RunTime:0.0004s ]
INFO: [ app_end ] --START--
INFO: Run Behavior\ShowPageTraceBehavior [ RunTime:0.001020s ]
INFO: [ app_end ] --END-- [ RunTime:0.001064s ]

[ 2018-05-14T21:15:35+08:00 ] 127.0.0.1 /index.php/Admin/Goods/ajaxDelAttr/goods_id/47/goods_attr_id/undefined
INFO: [ app_begin ] --START--
INFO: Run Behavior\ReadHtmlCacheBehavior [ RunTime:0.000707s ]
INFO: [ app_begin ] --END-- [ RunTime:0.001386s ]
SQL: SHOW COLUMNS FROM `php_privilege` [ RunTime:0.0235s ]
SQL: SHOW COLUMNS FROM `php_goods_attr` [ RunTime:0.0200s ]
SQL: DELETE FROM `php_goods_attr` WHERE `id` = 0 [ RunTime:0.0003s ]
SQL: SHOW COLUMNS FROM `php_goods_number` [ RunTime:0.0195s ]
ERR: 1064:You have an error in your SQL syntax; check the manual that corresponds to your MariaDB server version for the right syntax to use near '' at line 1
 [ SQL语句 ] : DELETE FROM `php_goods_number` WHERE `goods_id` =47 AND find_in_set(undefined,`goods_attr_id_list)
ERR: 1064:You have an error in your SQL syntax; check the manual that corresponds to your MariaDB server version for the right syntax to use near '' at line 1
 [ SQL语句 ] : DELETE FROM `php_goods_number` WHERE `goods_id` =47 AND find_in_set(undefined,`goods_attr_id_list)

[ 2018-05-14T21:18:06+08:00 ] 127.0.0.1 /index.php/Admin/Goods/ajaxDelAttr/goods_id/47/goods_attr_id/undefined
INFO: [ app_begin ] --START--
INFO: Run Behavior\ReadHtmlCacheBehavior [ RunTime:0.001203s ]
INFO: [ app_begin ] --END-- [ RunTime:0.001886s ]
SQL: SHOW COLUMNS FROM `php_privilege` [ RunTime:0.0218s ]
SQL: SHOW COLUMNS FROM `php_goods_attr` [ RunTime:0.0193s ]
SQL: DELETE FROM `php_goods_attr` WHERE `id` = 0 [ RunTime:0.0003s ]
SQL: SHOW COLUMNS FROM `php_goods_number` [ RunTime:0.0186s ]
ERR: 1064:You have an error in your SQL syntax; check the manual that corresponds to your MariaDB server version for the right syntax to use near '' at line 1
 [ SQL语句 ] : DELETE FROM `php_goods_number` WHERE `goods_id` =47 AND find_in_set(undefined,`goods_attr_id_list)
ERR: 1064:You have an error in your SQL syntax; check the manual that corresponds to your MariaDB server version for the right syntax to use near '' at line 1
 [ SQL语句 ] : DELETE FROM `php_goods_number` WHERE `goods_id` =47 AND find_in_set(undefined,`goods_attr_id_list)

[ 2018-05-14T21:18:39+08:00 ] 127.0.0.1 /index.php/Admin/Goods/ajaxGetAttr/type_id/1
INFO: [ app_begin ] --START--
INFO: Run Behavior\ReadHtmlCacheBehavior [ RunTime:0.000537s ]
INFO: [ app_begin ] --END-- [ RunTime:0.000987s ]
SQL: SHOW COLUMNS FROM `php_privilege` [ RunTime:0.0217s ]
SQL: SHOW COLUMNS FROM `php_attribute` [ RunTime:0.0184s ]
SQL: SELECT * FROM `php_attribute` WHERE `type_id` = '1'  [ RunTime:0.0004s ]
INFO: [ app_end ] --START--
INFO: Run Behavior\ShowPageTraceBehavior [ RunTime:0.001027s ]
INFO: [ app_end ] --END-- [ RunTime:0.001066s ]

[ 2018-05-14T21:19:13+08:00 ] 127.0.0.1 /index.php/Admin/Goods/ajaxDelAttr/goods_id/47/goods_attr_id/undefined
INFO: [ app_begin ] --START--
INFO: Run Behavior\ReadHtmlCacheBehavior [ RunTime:0.001157s ]
INFO: [ app_begin ] --END-- [ RunTime:0.001689s ]
SQL: SHOW COLUMNS FROM `php_privilege` [ RunTime:0.0269s ]
SQL: SHOW COLUMNS FROM `php_goods_attr` [ RunTime:0.0202s ]
SQL: DELETE FROM `php_goods_attr` WHERE `id` = 0 [ RunTime:0.0002s ]
SQL: SHOW COLUMNS FROM `php_goods_number` [ RunTime:0.0203s ]
ERR: 1064:You have an error in your SQL syntax; check the manual that corresponds to your MariaDB server version for the right syntax to use near '' at line 1
 [ SQL语句 ] : DELETE FROM `php_goods_number` WHERE `goods_id` =47 AND find_in_set(undefined,`goods_attr_id_list)
ERR: 1064:You have an error in your SQL syntax; check the manual that corresponds to your MariaDB server version for the right syntax to use near '' at line 1
 [ SQL语句 ] : DELETE FROM `php_goods_number` WHERE `goods_id` =47 AND find_in_set(undefined,`goods_attr_id_list)

[ 2018-05-14T21:24:34+08:00 ] 127.0.0.1 /index.php/Admin/Goods/ajaxGetAttr/type_id/1
INFO: [ app_begin ] --START--
INFO: Run Behavior\ReadHtmlCacheBehavior [ RunTime:0.000495s ]
INFO: [ app_begin ] --END-- [ RunTime:0.000952s ]
SQL: SHOW COLUMNS FROM `php_privilege` [ RunTime:0.0216s ]
SQL: SHOW COLUMNS FROM `php_attribute` [ RunTime:0.0179s ]
SQL: SELECT * FROM `php_attribute` WHERE `type_id` = '1'  [ RunTime:0.0004s ]
INFO: [ app_end ] --START--
INFO: Run Behavior\ShowPageTraceBehavior [ RunTime:0.001013s ]
INFO: [ app_end ] --END-- [ RunTime:0.001051s ]

[ 2018-05-14T21:25:16+08:00 ] 127.0.0.1 /index.php/Admin/Goods/ajaxGetAttr/type_id/1
INFO: [ app_begin ] --START--
INFO: Run Behavior\ReadHtmlCacheBehavior [ RunTime:0.000877s ]
INFO: [ app_begin ] --END-- [ RunTime:0.001359s ]
SQL: SHOW COLUMNS FROM `php_privilege` [ RunTime:0.0225s ]
SQL: SHOW COLUMNS FROM `php_attribute` [ RunTime:0.0181s ]
SQL: SELECT * FROM `php_attribute` WHERE `type_id` = '1'  [ RunTime:0.0004s ]
INFO: [ app_end ] --START--
INFO: Run Behavior\ShowPageTraceBehavior [ RunTime:0.001106s ]
INFO: [ app_end ] --END-- [ RunTime:0.001150s ]

[ 2018-05-14T21:25:39+08:00 ] 127.0.0.1 /index.php/Admin/Goods/ajaxGetAttr/type_id/1
INFO: [ app_begin ] --START--
INFO: Run Behavior\ReadHtmlCacheBehavior [ RunTime:0.000788s ]
INFO: [ app_begin ] --END-- [ RunTime:0.001279s ]
SQL: SHOW COLUMNS FROM `php_privilege` [ RunTime:0.0766s ]
SQL: SHOW COLUMNS FROM `php_attribute` [ RunTime:0.0236s ]
SQL: SELECT * FROM `php_attribute` WHERE `type_id` = '1'  [ RunTime:0.0004s ]
INFO: [ app_end ] --START--
INFO: Run Behavior\ShowPageTraceBehavior [ RunTime:0.001433s ]
INFO: [ app_end ] --END-- [ RunTime:0.001517s ]

[ 2018-05-14T21:25:57+08:00 ] 127.0.0.1 /index.php/Admin/Goods/ajaxGetAttr/type_id/1
INFO: [ app_begin ] --START--
INFO: Run Behavior\ReadHtmlCacheBehavior [ RunTime:0.000900s ]
INFO: [ app_begin ] --END-- [ RunTime:0.001357s ]
SQL: SHOW COLUMNS FROM `php_privilege` [ RunTime:0.0218s ]
SQL: SHOW COLUMNS FROM `php_attribute` [ RunTime:0.0186s ]
SQL: SELECT * FROM `php_attribute` WHERE `type_id` = '1'  [ RunTime:0.0004s ]
INFO: [ app_end ] --START--
INFO: Run Behavior\ShowPageTraceBehavior [ RunTime:0.001109s ]
INFO: [ app_end ] --END-- [ RunTime:0.001148s ]

[ 2018-05-14T21:26:13+08:00 ] 127.0.0.1 /index.php/Admin/Goods/ajaxGetAttr/type_id/2
INFO: [ app_begin ] --START--
INFO: Run Behavior\ReadHtmlCacheBehavior [ RunTime:0.000641s ]
INFO: [ app_begin ] --END-- [ RunTime:0.001102s ]
SQL: SHOW COLUMNS FROM `php_privilege` [ RunTime:0.0218s ]
SQL: SHOW COLUMNS FROM `php_attribute` [ RunTime:0.0189s ]
SQL: SELECT * FROM `php_attribute` WHERE `type_id` = '2'  [ RunTime:0.0005s ]
INFO: [ app_end ] --START--
INFO: Run Behavior\ShowPageTraceBehavior [ RunTime:0.001046s ]
INFO: [ app_end ] --END-- [ RunTime:0.001088s ]

[ 2018-05-14T21:26:16+08:00 ] 127.0.0.1 /index.php/Admin/Goods/ajaxGetAttr/type_id/1
INFO: [ app_begin ] --START--
INFO: Run Behavior\ReadHtmlCacheBehavior [ RunTime:0.000510s ]
INFO: [ app_begin ] --END-- [ RunTime:0.000863s ]
SQL: SHOW COLUMNS FROM `php_privilege` [ RunTime:0.0213s ]
SQL: SHOW COLUMNS FROM `php_attribute` [ RunTime:0.0179s ]
SQL: SELECT * FROM `php_attribute` WHERE `type_id` = '1'  [ RunTime:0.0004s ]
INFO: [ app_end ] --START--
INFO: Run Behavior\ShowPageTraceBehavior [ RunTime:0.001004s ]
INFO: [ app_end ] --END-- [ RunTime:0.001048s ]

[ 2018-05-14T21:26:37+08:00 ] 127.0.0.1 /index.php/Admin/Goods/ajaxGetAttr/type_id/1
INFO: [ app_begin ] --START--
INFO: Run Behavior\ReadHtmlCacheBehavior [ RunTime:0.000877s ]
INFO: [ app_begin ] --END-- [ RunTime:0.001336s ]
SQL: SHOW COLUMNS FROM `php_privilege` [ RunTime:0.0219s ]
SQL: SHOW COLUMNS FROM `php_attribute` [ RunTime:0.0410s ]
SQL: SELECT * FROM `php_attribute` WHERE `type_id` = '1'  [ RunTime:0.0007s ]
INFO: [ app_end ] --START--
INFO: Run Behavior\ShowPageTraceBehavior [ RunTime:0.001128s ]
INFO: [ app_end ] --END-- [ RunTime:0.001171s ]

[ 2018-05-14T21:27:09+08:00 ] 127.0.0.1 /index.php/Admin/Goods/ajaxGetAttr/type_id/1
INFO: [ app_begin ] --START--
INFO: Run Behavior\ReadHtmlCacheBehavior [ RunTime:0.001036s ]
INFO: [ app_begin ] --END-- [ RunTime:0.001745s ]
SQL: SHOW COLUMNS FROM `php_privilege` [ RunTime:0.0210s ]
SQL: SHOW COLUMNS FROM `php_attribute` [ RunTime:0.0176s ]
SQL: SELECT * FROM `php_attribute` WHERE `type_id` = '1'  [ RunTime:0.0004s ]
INFO: [ app_end ] --START--
INFO: Run Behavior\ShowPageTraceBehavior [ RunTime:0.001063s ]
INFO: [ app_end ] --END-- [ RunTime:0.001109s ]

[ 2018-05-14T21:28:22+08:00 ] 127.0.0.1 /index.php/Admin/Goods/ajaxDelAttr/goods_id/29/goods_attr_id/37
INFO: [ app_begin ] --START--
INFO: Run Behavior\ReadHtmlCacheBehavior [ RunTime:0.000511s ]
INFO: [ app_begin ] --END-- [ RunTime:0.000890s ]
SQL: SHOW COLUMNS FROM `php_privilege` [ RunTime:0.0228s ]
SQL: SHOW COLUMNS FROM `php_goods_attr` [ RunTime:0.0195s ]
SQL: DELETE FROM `php_goods_attr` WHERE `id` = 37 [ RunTime:0.0234s ]
SQL: SHOW COLUMNS FROM `php_goods_number` [ RunTime:0.0190s ]
ERR: 1064:You have an error in your SQL syntax; check the manual that corresponds to your MariaDB server version for the right syntax to use near '' at line 1
 [ SQL语句 ] : DELETE FROM `php_goods_number` WHERE `goods_id` =29 AND find_in_set(37,`goods_attr_id_list)
ERR: 1064:You have an error in your SQL syntax; check the manual that corresponds to your MariaDB server version for the right syntax to use near '' at line 1
 [ SQL语句 ] : DELETE FROM `php_goods_number` WHERE `goods_id` =29 AND find_in_set(37,`goods_attr_id_list)

[ 2018-05-14T21:29:23+08:00 ] 127.0.0.1 /index.php/Admin/Goods/ajaxDelAttr/goods_id/29/goods_attr_id/38
INFO: [ app_begin ] --START--
INFO: Run Behavior\ReadHtmlCacheBehavior [ RunTime:0.001019s ]
INFO: [ app_begin ] --END-- [ RunTime:0.001540s ]
SQL: SHOW COLUMNS FROM `php_privilege` [ RunTime:0.0239s ]
SQL: SHOW COLUMNS FROM `php_goods_attr` [ RunTime:0.0200s ]
SQL: DELETE FROM `php_goods_attr` WHERE `id` = 38 [ RunTime:0.0424s ]
SQL: SHOW COLUMNS FROM `php_goods_number` [ RunTime:0.0188s ]
ERR: 1064:You have an error in your SQL syntax; check the manual that corresponds to your MariaDB server version for the right syntax to use near '' at line 1
 [ SQL语句 ] : DELETE FROM `php_goods_number` WHERE `goods_id` =29 AND find_in_set(38,`goods_attr_id_list)
ERR: 1064:You have an error in your SQL syntax; check the manual that corresponds to your MariaDB server version for the right syntax to use near '' at line 1
 [ SQL语句 ] : DELETE FROM `php_goods_number` WHERE `goods_id` =29 AND find_in_set(38,`goods_attr_id_list)

[ 2018-05-14T21:30:39+08:00 ] 127.0.0.1 /index.php/Admin/Goods/ajaxDelAttr/goods_id/29/goods_attr_id/40
INFO: [ app_begin ] --START--
INFO: Run Behavior\ReadHtmlCacheBehavior [ RunTime:0.000592s ]
INFO: [ app_begin ] --END-- [ RunTime:0.001077s ]
SQL: SHOW COLUMNS FROM `php_privilege` [ RunTime:0.0231s ]
SQL: SHOW COLUMNS FROM `php_goods_attr` [ RunTime:0.0368s ]
SQL: DELETE FROM `php_goods_attr` WHERE `id` = 40 [ RunTime:0.1007s ]
SQL: SHOW COLUMNS FROM `php_goods_number` [ RunTime:0.0288s ]
ERR: 1064:You have an error in your SQL syntax; check the manual that corresponds to your MariaDB server version for the right syntax to use near '' at line 1
 [ SQL语句 ] : DELETE FROM `php_goods_number` WHERE `goods_id` =29 AND find_in_set(40,`goods_attr_id_list)
ERR: 1064:You have an error in your SQL syntax; check the manual that corresponds to your MariaDB server version for the right syntax to use near '' at line 1
 [ SQL语句 ] : DELETE FROM `php_goods_number` WHERE `goods_id` =29 AND find_in_set(40,`goods_attr_id_list)

[ 2018-05-14T21:31:51+08:00 ] 127.0.0.1 /index.php/Admin/Goods/ajaxGetAttr/type_id/1
INFO: [ app_begin ] --START--
INFO: Run Behavior\ReadHtmlCacheBehavior [ RunTime:0.000509s ]
INFO: [ app_begin ] --END-- [ RunTime:0.000984s ]
SQL: SHOW COLUMNS FROM `php_privilege` [ RunTime:0.0215s ]
SQL: SHOW COLUMNS FROM `php_attribute` [ RunTime:0.0177s ]
SQL: SELECT * FROM `php_attribute` WHERE `type_id` = '1'  [ RunTime:0.0005s ]
INFO: [ app_end ] --START--
INFO: Run Behavior\ShowPageTraceBehavior [ RunTime:0.001055s ]
INFO: [ app_end ] --END-- [ RunTime:0.001095s ]

[ 2018-05-14T21:32:09+08:00 ] 127.0.0.1 /index.php/Admin/Goods/ajaxGetAttr/type_id/1
INFO: [ app_begin ] --START--
INFO: Run Behavior\ReadHtmlCacheBehavior [ RunTime:0.000570s ]
INFO: [ app_begin ] --END-- [ RunTime:0.001164s ]
SQL: SHOW COLUMNS FROM `php_privilege` [ RunTime:0.0369s ]
SQL: SHOW COLUMNS FROM `php_attribute` [ RunTime:0.0380s ]
SQL: SELECT * FROM `php_attribute` WHERE `type_id` = '1'  [ RunTime:0.0005s ]
INFO: [ app_end ] --START--
INFO: Run Behavior\ShowPageTraceBehavior [ RunTime:0.001040s ]
INFO: [ app_end ] --END-- [ RunTime:0.001082s ]

[ 2018-05-14T21:32:57+08:00 ] 127.0.0.1 /index.php/Admin/Goods/ajaxGetAttr/type_id/1
INFO: [ app_begin ] --START--
INFO: Run Behavior\ReadHtmlCacheBehavior [ RunTime:0.000490s ]
INFO: [ app_begin ] --END-- [ RunTime:0.000951s ]
SQL: SHOW COLUMNS FROM `php_privilege` [ RunTime:0.0213s ]
SQL: SHOW COLUMNS FROM `php_attribute` [ RunTime:0.0202s ]
SQL: SELECT * FROM `php_attribute` WHERE `type_id` = '1'  [ RunTime:0.0004s ]
INFO: [ app_end ] --START--
INFO: Run Behavior\ShowPageTraceBehavior [ RunTime:0.000981s ]
INFO: [ app_end ] --END-- [ RunTime:0.001028s ]

[ 2018-05-14T21:43:17+08:00 ] 127.0.0.1 /index.php/Admin/Goods/ajaxGetAttr/type_id/1
INFO: [ app_begin ] --START--
INFO: Run Behavior\ReadHtmlCacheBehavior [ RunTime:0.000498s ]
INFO: [ app_begin ] --END-- [ RunTime:0.000972s ]
SQL: SHOW COLUMNS FROM `php_privilege` [ RunTime:0.0232s ]
SQL: SHOW COLUMNS FROM `php_attribute` [ RunTime:0.0199s ]
SQL: SELECT * FROM `php_attribute` WHERE `type_id` = '1'  [ RunTime:0.0058s ]
INFO: [ app_end ] --START--
INFO: Run Behavior\ShowPageTraceBehavior [ RunTime:0.001031s ]
INFO: [ app_end ] --END-- [ RunTime:0.001069s ]

[ 2018-05-14T21:45:40+08:00 ] 127.0.0.1 /index.php/Admin/Goods/ajaxGetAttr/type_id/1
INFO: [ app_begin ] --START--
INFO: Run Behavior\ReadHtmlCacheBehavior [ RunTime:0.000845s ]
INFO: [ app_begin ] --END-- [ RunTime:0.001304s ]
SQL: SHOW COLUMNS FROM `php_privilege` [ RunTime:0.0259s ]
SQL: SHOW COLUMNS FROM `php_attribute` [ RunTime:0.0180s ]
SQL: SELECT * FROM `php_attribute` WHERE `type_id` = '1'  [ RunTime:0.0004s ]
INFO: [ app_end ] --START--
INFO: Run Behavior\ShowPageTraceBehavior [ RunTime:0.001058s ]
INFO: [ app_end ] --END-- [ RunTime:0.001100s ]

[ 2018-05-14T21:46:43+08:00 ] 127.0.0.1 /index.php/Admin/Goods/ajaxGetAttr/type_id/1
INFO: [ app_begin ] --START--
INFO: Run Behavior\ReadHtmlCacheBehavior [ RunTime:0.000879s ]
INFO: [ app_begin ] --END-- [ RunTime:0.001334s ]
SQL: SHOW COLUMNS FROM `php_privilege` [ RunTime:0.0376s ]
SQL: SHOW COLUMNS FROM `php_attribute` [ RunTime:0.0184s ]
SQL: SELECT * FROM `php_attribute` WHERE `type_id` = '1'  [ RunTime:0.0004s ]
INFO: [ app_end ] --START--
INFO: Run Behavior\ShowPageTraceBehavior [ RunTime:0.001115s ]
INFO: [ app_end ] --END-- [ RunTime:0.001155s ]

[ 2018-05-14T21:48:24+08:00 ] 127.0.0.1 /index.php/Admin/Goods/ajaxGetAttr/type_id/1
INFO: [ app_begin ] --START--
INFO: Run Behavior\ReadHtmlCacheBehavior [ RunTime:0.000892s ]
INFO: [ app_begin ] --END-- [ RunTime:0.001359s ]
SQL: SHOW COLUMNS FROM `php_privilege` [ RunTime:0.0213s ]
SQL: SHOW COLUMNS FROM `php_attribute` [ RunTime:0.0220s ]
SQL: SELECT * FROM `php_attribute` WHERE `type_id` = '1'  [ RunTime:0.0005s ]
INFO: [ app_end ] --START--
INFO: Run Behavior\ShowPageTraceBehavior [ RunTime:0.001135s ]
INFO: [ app_end ] --END-- [ RunTime:0.001173s ]

[ 2018-05-14T21:57:35+08:00 ] 127.0.0.1 /index.php/Admin/Goods/ajaxGetAttr/type_id/1
INFO: [ app_begin ] --START--
INFO: Run Behavior\ReadHtmlCacheBehavior [ RunTime:0.000761s ]
INFO: [ app_begin ] --END-- [ RunTime:0.001236s ]
SQL: SHOW COLUMNS FROM `php_privilege` [ RunTime:0.0273s ]
SQL: SHOW COLUMNS FROM `php_attribute` [ RunTime:0.0196s ]
SQL: SELECT * FROM `php_attribute` WHERE `type_id` = '1'  [ RunTime:0.0004s ]
INFO: [ app_end ] --START--
INFO: Run Behavior\ShowPageTraceBehavior [ RunTime:0.001011s ]
INFO: [ app_end ] --END-- [ RunTime:0.001056s ]

[ 2018-05-14T21:59:47+08:00 ] 127.0.0.1 /index.php/Admin/Goods/ajaxGetAttr/type_id/1
INFO: [ app_begin ] --START--
INFO: Run Behavior\ReadHtmlCacheBehavior [ RunTime:0.000799s ]
INFO: [ app_begin ] --END-- [ RunTime:0.001660s ]
SQL: SHOW COLUMNS FROM `php_privilege` [ RunTime:0.0338s ]
SQL: SHOW COLUMNS FROM `php_attribute` [ RunTime:0.0200s ]
SQL: SELECT * FROM `php_attribute` WHERE `type_id` = '1'  [ RunTime:0.0004s ]
INFO: [ app_end ] --START--
INFO: Run Behavior\ShowPageTraceBehavior [ RunTime:0.000716s ]
INFO: [ app_end ] --END-- [ RunTime:0.000758s ]

[ 2018-05-14T22:00:54+08:00 ] 127.0.0.1 /index.php/Admin/Goods/ajaxGetAttr/type_id/1
INFO: [ app_begin ] --START--
INFO: Run Behavior\ReadHtmlCacheBehavior [ RunTime:0.000491s ]
INFO: [ app_begin ] --END-- [ RunTime:0.000981s ]
SQL: SHOW COLUMNS FROM `php_privilege` [ RunTime:0.0216s ]
SQL: SHOW COLUMNS FROM `php_attribute` [ RunTime:0.0184s ]
SQL: SELECT * FROM `php_attribute` WHERE `type_id` = '1'  [ RunTime:0.0004s ]
INFO: [ app_end ] --START--
INFO: Run Behavior\ShowPageTraceBehavior [ RunTime:0.000702s ]
INFO: [ app_end ] --END-- [ RunTime:0.000749s ]

[ 2018-05-14T22:04:46+08:00 ] 127.0.0.1 /index.php/Admin/Goods/ajaxGetAttr/type_id/1
INFO: [ app_begin ] --START--
INFO: Run Behavior\ReadHtmlCacheBehavior [ RunTime:0.000530s ]
INFO: [ app_begin ] --END-- [ RunTime:0.001128s ]
SQL: SHOW COLUMNS FROM `php_privilege` [ RunTime:0.0284s ]
SQL: SHOW COLUMNS FROM `php_attribute` [ RunTime:0.0257s ]
SQL: SELECT * FROM `php_attribute` WHERE `type_id` = '1'  [ RunTime:0.0007s ]
INFO: [ app_end ] --START--
INFO: Run Behavior\ShowPageTraceBehavior [ RunTime:0.000903s ]
INFO: [ app_end ] --END-- [ RunTime:0.000984s ]

[ 2018-05-14T22:09:54+08:00 ] 127.0.0.1 /index.php/Admin/Goods/ajaxGetAttr/type_id/2
INFO: [ app_begin ] --START--
INFO: Run Behavior\ReadHtmlCacheBehavior [ RunTime:0.000597s ]
INFO: [ app_begin ] --END-- [ RunTime:0.001161s ]
SQL: SHOW COLUMNS FROM `php_privilege` [ RunTime:0.0534s ]
SQL: SHOW COLUMNS FROM `php_attribute` [ RunTime:0.0579s ]
SQL: SELECT * FROM `php_attribute` WHERE `type_id` = '2'  [ RunTime:0.0005s ]
INFO: [ app_end ] --START--
INFO: Run Behavior\ShowPageTraceBehavior [ RunTime:0.000731s ]
INFO: [ app_end ] --END-- [ RunTime:0.000777s ]

[ 2018-05-14T22:16:48+08:00 ] 127.0.0.1 /index.php/Admin/Goods/edit/id/30.html
ERR: 1048:Column 'goods_id' cannot be null
 [ SQL语句 ] : INSERT INTO `php_goods_cate` (`cate_id`,`goods_id`) VALUES ('24',NULL)

[ 2018-05-14T22:18:14+08:00 ] 127.0.0.1 /index.php/Admin/Goods/ajaxGetAttr/type_id/1
INFO: [ app_begin ] --START--
INFO: Run Behavior\ReadHtmlCacheBehavior [ RunTime:0.000866s ]
INFO: [ app_begin ] --END-- [ RunTime:0.001342s ]
SQL: SHOW COLUMNS FROM `php_privilege` [ RunTime:0.0241s ]
SQL: SHOW COLUMNS FROM `php_attribute` [ RunTime:0.0200s ]
SQL: SELECT * FROM `php_attribute` WHERE `type_id` = '1'  [ RunTime:0.0004s ]
INFO: [ app_end ] --START--
INFO: Run Behavior\ShowPageTraceBehavior [ RunTime:0.001118s ]
INFO: [ app_end ] --END-- [ RunTime:0.001163s ]

[ 2018-05-14T22:23:41+08:00 ] 127.0.0.1 /index.php/Admin/Goods/ajaxGetAttr/type_id/1
INFO: [ app_begin ] --START--
INFO: Run Behavior\ReadHtmlCacheBehavior [ RunTime:0.000482s ]
INFO: [ app_begin ] --END-- [ RunTime:0.000935s ]
SQL: SHOW COLUMNS FROM `php_privilege` [ RunTime:0.0218s ]
SQL: SHOW COLUMNS FROM `php_attribute` [ RunTime:0.0177s ]
SQL: SELECT * FROM `php_attribute` WHERE `type_id` = '1'  [ RunTime:0.0004s ]
INFO: [ app_end ] --START--
INFO: Run Behavior\ShowPageTraceBehavior [ RunTime:0.000644s ]
INFO: [ app_end ] --END-- [ RunTime:0.000684s ]

[ 2018-05-14T22:25:41+08:00 ] 127.0.0.1 /index.php/Admin/Goods/ajaxGetAttr/type_id/1
INFO: [ app_begin ] --START--
INFO: Run Behavior\ReadHtmlCacheBehavior [ RunTime:0.000493s ]
INFO: [ app_begin ] --END-- [ RunTime:0.001014s ]
SQL: SHOW COLUMNS FROM `php_privilege` [ RunTime:0.0221s ]
SQL: SHOW COLUMNS FROM `php_attribute` [ RunTime:0.0187s ]
SQL: SELECT * FROM `php_attribute` WHERE `type_id` = '1'  [ RunTime:0.0062s ]
INFO: [ app_end ] --START--
INFO: Run Behavior\ShowPageTraceBehavior [ RunTime:0.000729s ]
INFO: [ app_end ] --END-- [ RunTime:0.000767s ]

[ 2018-05-14T22:28:36+08:00 ] 127.0.0.1 /index.php/Admin/Goods/ajaxGetAttr/type_id/1
INFO: [ app_begin ] --START--
INFO: Run Behavior\ReadHtmlCacheBehavior [ RunTime:0.000498s ]
INFO: [ app_begin ] --END-- [ RunTime:0.000858s ]
SQL: SHOW COLUMNS FROM `php_privilege` [ RunTime:0.0232s ]
SQL: SHOW COLUMNS FROM `php_attribute` [ RunTime:0.0184s ]
SQL: SELECT * FROM `php_attribute` WHERE `type_id` = '1'  [ RunTime:0.0004s ]
INFO: [ app_end ] --START--
INFO: Run Behavior\ShowPageTraceBehavior [ RunTime:0.000734s ]
INFO: [ app_end ] --END-- [ RunTime:0.000771s ]

[ 2018-05-14T22:29:35+08:00 ] 127.0.0.1 /index.php/Admin/Goods/ajaxGetAttr/type_id/1
INFO: [ app_begin ] --START--
INFO: Run Behavior\ReadHtmlCacheBehavior [ RunTime:0.000589s ]
INFO: [ app_begin ] --END-- [ RunTime:0.000982s ]
SQL: SHOW COLUMNS FROM `php_privilege` [ RunTime:0.0226s ]
SQL: SHOW COLUMNS FROM `php_attribute` [ RunTime:0.0187s ]
SQL: SELECT * FROM `php_attribute` WHERE `type_id` = '1'  [ RunTime:0.0004s ]
INFO: [ app_end ] --START--
INFO: Run Behavior\ShowPageTraceBehavior [ RunTime:0.000725s ]
INFO: [ app_end ] --END-- [ RunTime:0.000763s ]

