[ 2018-05-15T09:50:10+08:00 ] 127.0.0.1 /index.php/Admin/Goods/ajaxDelAttr/goods_id/29/goods_attr_id/39
INFO: [ app_begin ] --START--
INFO: Run Behavior\ReadHtmlCacheBehavior [ RunTime:0.000495s ]
INFO: [ app_begin ] --END-- [ RunTime:0.000851s ]
SQL: SHOW COLUMNS FROM `php_privilege` [ RunTime:0.0237s ]
SQL: SHOW COLUMNS FROM `php_goods_attr` [ RunTime:0.0224s ]
SQL: DELETE FROM `php_goods_attr` WHERE `id` = 39 [ RunTime:0.0473s ]
SQL: SHOW COLUMNS FROM `php_goods_number` [ RunTime:0.0455s ]
ERR: 1064:You have an error in your SQL syntax; check the manual that corresponds to your MariaDB server version for the right syntax to use near '' at line 1
 [ SQL语句 ] : DELETE FROM `php_goods_number` WHERE `goods_id` =29 AND find_in_set(39,`goods_attr_id_list)
ERR: 1064:You have an error in your SQL syntax; check the manual that corresponds to your MariaDB server version for the right syntax to use near '' at line 1
 [ SQL语句 ] : DELETE FROM `php_goods_number` WHERE `goods_id` =29 AND find_in_set(39,`goods_attr_id_list)

[ 2018-05-15T09:50:50+08:00 ] 127.0.0.1 /index.php/Admin/goods/lts.html
ERR: 非法操作:lts

[ 2018-05-15T09:51:14+08:00 ] 127.0.0.1 /index.php/Admin/Goods/ajaxDelAttr/goods_id/29/goods_attr_id/38
INFO: [ app_begin ] --START--
INFO: Run Behavior\ReadHtmlCacheBehavior [ RunTime:0.000540s ]
INFO: [ app_begin ] --END-- [ RunTime:0.001019s ]
SQL: SHOW COLUMNS FROM `php_privilege` [ RunTime:0.0243s ]
SQL: SHOW COLUMNS FROM `php_goods_attr` [ RunTime:0.0248s ]
SQL: DELETE FROM `php_goods_attr` WHERE `id` = 38 [ RunTime:0.0508s ]
SQL: SHOW COLUMNS FROM `php_goods_number` [ RunTime:0.0408s ]
ERR: 1064:You have an error in your SQL syntax; check the manual that corresponds to your MariaDB server version for the right syntax to use near '' at line 1
 [ SQL语句 ] : DELETE FROM `php_goods_number` WHERE `goods_id` =29 AND find_in_set(38,`goods_attr_id_list)
ERR: 1064:You have an error in your SQL syntax; check the manual that corresponds to your MariaDB server version for the right syntax to use near '' at line 1
 [ SQL语句 ] : DELETE FROM `php_goods_number` WHERE `goods_id` =29 AND find_in_set(38,`goods_attr_id_list)

[ 2018-05-15T10:04:48+08:00 ] 127.0.0.1 /index.php/Admin/Goods/edit/id/50.html
INFO: [ app_begin ] --START--
INFO: Run Behavior\ReadHtmlCacheBehavior [ RunTime:0.000482s ]
INFO: [ app_begin ] --END-- [ RunTime:0.000930s ]
SQL: SHOW COLUMNS FROM `php_privilege` [ RunTime:0.0220s ]
SQL: SHOW COLUMNS FROM `php_goods` [ RunTime:0.0201s ]
SQL: SELECT * FROM `php_goods` WHERE `id` = 50 LIMIT 1   [ RunTime:0.0005s ]
SQL: SHOW COLUMNS FROM `php_member_level` [ RunTime:0.0188s ]
SQL: SELECT * FROM `php_member_level`  [ RunTime:0.0004s ]
SQL: SHOW COLUMNS FROM `php_member_price` [ RunTime:0.0189s ]
SQL: SELECT * FROM `php_member_price` WHERE `goods_id` = '50'  [ RunTime:0.0004s ]
SQL: SHOW COLUMNS FROM `php_attribute` [ RunTime:0.0196s ]
SQL: SELECT a.*,b.attr_values,b.id goods_attr_id,b.attr_id FROM php_attribute a LEFT JOIN php_goods_attr b ON (a.id=b.attr_id AND b.goods_id=50)  WHERE a.type_id = '1'  [ RunTime:0.0005s ]
NOTIC: [2048] Declaration of Admin\Model\CategoryModel::_before_delete() should be compatible with Think\Model::_before_delete($options) D:\xampp\htdocs\svnphp\Application\Admin\Model\CategoryModel.class.php 第 103 行.
SQL: SHOW COLUMNS FROM `php_category` [ RunTime:0.0150s ]
SQL: SELECT * FROM `php_category`  [ RunTime:0.0008s ]
SQL: SHOW COLUMNS FROM `php_goods_cate` [ RunTime:0.0238s ]
SQL: SELECT * FROM `php_goods_cate` WHERE `goods_id` = 50  [ RunTime:0.0004s ]
SQL: SHOW COLUMNS FROM `php_goods_pic` [ RunTime:0.0193s ]
SQL: SELECT `id`,`sm_pic` FROM `php_goods_pic` WHERE `goods_id` = '50'  [ RunTime:0.0004s ]
INFO: [ view_parse ] --START--
INFO: [ template_filter ] --START--
INFO: Run Behavior\ContentReplaceBehavior [ RunTime:0.000171s ]
INFO: [ template_filter ] --END-- [ RunTime:0.000219s ]
SQL: SHOW COLUMNS FROM `php_brand` [ RunTime:0.0189s ]
SQL: SELECT `id`,`brand_name` FROM `php_brand`  [ RunTime:0.0005s ]
NOTIC: [8] Undefined variable: brandDate D:\xampp\htdocs\svnphp\Application\Runtime\Cache\Admin\608b0c961c661bd6d45820311b4b75a7.php 第 76 行.
NOTIC: [8] Undefined offset: 0 D:\xampp\htdocs\svnphp\Application\Runtime\Cache\Admin\608b0c961c661bd6d45820311b4b75a7.php 第 170 行.
NOTIC: [8] Undefined offset: 1 D:\xampp\htdocs\svnphp\Application\Runtime\Cache\Admin\608b0c961c661bd6d45820311b4b75a7.php 第 170 行.
NOTIC: [8] Undefined offset: 2 D:\xampp\htdocs\svnphp\Application\Runtime\Cache\Admin\608b0c961c661bd6d45820311b4b75a7.php 第 170 行.
NOTIC: [8] Undefined offset: 3 D:\xampp\htdocs\svnphp\Application\Runtime\Cache\Admin\608b0c961c661bd6d45820311b4b75a7.php 第 170 行.
SQL: SHOW COLUMNS FROM `php_type` [ RunTime:0.0158s ]
SQL: SELECT `id`,`type_name` FROM `php_type`  [ RunTime:0.0003s ]
NOTIC: [8] Use of undefined constant selected - assumed 'selected' D:\xampp\htdocs\svnphp\Application\Runtime\Cache\Admin\608b0c961c661bd6d45820311b4b75a7.php 第 198 行.
NOTIC: [8] Use of undefined constant selected - assumed 'selected' D:\xampp\htdocs\svnphp\Application\Runtime\Cache\Admin\608b0c961c661bd6d45820311b4b75a7.php 第 198 行.
NOTIC: [8] Use of undefined constant selected - assumed 'selected' D:\xampp\htdocs\svnphp\Application\Runtime\Cache\Admin\608b0c961c661bd6d45820311b4b75a7.php 第 198 行.
INFO: Run Behavior\ParseTemplateBehavior [ RunTime:0.175936s ]
INFO: [ view_parse ] --END-- [ RunTime:0.175978s ]
INFO: [ view_filter ] --START--
INFO: Run Behavior\WriteHtmlCacheBehavior [ RunTime:0.000503s ]
INFO: [ view_filter ] --END-- [ RunTime:0.000535s ]
INFO: [ app_end ] --START--
INFO: Run Behavior\ShowPageTraceBehavior [ RunTime:0.000761s ]
INFO: [ app_end ] --END-- [ RunTime:0.000823s ]

[ 2018-05-15T10:04:54+08:00 ] 127.0.0.1 /index.php/Admin/Goods/edit/id/50.html
INFO: [ app_begin ] --START--
INFO: Run Behavior\ReadHtmlCacheBehavior [ RunTime:0.001161s ]
INFO: [ app_begin ] --END-- [ RunTime:0.002107s ]
SQL: SHOW COLUMNS FROM `php_privilege` [ RunTime:0.0293s ]
SQL: SHOW COLUMNS FROM `php_goods` [ RunTime:0.0196s ]
SQL: SELECT * FROM `php_goods` WHERE `id` = 50 LIMIT 1   [ RunTime:0.0006s ]
SQL: SHOW COLUMNS FROM `php_member_level` [ RunTime:0.0185s ]
SQL: SELECT * FROM `php_member_level`  [ RunTime:0.0004s ]
SQL: SHOW COLUMNS FROM `php_member_price` [ RunTime:0.0186s ]
SQL: SELECT * FROM `php_member_price` WHERE `goods_id` = '50'  [ RunTime:0.0004s ]
SQL: SHOW COLUMNS FROM `php_attribute` [ RunTime:0.0187s ]
SQL: SELECT a.*,b.attr_values,b.id goods_attr_id,b.attr_id FROM php_attribute a LEFT JOIN php_goods_attr b ON (a.id=b.attr_id AND b.goods_id=50)  WHERE a.type_id = '1'  [ RunTime:0.0005s ]
NOTIC: [2048] Declaration of Admin\Model\CategoryModel::_before_delete() should be compatible with Think\Model::_before_delete($options) D:\xampp\htdocs\svnphp\Application\Admin\Model\CategoryModel.class.php 第 103 行.
SQL: SHOW COLUMNS FROM `php_category` [ RunTime:0.0156s ]
SQL: SELECT * FROM `php_category`  [ RunTime:0.0005s ]
SQL: SHOW COLUMNS FROM `php_goods_cate` [ RunTime:0.0190s ]
SQL: SELECT * FROM `php_goods_cate` WHERE `goods_id` = 50  [ RunTime:0.0005s ]
SQL: SHOW COLUMNS FROM `php_goods_pic` [ RunTime:0.0153s ]
SQL: SELECT `id`,`sm_pic` FROM `php_goods_pic` WHERE `goods_id` = '50'  [ RunTime:0.0004s ]
INFO: [ view_parse ] --START--
INFO: [ template_filter ] --START--
INFO: Run Behavior\ContentReplaceBehavior [ RunTime:0.000174s ]
INFO: [ template_filter ] --END-- [ RunTime:0.000222s ]
SQL: SHOW COLUMNS FROM `php_brand` [ RunTime:0.0144s ]
SQL: SELECT `id`,`brand_name` FROM `php_brand`  [ RunTime:0.0004s ]
NOTIC: [8] Undefined variable: brandDate D:\xampp\htdocs\svnphp\Application\Runtime\Cache\Admin\608b0c961c661bd6d45820311b4b75a7.php 第 76 行.
NOTIC: [8] Undefined offset: 0 D:\xampp\htdocs\svnphp\Application\Runtime\Cache\Admin\608b0c961c661bd6d45820311b4b75a7.php 第 170 行.
NOTIC: [8] Undefined offset: 1 D:\xampp\htdocs\svnphp\Application\Runtime\Cache\Admin\608b0c961c661bd6d45820311b4b75a7.php 第 170 行.
NOTIC: [8] Undefined offset: 2 D:\xampp\htdocs\svnphp\Application\Runtime\Cache\Admin\608b0c961c661bd6d45820311b4b75a7.php 第 170 行.
NOTIC: [8] Undefined offset: 3 D:\xampp\htdocs\svnphp\Application\Runtime\Cache\Admin\608b0c961c661bd6d45820311b4b75a7.php 第 170 行.
SQL: SHOW COLUMNS FROM `php_type` [ RunTime:0.0155s ]
SQL: SELECT `id`,`type_name` FROM `php_type`  [ RunTime:0.0004s ]
NOTIC: [8] Use of undefined constant selected - assumed 'selected' D:\xampp\htdocs\svnphp\Application\Runtime\Cache\Admin\608b0c961c661bd6d45820311b4b75a7.php 第 198 行.
NOTIC: [8] Use of undefined constant selected - assumed 'selected' D:\xampp\htdocs\svnphp\Application\Runtime\Cache\Admin\608b0c961c661bd6d45820311b4b75a7.php 第 198 行.
NOTIC: [8] Use of undefined constant selected - assumed 'selected' D:\xampp\htdocs\svnphp\Application\Runtime\Cache\Admin\608b0c961c661bd6d45820311b4b75a7.php 第 198 行.
INFO: Run Behavior\ParseTemplateBehavior [ RunTime:0.179555s ]
INFO: [ view_parse ] --END-- [ RunTime:0.179599s ]
INFO: [ view_filter ] --START--
INFO: Run Behavior\WriteHtmlCacheBehavior [ RunTime:0.000465s ]
INFO: [ view_filter ] --END-- [ RunTime:0.000497s ]
INFO: [ app_end ] --START--
INFO: Run Behavior\ShowPageTraceBehavior [ RunTime:0.000506s ]
INFO: [ app_end ] --END-- [ RunTime:0.000548s ]

[ 2018-05-15T10:05:01+08:00 ] 127.0.0.1 /index.php/Admin/Goods/edit/id/50.html
INFO: [ app_begin ] --START--
INFO: Run Behavior\ReadHtmlCacheBehavior [ RunTime:0.000485s ]
INFO: [ app_begin ] --END-- [ RunTime:0.000951s ]
SQL: SHOW COLUMNS FROM `php_privilege` [ RunTime:0.0227s ]
SQL: SHOW COLUMNS FROM `php_goods` [ RunTime:0.0197s ]
SQL: SELECT * FROM `php_goods` WHERE `id` = 50 LIMIT 1   [ RunTime:0.0005s ]
SQL: SHOW COLUMNS FROM `php_member_level` [ RunTime:0.0196s ]
SQL: SELECT * FROM `php_member_level`  [ RunTime:0.0004s ]
SQL: SHOW COLUMNS FROM `php_member_price` [ RunTime:0.0192s ]
SQL: SELECT * FROM `php_member_price` WHERE `goods_id` = '50'  [ RunTime:0.0004s ]
SQL: SHOW COLUMNS FROM `php_attribute` [ RunTime:0.0199s ]
SQL: SELECT a.*,b.attr_values,b.id goods_attr_id,b.attr_id FROM php_attribute a LEFT JOIN php_goods_attr b ON (a.id=b.attr_id AND b.goods_id=50)  WHERE a.type_id = '1'  [ RunTime:0.0005s ]
NOTIC: [2048] Declaration of Admin\Model\CategoryModel::_before_delete() should be compatible with Think\Model::_before_delete($options) D:\xampp\htdocs\svnphp\Application\Admin\Model\CategoryModel.class.php 第 103 行.
SQL: SHOW COLUMNS FROM `php_category` [ RunTime:0.0162s ]
SQL: SELECT * FROM `php_category`  [ RunTime:0.0004s ]
SQL: SHOW COLUMNS FROM `php_goods_cate` [ RunTime:0.0199s ]
SQL: SELECT * FROM `php_goods_cate` WHERE `goods_id` = 50  [ RunTime:0.0005s ]
SQL: SHOW COLUMNS FROM `php_goods_pic` [ RunTime:0.0152s ]
SQL: SELECT `id`,`sm_pic` FROM `php_goods_pic` WHERE `goods_id` = '50'  [ RunTime:0.0004s ]
INFO: [ view_parse ] --START--
INFO: [ template_filter ] --START--
INFO: Run Behavior\ContentReplaceBehavior [ RunTime:0.000169s ]
INFO: [ template_filter ] --END-- [ RunTime:0.000217s ]
SQL: SHOW COLUMNS FROM `php_brand` [ RunTime:0.0158s ]
SQL: SELECT `id`,`brand_name` FROM `php_brand`  [ RunTime:0.0003s ]
NOTIC: [8] Undefined variable: brandDate D:\xampp\htdocs\svnphp\Application\Runtime\Cache\Admin\608b0c961c661bd6d45820311b4b75a7.php 第 76 行.
NOTIC: [8] Undefined offset: 0 D:\xampp\htdocs\svnphp\Application\Runtime\Cache\Admin\608b0c961c661bd6d45820311b4b75a7.php 第 170 行.
NOTIC: [8] Undefined offset: 1 D:\xampp\htdocs\svnphp\Application\Runtime\Cache\Admin\608b0c961c661bd6d45820311b4b75a7.php 第 170 行.
NOTIC: [8] Undefined offset: 2 D:\xampp\htdocs\svnphp\Application\Runtime\Cache\Admin\608b0c961c661bd6d45820311b4b75a7.php 第 170 行.
NOTIC: [8] Undefined offset: 3 D:\xampp\htdocs\svnphp\Application\Runtime\Cache\Admin\608b0c961c661bd6d45820311b4b75a7.php 第 170 行.
SQL: SHOW COLUMNS FROM `php_type` [ RunTime:0.0154s ]
SQL: SELECT `id`,`type_name` FROM `php_type`  [ RunTime:0.0003s ]
NOTIC: [8] Use of undefined constant selected - assumed 'selected' D:\xampp\htdocs\svnphp\Application\Runtime\Cache\Admin\608b0c961c661bd6d45820311b4b75a7.php 第 198 行.
NOTIC: [8] Use of undefined constant selected - assumed 'selected' D:\xampp\htdocs\svnphp\Application\Runtime\Cache\Admin\608b0c961c661bd6d45820311b4b75a7.php 第 198 行.
NOTIC: [8] Use of undefined constant selected - assumed 'selected' D:\xampp\htdocs\svnphp\Application\Runtime\Cache\Admin\608b0c961c661bd6d45820311b4b75a7.php 第 198 行.
INFO: Run Behavior\ParseTemplateBehavior [ RunTime:0.169612s ]
INFO: [ view_parse ] --END-- [ RunTime:0.169660s ]
INFO: [ view_filter ] --START--
INFO: Run Behavior\WriteHtmlCacheBehavior [ RunTime:0.000477s ]
INFO: [ view_filter ] --END-- [ RunTime:0.000519s ]
INFO: [ app_end ] --START--
INFO: Run Behavior\ShowPageTraceBehavior [ RunTime:0.000733s ]
INFO: [ app_end ] --END-- [ RunTime:0.000816s ]

[ 2018-05-15T10:05:37+08:00 ] 127.0.0.1 /index.php/Admin/Goods/edit/id/50.html
INFO: [ app_begin ] --START--
INFO: Run Behavior\ReadHtmlCacheBehavior [ RunTime:0.000509s ]
INFO: [ app_begin ] --END-- [ RunTime:0.000992s ]
SQL: SHOW COLUMNS FROM `php_privilege` [ RunTime:0.0240s ]
SQL: SHOW COLUMNS FROM `php_goods` [ RunTime:0.0197s ]
SQL: SELECT * FROM `php_goods` WHERE `id` = 50 LIMIT 1   [ RunTime:0.0005s ]
SQL: SHOW COLUMNS FROM `php_member_level` [ RunTime:0.0196s ]
SQL: SELECT * FROM `php_member_level`  [ RunTime:0.0003s ]
SQL: SHOW COLUMNS FROM `php_member_price` [ RunTime:0.0239s ]
SQL: SELECT * FROM `php_member_price` WHERE `goods_id` = '50'  [ RunTime:0.0005s ]
SQL: SHOW COLUMNS FROM `php_attribute` [ RunTime:0.0199s ]
SQL: SELECT a.*,b.attr_values,b.id goods_attr_id,b.attr_id FROM php_attribute a LEFT JOIN php_goods_attr b ON (a.id=b.attr_id AND b.goods_id=50)  WHERE a.type_id = '1'  [ RunTime:0.0005s ]
NOTIC: [2048] Declaration of Admin\Model\CategoryModel::_before_delete() should be compatible with Think\Model::_before_delete($options) D:\xampp\htdocs\svnphp\Application\Admin\Model\CategoryModel.class.php 第 103 行.
SQL: SHOW COLUMNS FROM `php_category` [ RunTime:0.0211s ]
SQL: SELECT * FROM `php_category`  [ RunTime:0.0007s ]
SQL: SHOW COLUMNS FROM `php_goods_cate` [ RunTime:0.0189s ]
SQL: SELECT * FROM `php_goods_cate` WHERE `goods_id` = 50  [ RunTime:0.0005s ]
SQL: SHOW COLUMNS FROM `php_goods_pic` [ RunTime:0.0193s ]
SQL: SELECT `id`,`sm_pic` FROM `php_goods_pic` WHERE `goods_id` = '50'  [ RunTime:0.0004s ]
INFO: [ view_parse ] --START--
INFO: [ template_filter ] --START--
INFO: Run Behavior\ContentReplaceBehavior [ RunTime:0.000173s ]
INFO: [ template_filter ] --END-- [ RunTime:0.000223s ]
SQL: SHOW COLUMNS FROM `php_brand` [ RunTime:0.0159s ]
SQL: SELECT `id`,`brand_name` FROM `php_brand`  [ RunTime:0.0054s ]
NOTIC: [8] Undefined variable: brandDate D:\xampp\htdocs\svnphp\Application\Runtime\Cache\Admin\608b0c961c661bd6d45820311b4b75a7.php 第 76 行.
NOTIC: [8] Undefined offset: 0 D:\xampp\htdocs\svnphp\Application\Runtime\Cache\Admin\608b0c961c661bd6d45820311b4b75a7.php 第 170 行.
NOTIC: [8] Undefined offset: 1 D:\xampp\htdocs\svnphp\Application\Runtime\Cache\Admin\608b0c961c661bd6d45820311b4b75a7.php 第 170 行.
NOTIC: [8] Undefined offset: 2 D:\xampp\htdocs\svnphp\Application\Runtime\Cache\Admin\608b0c961c661bd6d45820311b4b75a7.php 第 170 行.
NOTIC: [8] Undefined offset: 3 D:\xampp\htdocs\svnphp\Application\Runtime\Cache\Admin\608b0c961c661bd6d45820311b4b75a7.php 第 170 行.
SQL: SHOW COLUMNS FROM `php_type` [ RunTime:0.0169s ]
SQL: SELECT `id`,`type_name` FROM `php_type`  [ RunTime:0.0003s ]
NOTIC: [8] Use of undefined constant selected - assumed 'selected' D:\xampp\htdocs\svnphp\Application\Runtime\Cache\Admin\608b0c961c661bd6d45820311b4b75a7.php 第 198 行.
NOTIC: [8] Use of undefined constant selected - assumed 'selected' D:\xampp\htdocs\svnphp\Application\Runtime\Cache\Admin\608b0c961c661bd6d45820311b4b75a7.php 第 198 行.
NOTIC: [8] Use of undefined constant selected - assumed 'selected' D:\xampp\htdocs\svnphp\Application\Runtime\Cache\Admin\608b0c961c661bd6d45820311b4b75a7.php 第 198 行.
INFO: Run Behavior\ParseTemplateBehavior [ RunTime:0.178740s ]
INFO: [ view_parse ] --END-- [ RunTime:0.178787s ]
INFO: [ view_filter ] --START--
INFO: Run Behavior\WriteHtmlCacheBehavior [ RunTime:0.000633s ]
INFO: [ view_filter ] --END-- [ RunTime:0.000679s ]
INFO: [ app_end ] --START--
INFO: Run Behavior\ShowPageTraceBehavior [ RunTime:0.000776s ]
INFO: [ app_end ] --END-- [ RunTime:0.000845s ]

[ 2018-05-15T10:05:39+08:00 ] 127.0.0.1 /index.php/Admin/Goods/edit/id/50.html
INFO: [ app_begin ] --START--
INFO: Run Behavior\ReadHtmlCacheBehavior [ RunTime:0.000578s ]
INFO: [ app_begin ] --END-- [ RunTime:0.001061s ]
SQL: SHOW COLUMNS FROM `php_privilege` [ RunTime:0.0236s ]
SQL: SHOW COLUMNS FROM `php_goods` [ RunTime:0.0197s ]
SQL: SELECT * FROM `php_goods` WHERE `id` = 50 LIMIT 1   [ RunTime:0.0006s ]
SQL: SHOW COLUMNS FROM `php_member_level` [ RunTime:0.0194s ]
SQL: SELECT * FROM `php_member_level`  [ RunTime:0.0005s ]
SQL: SHOW COLUMNS FROM `php_member_price` [ RunTime:0.0197s ]
SQL: SELECT * FROM `php_member_price` WHERE `goods_id` = '50'  [ RunTime:0.0008s ]
SQL: SHOW COLUMNS FROM `php_attribute` [ RunTime:0.0190s ]
SQL: SELECT a.*,b.attr_values,b.id goods_attr_id,b.attr_id FROM php_attribute a LEFT JOIN php_goods_attr b ON (a.id=b.attr_id AND b.goods_id=50)  WHERE a.type_id = '1'  [ RunTime:0.0005s ]
NOTIC: [2048] Declaration of Admin\Model\CategoryModel::_before_delete() should be compatible with Think\Model::_before_delete($options) D:\xampp\htdocs\svnphp\Application\Admin\Model\CategoryModel.class.php 第 103 行.
SQL: SHOW COLUMNS FROM `php_category` [ RunTime:0.0156s ]
SQL: SELECT * FROM `php_category`  [ RunTime:0.0005s ]
SQL: SHOW COLUMNS FROM `php_goods_cate` [ RunTime:0.0331s ]
SQL: SELECT * FROM `php_goods_cate` WHERE `goods_id` = 50  [ RunTime:0.0004s ]
SQL: SHOW COLUMNS FROM `php_goods_pic` [ RunTime:0.0256s ]
SQL: SELECT `id`,`sm_pic` FROM `php_goods_pic` WHERE `goods_id` = '50'  [ RunTime:0.0005s ]
INFO: [ view_parse ] --START--
INFO: [ template_filter ] --START--
INFO: Run Behavior\ContentReplaceBehavior [ RunTime:0.000175s ]
INFO: [ template_filter ] --END-- [ RunTime:0.000229s ]
SQL: SHOW COLUMNS FROM `php_brand` [ RunTime:0.0152s ]
SQL: SELECT `id`,`brand_name` FROM `php_brand`  [ RunTime:0.0004s ]
NOTIC: [8] Undefined variable: brandDate D:\xampp\htdocs\svnphp\Application\Runtime\Cache\Admin\608b0c961c661bd6d45820311b4b75a7.php 第 76 行.
NOTIC: [8] Undefined offset: 0 D:\xampp\htdocs\svnphp\Application\Runtime\Cache\Admin\608b0c961c661bd6d45820311b4b75a7.php 第 170 行.
NOTIC: [8] Undefined offset: 1 D:\xampp\htdocs\svnphp\Application\Runtime\Cache\Admin\608b0c961c661bd6d45820311b4b75a7.php 第 170 行.
NOTIC: [8] Undefined offset: 2 D:\xampp\htdocs\svnphp\Application\Runtime\Cache\Admin\608b0c961c661bd6d45820311b4b75a7.php 第 170 行.
NOTIC: [8] Undefined offset: 3 D:\xampp\htdocs\svnphp\Application\Runtime\Cache\Admin\608b0c961c661bd6d45820311b4b75a7.php 第 170 行.
SQL: SHOW COLUMNS FROM `php_type` [ RunTime:0.0163s ]
SQL: SELECT `id`,`type_name` FROM `php_type`  [ RunTime:0.0003s ]
NOTIC: [8] Use of undefined constant selected - assumed 'selected' D:\xampp\htdocs\svnphp\Application\Runtime\Cache\Admin\608b0c961c661bd6d45820311b4b75a7.php 第 198 行.
NOTIC: [8] Use of undefined constant selected - assumed 'selected' D:\xampp\htdocs\svnphp\Application\Runtime\Cache\Admin\608b0c961c661bd6d45820311b4b75a7.php 第 198 行.
NOTIC: [8] Use of undefined constant selected - assumed 'selected' D:\xampp\htdocs\svnphp\Application\Runtime\Cache\Admin\608b0c961c661bd6d45820311b4b75a7.php 第 198 行.
INFO: Run Behavior\ParseTemplateBehavior [ RunTime:0.174549s ]
INFO: [ view_parse ] --END-- [ RunTime:0.174595s ]
INFO: [ view_filter ] --START--
INFO: Run Behavior\WriteHtmlCacheBehavior [ RunTime:0.000486s ]
INFO: [ view_filter ] --END-- [ RunTime:0.000524s ]
INFO: [ app_end ] --START--
INFO: Run Behavior\ShowPageTraceBehavior [ RunTime:0.000767s ]
INFO: [ app_end ] --END-- [ RunTime:0.000822s ]

[ 2018-05-15T10:05:55+08:00 ] 127.0.0.1 /index.php/Admin/Goods/edit/id/50.html
INFO: [ app_begin ] --START--
INFO: Run Behavior\ReadHtmlCacheBehavior [ RunTime:0.000507s ]
INFO: [ app_begin ] --END-- [ RunTime:0.001034s ]
SQL: SHOW COLUMNS FROM `php_privilege` [ RunTime:0.0229s ]
SQL: SHOW COLUMNS FROM `php_goods` [ RunTime:0.0286s ]
SQL: SELECT * FROM `php_goods` WHERE `id` = 50 LIMIT 1   [ RunTime:0.0005s ]
SQL: SHOW COLUMNS FROM `php_member_level` [ RunTime:0.0266s ]
SQL: SELECT * FROM `php_member_level`  [ RunTime:0.0005s ]
SQL: SHOW COLUMNS FROM `php_member_price` [ RunTime:0.0267s ]
SQL: SELECT * FROM `php_member_price` WHERE `goods_id` = '50'  [ RunTime:0.0005s ]
SQL: SHOW COLUMNS FROM `php_attribute` [ RunTime:0.0279s ]
SQL: SELECT a.*,b.attr_values,b.id goods_attr_id,b.attr_id FROM php_attribute a LEFT JOIN php_goods_attr b ON (a.id=b.attr_id AND b.goods_id=50)  WHERE a.type_id = '1'  [ RunTime:0.0006s ]
NOTIC: [2048] Declaration of Admin\Model\CategoryModel::_before_delete() should be compatible with Think\Model::_before_delete($options) D:\xampp\htdocs\svnphp\Application\Admin\Model\CategoryModel.class.php 第 103 行.
SQL: SHOW COLUMNS FROM `php_category` [ RunTime:0.0244s ]
SQL: SELECT * FROM `php_category`  [ RunTime:0.0004s ]
SQL: SHOW COLUMNS FROM `php_goods_cate` [ RunTime:0.0260s ]
SQL: SELECT * FROM `php_goods_cate` WHERE `goods_id` = 50  [ RunTime:0.0004s ]
SQL: SHOW COLUMNS FROM `php_goods_pic` [ RunTime:0.0223s ]
SQL: SELECT `id`,`sm_pic` FROM `php_goods_pic` WHERE `goods_id` = '50'  [ RunTime:0.0003s ]
INFO: [ view_parse ] --START--
INFO: [ template_filter ] --START--
INFO: Run Behavior\ContentReplaceBehavior [ RunTime:0.000170s ]
INFO: [ template_filter ] --END-- [ RunTime:0.000217s ]
SQL: SHOW COLUMNS FROM `php_brand` [ RunTime:0.0273s ]
SQL: SELECT `id`,`brand_name` FROM `php_brand`  [ RunTime:0.0003s ]
NOTIC: [8] Undefined variable: brandDate D:\xampp\htdocs\svnphp\Application\Runtime\Cache\Admin\608b0c961c661bd6d45820311b4b75a7.php 第 76 行.
NOTIC: [8] Undefined offset: 0 D:\xampp\htdocs\svnphp\Application\Runtime\Cache\Admin\608b0c961c661bd6d45820311b4b75a7.php 第 170 行.
NOTIC: [8] Undefined offset: 1 D:\xampp\htdocs\svnphp\Application\Runtime\Cache\Admin\608b0c961c661bd6d45820311b4b75a7.php 第 170 行.
NOTIC: [8] Undefined offset: 2 D:\xampp\htdocs\svnphp\Application\Runtime\Cache\Admin\608b0c961c661bd6d45820311b4b75a7.php 第 170 行.
NOTIC: [8] Undefined offset: 3 D:\xampp\htdocs\svnphp\Application\Runtime\Cache\Admin\608b0c961c661bd6d45820311b4b75a7.php 第 170 行.
SQL: SHOW COLUMNS FROM `php_type` [ RunTime:0.0230s ]
SQL: SELECT `id`,`type_name` FROM `php_type`  [ RunTime:0.0004s ]
NOTIC: [8] Use of undefined constant selected - assumed 'selected' D:\xampp\htdocs\svnphp\Application\Runtime\Cache\Admin\608b0c961c661bd6d45820311b4b75a7.php 第 198 行.
NOTIC: [8] Use of undefined constant selected - assumed 'selected' D:\xampp\htdocs\svnphp\Application\Runtime\Cache\Admin\608b0c961c661bd6d45820311b4b75a7.php 第 198 行.
NOTIC: [8] Use of undefined constant selected - assumed 'selected' D:\xampp\htdocs\svnphp\Application\Runtime\Cache\Admin\608b0c961c661bd6d45820311b4b75a7.php 第 198 行.
INFO: Run Behavior\ParseTemplateBehavior [ RunTime:0.201162s ]
INFO: [ view_parse ] --END-- [ RunTime:0.201206s ]
INFO: [ view_filter ] --START--
INFO: Run Behavior\WriteHtmlCacheBehavior [ RunTime:0.000497s ]
INFO: [ view_filter ] --END-- [ RunTime:0.000532s ]
INFO: [ app_end ] --START--
INFO: Run Behavior\ShowPageTraceBehavior [ RunTime:0.000542s ]
INFO: [ app_end ] --END-- [ RunTime:0.000585s ]

[ 2018-05-15T10:05:57+08:00 ] 127.0.0.1 /index.php/Admin/Goods/edit/id/50.html
INFO: [ app_begin ] --START--
INFO: Run Behavior\ReadHtmlCacheBehavior [ RunTime:0.000493s ]
INFO: [ app_begin ] --END-- [ RunTime:0.000983s ]
SQL: SHOW COLUMNS FROM `php_privilege` [ RunTime:0.0254s ]
SQL: SHOW COLUMNS FROM `php_goods` [ RunTime:0.0190s ]
SQL: SELECT * FROM `php_goods` WHERE `id` = 50 LIMIT 1   [ RunTime:0.0005s ]
SQL: SHOW COLUMNS FROM `php_member_level` [ RunTime:0.0197s ]
SQL: SELECT * FROM `php_member_level`  [ RunTime:0.0003s ]
SQL: SHOW COLUMNS FROM `php_member_price` [ RunTime:0.0208s ]
SQL: SELECT * FROM `php_member_price` WHERE `goods_id` = '50'  [ RunTime:0.0004s ]
SQL: SHOW COLUMNS FROM `php_attribute` [ RunTime:0.0189s ]
SQL: SELECT a.*,b.attr_values,b.id goods_attr_id,b.attr_id FROM php_attribute a LEFT JOIN php_goods_attr b ON (a.id=b.attr_id AND b.goods_id=50)  WHERE a.type_id = '1'  [ RunTime:0.0005s ]
NOTIC: [2048] Declaration of Admin\Model\CategoryModel::_before_delete() should be compatible with Think\Model::_before_delete($options) D:\xampp\htdocs\svnphp\Application\Admin\Model\CategoryModel.class.php 第 103 行.
SQL: SHOW COLUMNS FROM `php_category` [ RunTime:0.0165s ]
SQL: SELECT * FROM `php_category`  [ RunTime:0.0006s ]
SQL: SHOW COLUMNS FROM `php_goods_cate` [ RunTime:0.0195s ]
SQL: SELECT * FROM `php_goods_cate` WHERE `goods_id` = 50  [ RunTime:0.0004s ]
SQL: SHOW COLUMNS FROM `php_goods_pic` [ RunTime:0.0158s ]
SQL: SELECT `id`,`sm_pic` FROM `php_goods_pic` WHERE `goods_id` = '50'  [ RunTime:0.0004s ]
INFO: [ view_parse ] --START--
INFO: [ template_filter ] --START--
INFO: Run Behavior\ContentReplaceBehavior [ RunTime:0.000169s ]
INFO: [ template_filter ] --END-- [ RunTime:0.000218s ]
SQL: SHOW COLUMNS FROM `php_brand` [ RunTime:0.0241s ]
SQL: SELECT `id`,`brand_name` FROM `php_brand`  [ RunTime:0.0004s ]
NOTIC: [8] Undefined variable: brandDate D:\xampp\htdocs\svnphp\Application\Runtime\Cache\Admin\608b0c961c661bd6d45820311b4b75a7.php 第 76 行.
NOTIC: [8] Undefined offset: 0 D:\xampp\htdocs\svnphp\Application\Runtime\Cache\Admin\608b0c961c661bd6d45820311b4b75a7.php 第 170 行.
NOTIC: [8] Undefined offset: 1 D:\xampp\htdocs\svnphp\Application\Runtime\Cache\Admin\608b0c961c661bd6d45820311b4b75a7.php 第 170 行.
NOTIC: [8] Undefined offset: 2 D:\xampp\htdocs\svnphp\Application\Runtime\Cache\Admin\608b0c961c661bd6d45820311b4b75a7.php 第 170 行.
NOTIC: [8] Undefined offset: 3 D:\xampp\htdocs\svnphp\Application\Runtime\Cache\Admin\608b0c961c661bd6d45820311b4b75a7.php 第 170 行.
SQL: SHOW COLUMNS FROM `php_type` [ RunTime:0.0188s ]
SQL: SELECT `id`,`type_name` FROM `php_type`  [ RunTime:0.0003s ]
NOTIC: [8] Use of undefined constant selected - assumed 'selected' D:\xampp\htdocs\svnphp\Application\Runtime\Cache\Admin\608b0c961c661bd6d45820311b4b75a7.php 第 198 行.
NOTIC: [8] Use of undefined constant selected - assumed 'selected' D:\xampp\htdocs\svnphp\Application\Runtime\Cache\Admin\608b0c961c661bd6d45820311b4b75a7.php 第 198 行.
NOTIC: [8] Use of undefined constant selected - assumed 'selected' D:\xampp\htdocs\svnphp\Application\Runtime\Cache\Admin\608b0c961c661bd6d45820311b4b75a7.php 第 198 行.
INFO: Run Behavior\ParseTemplateBehavior [ RunTime:0.182097s ]
INFO: [ view_parse ] --END-- [ RunTime:0.182139s ]
INFO: [ view_filter ] --START--
INFO: Run Behavior\WriteHtmlCacheBehavior [ RunTime:0.000490s ]
INFO: [ view_filter ] --END-- [ RunTime:0.000523s ]
INFO: [ app_end ] --START--
INFO: Run Behavior\ShowPageTraceBehavior [ RunTime:0.000554s ]
INFO: [ app_end ] --END-- [ RunTime:0.000594s ]

[ 2018-05-15T10:06:37+08:00 ] 127.0.0.1 /index.php/Admin/Goods/edit/id/50.html
INFO: [ app_begin ] --START--
INFO: Run Behavior\ReadHtmlCacheBehavior [ RunTime:0.000482s ]
INFO: [ app_begin ] --END-- [ RunTime:0.000950s ]
SQL: SHOW COLUMNS FROM `php_privilege` [ RunTime:0.0223s ]
SQL: SHOW COLUMNS FROM `php_goods` [ RunTime:0.0207s ]
SQL: SELECT * FROM `php_goods` WHERE `id` = 50 LIMIT 1   [ RunTime:0.0005s ]
SQL: SHOW COLUMNS FROM `php_member_level` [ RunTime:0.0195s ]
SQL: SELECT * FROM `php_member_level`  [ RunTime:0.0003s ]
SQL: SHOW COLUMNS FROM `php_member_price` [ RunTime:0.0723s ]
SQL: SELECT * FROM `php_member_price` WHERE `goods_id` = '50'  [ RunTime:0.0006s ]
SQL: SHOW COLUMNS FROM `php_attribute` [ RunTime:0.0194s ]
SQL: SELECT a.*,b.attr_values,b.id goods_attr_id,b.attr_id FROM php_attribute a LEFT JOIN php_goods_attr b ON (a.id=b.attr_id AND b.goods_id=50)  WHERE a.type_id = '1'  [ RunTime:0.0007s ]
NOTIC: [2048] Declaration of Admin\Model\CategoryModel::_before_delete() should be compatible with Think\Model::_before_delete($options) D:\xampp\htdocs\svnphp\Application\Admin\Model\CategoryModel.class.php 第 103 行.
SQL: SHOW COLUMNS FROM `php_category` [ RunTime:0.0196s ]
SQL: SELECT * FROM `php_category`  [ RunTime:0.0005s ]
SQL: SHOW COLUMNS FROM `php_goods_cate` [ RunTime:0.0191s ]
SQL: SELECT * FROM `php_goods_cate` WHERE `goods_id` = 50  [ RunTime:0.0004s ]
SQL: SHOW COLUMNS FROM `php_goods_pic` [ RunTime:0.0616s ]
SQL: SELECT `id`,`sm_pic` FROM `php_goods_pic` WHERE `goods_id` = '50'  [ RunTime:0.0003s ]
INFO: [ view_parse ] --START--
INFO: [ template_filter ] --START--
INFO: Run Behavior\ContentReplaceBehavior [ RunTime:0.000186s ]
INFO: [ template_filter ] --END-- [ RunTime:0.000243s ]
SQL: SHOW COLUMNS FROM `php_brand` [ RunTime:0.0150s ]
SQL: SELECT `id`,`brand_name` FROM `php_brand`  [ RunTime:0.0003s ]
NOTIC: [8] Undefined variable: brandDate D:\xampp\htdocs\svnphp\Application\Runtime\Cache\Admin\608b0c961c661bd6d45820311b4b75a7.php 第 76 行.
NOTIC: [8] Undefined offset: 0 D:\xampp\htdocs\svnphp\Application\Runtime\Cache\Admin\608b0c961c661bd6d45820311b4b75a7.php 第 170 行.
NOTIC: [8] Undefined offset: 1 D:\xampp\htdocs\svnphp\Application\Runtime\Cache\Admin\608b0c961c661bd6d45820311b4b75a7.php 第 170 行.
NOTIC: [8] Undefined offset: 2 D:\xampp\htdocs\svnphp\Application\Runtime\Cache\Admin\608b0c961c661bd6d45820311b4b75a7.php 第 170 行.
NOTIC: [8] Undefined offset: 3 D:\xampp\htdocs\svnphp\Application\Runtime\Cache\Admin\608b0c961c661bd6d45820311b4b75a7.php 第 170 行.
SQL: SHOW COLUMNS FROM `php_type` [ RunTime:0.0152s ]
SQL: SELECT `id`,`type_name` FROM `php_type`  [ RunTime:0.0003s ]
NOTIC: [8] Use of undefined constant selected - assumed 'selected' D:\xampp\htdocs\svnphp\Application\Runtime\Cache\Admin\608b0c961c661bd6d45820311b4b75a7.php 第 198 行.
NOTIC: [8] Use of undefined constant selected - assumed 'selected' D:\xampp\htdocs\svnphp\Application\Runtime\Cache\Admin\608b0c961c661bd6d45820311b4b75a7.php 第 198 行.
NOTIC: [8] Use of undefined constant selected - assumed 'selected' D:\xampp\htdocs\svnphp\Application\Runtime\Cache\Admin\608b0c961c661bd6d45820311b4b75a7.php 第 198 行.
INFO: Run Behavior\ParseTemplateBehavior [ RunTime:0.176088s ]
INFO: [ view_parse ] --END-- [ RunTime:0.176132s ]
INFO: [ view_filter ] --START--
INFO: Run Behavior\WriteHtmlCacheBehavior [ RunTime:0.000539s ]
INFO: [ view_filter ] --END-- [ RunTime:0.000579s ]
INFO: [ app_end ] --START--
INFO: Run Behavior\ShowPageTraceBehavior [ RunTime:0.001074s ]
INFO: [ app_end ] --END-- [ RunTime:0.001159s ]

[ 2018-05-15T10:07:21+08:00 ] 127.0.0.1 /index.php/Admin/Goods/edit/id/50.html
INFO: [ app_begin ] --START--
INFO: Run Behavior\ReadHtmlCacheBehavior [ RunTime:0.001008s ]
INFO: [ app_begin ] --END-- [ RunTime:0.001480s ]
SQL: SHOW COLUMNS FROM `php_privilege` [ RunTime:0.0234s ]
SQL: SHOW COLUMNS FROM `php_goods` [ RunTime:0.0200s ]
SQL: SELECT * FROM `php_goods` WHERE `id` = 50 LIMIT 1   [ RunTime:0.0005s ]
SQL: SHOW COLUMNS FROM `php_member_level` [ RunTime:0.0203s ]
SQL: SELECT * FROM `php_member_level`  [ RunTime:0.0003s ]
SQL: SHOW COLUMNS FROM `php_member_price` [ RunTime:0.0194s ]
SQL: SELECT * FROM `php_member_price` WHERE `goods_id` = '50'  [ RunTime:0.0004s ]
SQL: SHOW COLUMNS FROM `php_attribute` [ RunTime:0.0199s ]
SQL: SELECT a.*,b.attr_values,b.id goods_attr_id,b.attr_id FROM php_attribute a LEFT JOIN php_goods_attr b ON (a.id=b.attr_id AND b.goods_id=50)  WHERE a.type_id = '1'  [ RunTime:0.0007s ]
NOTIC: [2048] Declaration of Admin\Model\CategoryModel::_before_delete() should be compatible with Think\Model::_before_delete($options) D:\xampp\htdocs\svnphp\Application\Admin\Model\CategoryModel.class.php 第 103 行.
SQL: SHOW COLUMNS FROM `php_category` [ RunTime:0.0155s ]
SQL: SELECT * FROM `php_category`  [ RunTime:0.0006s ]
SQL: SHOW COLUMNS FROM `php_goods_cate` [ RunTime:0.0194s ]
SQL: SELECT * FROM `php_goods_cate` WHERE `goods_id` = 50  [ RunTime:0.0004s ]
SQL: SHOW COLUMNS FROM `php_goods_pic` [ RunTime:0.0157s ]
SQL: SELECT `id`,`sm_pic` FROM `php_goods_pic` WHERE `goods_id` = '50'  [ RunTime:0.0004s ]
INFO: [ view_parse ] --START--
INFO: [ template_filter ] --START--
INFO: Run Behavior\ContentReplaceBehavior [ RunTime:0.000177s ]
INFO: [ template_filter ] --END-- [ RunTime:0.000230s ]
SQL: SHOW COLUMNS FROM `php_brand` [ RunTime:0.0151s ]
SQL: SELECT `id`,`brand_name` FROM `php_brand`  [ RunTime:0.0003s ]
NOTIC: [8] Undefined variable: brandDate D:\xampp\htdocs\svnphp\Application\Runtime\Cache\Admin\608b0c961c661bd6d45820311b4b75a7.php 第 76 行.
NOTIC: [8] Undefined offset: 0 D:\xampp\htdocs\svnphp\Application\Runtime\Cache\Admin\608b0c961c661bd6d45820311b4b75a7.php 第 170 行.
NOTIC: [8] Undefined offset: 1 D:\xampp\htdocs\svnphp\Application\Runtime\Cache\Admin\608b0c961c661bd6d45820311b4b75a7.php 第 170 行.
NOTIC: [8] Undefined offset: 2 D:\xampp\htdocs\svnphp\Application\Runtime\Cache\Admin\608b0c961c661bd6d45820311b4b75a7.php 第 170 行.
NOTIC: [8] Undefined offset: 3 D:\xampp\htdocs\svnphp\Application\Runtime\Cache\Admin\608b0c961c661bd6d45820311b4b75a7.php 第 170 行.
SQL: SHOW COLUMNS FROM `php_type` [ RunTime:0.0156s ]
SQL: SELECT `id`,`type_name` FROM `php_type`  [ RunTime:0.0003s ]
NOTIC: [8] Use of undefined constant selected - assumed 'selected' D:\xampp\htdocs\svnphp\Application\Runtime\Cache\Admin\608b0c961c661bd6d45820311b4b75a7.php 第 198 行.
NOTIC: [8] Use of undefined constant selected - assumed 'selected' D:\xampp\htdocs\svnphp\Application\Runtime\Cache\Admin\608b0c961c661bd6d45820311b4b75a7.php 第 198 行.
NOTIC: [8] Use of undefined constant selected - assumed 'selected' D:\xampp\htdocs\svnphp\Application\Runtime\Cache\Admin\608b0c961c661bd6d45820311b4b75a7.php 第 198 行.
INFO: Run Behavior\ParseTemplateBehavior [ RunTime:0.171655s ]
INFO: [ view_parse ] --END-- [ RunTime:0.171697s ]
INFO: [ view_filter ] --START--
INFO: Run Behavior\WriteHtmlCacheBehavior [ RunTime:0.000676s ]
INFO: [ view_filter ] --END-- [ RunTime:0.000709s ]
INFO: [ app_end ] --START--
INFO: Run Behavior\ShowPageTraceBehavior [ RunTime:0.000745s ]
INFO: [ app_end ] --END-- [ RunTime:0.000786s ]

[ 2018-05-15T10:07:23+08:00 ] 127.0.0.1 /index.php/Admin/Goods/edit/id/50.html
INFO: [ app_begin ] --START--
INFO: Run Behavior\ReadHtmlCacheBehavior [ RunTime:0.000582s ]
INFO: [ app_begin ] --END-- [ RunTime:0.000934s ]
SQL: SHOW COLUMNS FROM `php_privilege` [ RunTime:0.0639s ]
SQL: SHOW COLUMNS FROM `php_goods` [ RunTime:0.0194s ]
SQL: SELECT * FROM `php_goods` WHERE `id` = 50 LIMIT 1   [ RunTime:0.0005s ]
SQL: SHOW COLUMNS FROM `php_member_level` [ RunTime:0.0195s ]
SQL: SELECT * FROM `php_member_level`  [ RunTime:0.0003s ]
SQL: SHOW COLUMNS FROM `php_member_price` [ RunTime:0.0191s ]
SQL: SELECT * FROM `php_member_price` WHERE `goods_id` = '50'  [ RunTime:0.0004s ]
SQL: SHOW COLUMNS FROM `php_attribute` [ RunTime:0.0178s ]
SQL: SELECT a.*,b.attr_values,b.id goods_attr_id,b.attr_id FROM php_attribute a LEFT JOIN php_goods_attr b ON (a.id=b.attr_id AND b.goods_id=50)  WHERE a.type_id = '1'  [ RunTime:0.0007s ]
NOTIC: [2048] Declaration of Admin\Model\CategoryModel::_before_delete() should be compatible with Think\Model::_before_delete($options) D:\xampp\htdocs\svnphp\Application\Admin\Model\CategoryModel.class.php 第 103 行.
SQL: SHOW COLUMNS FROM `php_category` [ RunTime:0.0146s ]
SQL: SELECT * FROM `php_category`  [ RunTime:0.0005s ]
SQL: SHOW COLUMNS FROM `php_goods_cate` [ RunTime:0.0180s ]
SQL: SELECT * FROM `php_goods_cate` WHERE `goods_id` = 50  [ RunTime:0.0003s ]
SQL: SHOW COLUMNS FROM `php_goods_pic` [ RunTime:0.0154s ]
SQL: SELECT `id`,`sm_pic` FROM `php_goods_pic` WHERE `goods_id` = '50'  [ RunTime:0.0005s ]
INFO: [ view_parse ] --START--
INFO: [ template_filter ] --START--
INFO: Run Behavior\ContentReplaceBehavior [ RunTime:0.000170s ]
INFO: [ template_filter ] --END-- [ RunTime:0.000216s ]
SQL: SHOW COLUMNS FROM `php_brand` [ RunTime:0.0165s ]
SQL: SELECT `id`,`brand_name` FROM `php_brand`  [ RunTime:0.0003s ]
NOTIC: [8] Undefined variable: brandDate D:\xampp\htdocs\svnphp\Application\Runtime\Cache\Admin\608b0c961c661bd6d45820311b4b75a7.php 第 76 行.
NOTIC: [8] Undefined offset: 0 D:\xampp\htdocs\svnphp\Application\Runtime\Cache\Admin\608b0c961c661bd6d45820311b4b75a7.php 第 170 行.
NOTIC: [8] Undefined offset: 1 D:\xampp\htdocs\svnphp\Application\Runtime\Cache\Admin\608b0c961c661bd6d45820311b4b75a7.php 第 170 行.
NOTIC: [8] Undefined offset: 2 D:\xampp\htdocs\svnphp\Application\Runtime\Cache\Admin\608b0c961c661bd6d45820311b4b75a7.php 第 170 行.
NOTIC: [8] Undefined offset: 3 D:\xampp\htdocs\svnphp\Application\Runtime\Cache\Admin\608b0c961c661bd6d45820311b4b75a7.php 第 170 行.
SQL: SHOW COLUMNS FROM `php_type` [ RunTime:0.0170s ]
SQL: SELECT `id`,`type_name` FROM `php_type`  [ RunTime:0.0004s ]
NOTIC: [8] Use of undefined constant selected - assumed 'selected' D:\xampp\htdocs\svnphp\Application\Runtime\Cache\Admin\608b0c961c661bd6d45820311b4b75a7.php 第 198 行.
NOTIC: [8] Use of undefined constant selected - assumed 'selected' D:\xampp\htdocs\svnphp\Application\Runtime\Cache\Admin\608b0c961c661bd6d45820311b4b75a7.php 第 198 行.
NOTIC: [8] Use of undefined constant selected - assumed 'selected' D:\xampp\htdocs\svnphp\Application\Runtime\Cache\Admin\608b0c961c661bd6d45820311b4b75a7.php 第 198 行.
INFO: Run Behavior\ParseTemplateBehavior [ RunTime:0.178108s ]
INFO: [ view_parse ] --END-- [ RunTime:0.178153s ]
INFO: [ view_filter ] --START--
INFO: Run Behavior\WriteHtmlCacheBehavior [ RunTime:0.000490s ]
INFO: [ view_filter ] --END-- [ RunTime:0.000523s ]
INFO: [ app_end ] --START--
INFO: Run Behavior\ShowPageTraceBehavior [ RunTime:0.000607s ]
INFO: [ app_end ] --END-- [ RunTime:0.000657s ]

[ 2018-05-15T10:11:01+08:00 ] 127.0.0.1 /index.php/Admin/Goods/edit/id/50.html
INFO: [ app_begin ] --START--
INFO: Run Behavior\ReadHtmlCacheBehavior [ RunTime:0.000647s ]
INFO: [ app_begin ] --END-- [ RunTime:0.001468s ]
SQL: SHOW COLUMNS FROM `php_privilege` [ RunTime:0.0254s ]
SQL: SHOW COLUMNS FROM `php_goods` [ RunTime:0.0204s ]
SQL: SELECT * FROM `php_goods` WHERE `id` = 50 LIMIT 1   [ RunTime:0.0007s ]
SQL: SHOW COLUMNS FROM `php_member_level` [ RunTime:0.0198s ]
SQL: SELECT * FROM `php_member_level`  [ RunTime:0.0007s ]
SQL: SHOW COLUMNS FROM `php_member_price` [ RunTime:0.0195s ]
SQL: SELECT * FROM `php_member_price` WHERE `goods_id` = '50'  [ RunTime:0.0004s ]
SQL: SHOW COLUMNS FROM `php_attribute` [ RunTime:0.0198s ]
SQL: SELECT a.*,b.attr_values,b.id goods_attr_id,b.attr_id FROM php_attribute a LEFT JOIN php_goods_attr b ON (a.id=b.attr_id AND b.goods_id=50)  WHERE a.type_id = '1'  [ RunTime:0.0005s ]
NOTIC: [2048] Declaration of Admin\Model\CategoryModel::_before_delete() should be compatible with Think\Model::_before_delete($options) D:\xampp\htdocs\svnphp\Application\Admin\Model\CategoryModel.class.php 第 103 行.
SQL: SHOW COLUMNS FROM `php_category` [ RunTime:0.0154s ]
SQL: SELECT * FROM `php_category`  [ RunTime:0.0005s ]
SQL: SHOW COLUMNS FROM `php_goods_cate` [ RunTime:0.0199s ]
SQL: SELECT * FROM `php_goods_cate` WHERE `goods_id` = 50  [ RunTime:0.0004s ]
SQL: SHOW COLUMNS FROM `php_goods_pic` [ RunTime:0.0161s ]
SQL: SELECT `id`,`sm_pic` FROM `php_goods_pic` WHERE `goods_id` = '50'  [ RunTime:0.0004s ]
INFO: [ view_parse ] --START--
INFO: [ template_filter ] --START--
INFO: Run Behavior\ContentReplaceBehavior [ RunTime:0.000170s ]
INFO: [ template_filter ] --END-- [ RunTime:0.000220s ]
SQL: SHOW COLUMNS FROM `php_brand` [ RunTime:0.0141s ]
SQL: SELECT `id`,`brand_name` FROM `php_brand`  [ RunTime:0.0003s ]
NOTIC: [8] Undefined variable: brandDate D:\xampp\htdocs\svnphp\Application\Runtime\Cache\Admin\608b0c961c661bd6d45820311b4b75a7.php 第 76 行.
NOTIC: [8] Undefined offset: 0 D:\xampp\htdocs\svnphp\Application\Runtime\Cache\Admin\608b0c961c661bd6d45820311b4b75a7.php 第 170 行.
NOTIC: [8] Undefined offset: 1 D:\xampp\htdocs\svnphp\Application\Runtime\Cache\Admin\608b0c961c661bd6d45820311b4b75a7.php 第 170 行.
NOTIC: [8] Undefined offset: 2 D:\xampp\htdocs\svnphp\Application\Runtime\Cache\Admin\608b0c961c661bd6d45820311b4b75a7.php 第 170 行.
NOTIC: [8] Undefined offset: 3 D:\xampp\htdocs\svnphp\Application\Runtime\Cache\Admin\608b0c961c661bd6d45820311b4b75a7.php 第 170 行.
SQL: SHOW COLUMNS FROM `php_type` [ RunTime:0.0156s ]
SQL: SELECT `id`,`type_name` FROM `php_type`  [ RunTime:0.0003s ]
NOTIC: [8] Use of undefined constant selected - assumed 'selected' D:\xampp\htdocs\svnphp\Application\Runtime\Cache\Admin\608b0c961c661bd6d45820311b4b75a7.php 第 198 行.
NOTIC: [8] Use of undefined constant selected - assumed 'selected' D:\xampp\htdocs\svnphp\Application\Runtime\Cache\Admin\608b0c961c661bd6d45820311b4b75a7.php 第 198 行.
NOTIC: [8] Use of undefined constant selected - assumed 'selected' D:\xampp\htdocs\svnphp\Application\Runtime\Cache\Admin\608b0c961c661bd6d45820311b4b75a7.php 第 198 行.
INFO: Run Behavior\ParseTemplateBehavior [ RunTime:0.172630s ]
INFO: [ view_parse ] --END-- [ RunTime:0.172684s ]
INFO: [ view_filter ] --START--
INFO: Run Behavior\WriteHtmlCacheBehavior [ RunTime:0.000419s ]
INFO: [ view_filter ] --END-- [ RunTime:0.000459s ]
INFO: [ app_end ] --START--
INFO: Run Behavior\ShowPageTraceBehavior [ RunTime:0.000656s ]
INFO: [ app_end ] --END-- [ RunTime:0.000712s ]

[ 2018-05-15T10:14:43+08:00 ] 127.0.0.1 /index.php/Admin/Goods/getDelPic/pic_id=4
INFO: [ app_begin ] --START--
INFO: Run Behavior\ReadHtmlCacheBehavior [ RunTime:0.000483s ]
INFO: [ app_begin ] --END-- [ RunTime:0.000931s ]
SQL: SHOW COLUMNS FROM `php_privilege` [ RunTime:0.0227s ]
INFO: [ app_end ] --START--
INFO: Run Behavior\ShowPageTraceBehavior [ RunTime:0.000779s ]
INFO: [ app_end ] --END-- [ RunTime:0.000817s ]

[ 2018-05-15T10:15:40+08:00 ] 127.0.0.1 /index.php/Admin/Goods/getDelPic/pic_id=4
INFO: [ app_begin ] --START--
INFO: Run Behavior\ReadHtmlCacheBehavior [ RunTime:0.000498s ]
INFO: [ app_begin ] --END-- [ RunTime:0.000998s ]
SQL: SHOW COLUMNS FROM `php_privilege` [ RunTime:0.0246s ]
INFO: [ app_end ] --START--
INFO: Run Behavior\ShowPageTraceBehavior [ RunTime:0.000781s ]
INFO: [ app_end ] --END-- [ RunTime:0.000833s ]

[ 2018-05-15T10:16:02+08:00 ] 127.0.0.1 /index.php/Admin/Goods/getDelPic/pic_id=4
INFO: [ app_begin ] --START--
INFO: Run Behavior\ReadHtmlCacheBehavior [ RunTime:0.000569s ]
INFO: [ app_begin ] --END-- [ RunTime:0.001404s ]
SQL: SHOW COLUMNS FROM `php_privilege` [ RunTime:0.0251s ]
INFO: [ app_end ] --START--
INFO: Run Behavior\ShowPageTraceBehavior [ RunTime:0.000658s ]
INFO: [ app_end ] --END-- [ RunTime:0.000699s ]

[ 2018-05-15T10:16:09+08:00 ] 127.0.0.1 /index.php/Admin/Goods/getDelPic/pic_id=3
INFO: [ app_begin ] --START--
INFO: Run Behavior\ReadHtmlCacheBehavior [ RunTime:0.000870s ]
INFO: [ app_begin ] --END-- [ RunTime:0.002135s ]
SQL: SHOW COLUMNS FROM `php_privilege` [ RunTime:0.0245s ]
INFO: [ app_end ] --START--
INFO: Run Behavior\ShowPageTraceBehavior [ RunTime:0.000775s ]
INFO: [ app_end ] --END-- [ RunTime:0.000816s ]

[ 2018-05-15T10:16:35+08:00 ] 127.0.0.1 /index.php/Admin/Goods/getDelPic/pic_id=3
INFO: [ app_begin ] --START--
INFO: Run Behavior\ReadHtmlCacheBehavior [ RunTime:0.000754s ]
INFO: [ app_begin ] --END-- [ RunTime:0.001488s ]
SQL: SHOW COLUMNS FROM `php_privilege` [ RunTime:0.0251s ]
INFO: [ app_end ] --START--
INFO: Run Behavior\ShowPageTraceBehavior [ RunTime:0.000771s ]
INFO: [ app_end ] --END-- [ RunTime:0.000813s ]

[ 2018-05-15T10:17:05+08:00 ] 127.0.0.1 /index.php/Admin/Goods/getDelPic/pic_id=4
INFO: [ app_begin ] --START--
INFO: Run Behavior\ReadHtmlCacheBehavior [ RunTime:0.000999s ]
INFO: [ app_begin ] --END-- [ RunTime:0.001834s ]
SQL: SHOW COLUMNS FROM `php_privilege` [ RunTime:0.0262s ]
INFO: [ app_end ] --START--
INFO: Run Behavior\ShowPageTraceBehavior [ RunTime:0.000741s ]
INFO: [ app_end ] --END-- [ RunTime:0.000779s ]

[ 2018-05-15T10:21:10+08:00 ] 127.0.0.1 /index.php/Admin/Goods/getDelPic/pic_id=4
INFO: [ app_begin ] --START--
INFO: Run Behavior\ReadHtmlCacheBehavior [ RunTime:0.000753s ]
INFO: [ app_begin ] --END-- [ RunTime:0.001475s ]
SQL: SHOW COLUMNS FROM `php_privilege` [ RunTime:0.0254s ]
SQL: SHOW COLUMNS FROM `php_goods_pic` [ RunTime:0.0154s ]
SQL: DELETE FROM `php_goods_pic` WHERE `id` = '' [ RunTime:0.0005s ]
INFO: [ app_end ] --START--
INFO: Run Behavior\ShowPageTraceBehavior [ RunTime:0.000757s ]
INFO: [ app_end ] --END-- [ RunTime:0.000801s ]

[ 2018-05-15T10:23:12+08:00 ] 127.0.0.1 /index.php/Admin/Goods/getDelPic/pic_id=4
INFO: [ app_begin ] --START--
INFO: Run Behavior\ReadHtmlCacheBehavior [ RunTime:0.000773s ]
INFO: [ app_begin ] --END-- [ RunTime:0.001252s ]
SQL: SHOW COLUMNS FROM `php_privilege` [ RunTime:0.0240s ]
SQL: SHOW COLUMNS FROM `php_goods_pic` [ RunTime:0.0167s ]
SQL: DELETE FROM `php_goods_pic` WHERE `id` = '' [ RunTime:0.0003s ]
INFO: [ app_end ] --START--
INFO: Run Behavior\ShowPageTraceBehavior [ RunTime:0.000942s ]
INFO: [ app_end ] --END-- [ RunTime:0.000984s ]

[ 2018-05-15T10:25:09+08:00 ] 127.0.0.1 /index.php/Admin/Goods/getDelPic/pic_id=4
INFO: [ app_begin ] --START--
INFO: Run Behavior\ReadHtmlCacheBehavior [ RunTime:0.001038s ]
INFO: [ app_begin ] --END-- [ RunTime:0.001665s ]
SQL: SHOW COLUMNS FROM `php_privilege` [ RunTime:0.0262s ]
SQL: SHOW COLUMNS FROM `php_goods_pic` [ RunTime:0.0168s ]
SQL: DELETE FROM `php_goods_pic` WHERE `id` = '' [ RunTime:0.0003s ]
INFO: [ app_end ] --START--
INFO: Run Behavior\ShowPageTraceBehavior [ RunTime:0.000871s ]
INFO: [ app_end ] --END-- [ RunTime:0.000909s ]

[ 2018-05-15T10:26:30+08:00 ] 127.0.0.1 /index.php/Admin/Goods/getDelPic/pic_id=4
INFO: [ app_begin ] --START--
INFO: Run Behavior\ReadHtmlCacheBehavior [ RunTime:0.000482s ]
INFO: [ app_begin ] --END-- [ RunTime:0.000931s ]
SQL: SHOW COLUMNS FROM `php_privilege` [ RunTime:0.0259s ]

[ 2018-05-15T10:26:51+08:00 ] 127.0.0.1 /index.php/Admin/Goods/getDelPic/pic_id=4
INFO: [ app_begin ] --START--
INFO: Run Behavior\ReadHtmlCacheBehavior [ RunTime:0.000482s ]
INFO: [ app_begin ] --END-- [ RunTime:0.000928s ]
SQL: SHOW COLUMNS FROM `php_privilege` [ RunTime:0.0253s ]
SQL: SHOW COLUMNS FROM `php_goods_pic` [ RunTime:0.0144s ]
SQL: DELETE FROM `php_goods_pic` WHERE `id` = '' [ RunTime:0.0004s ]
INFO: [ app_end ] --START--
INFO: Run Behavior\ShowPageTraceBehavior [ RunTime:0.000716s ]
INFO: [ app_end ] --END-- [ RunTime:0.000753s ]

[ 2018-05-15T10:28:16+08:00 ] 127.0.0.1 /index.php/Admin/Goods/getDelPic/pic_id=4
INFO: [ app_begin ] --START--
INFO: Run Behavior\ReadHtmlCacheBehavior [ RunTime:0.000743s ]
INFO: [ app_begin ] --END-- [ RunTime:0.001470s ]
SQL: SHOW COLUMNS FROM `php_privilege` [ RunTime:0.0284s ]
SQL: SHOW COLUMNS FROM `php_goods_pic` [ RunTime:0.0147s ]
SQL: DELETE FROM `php_goods_pic` WHERE `id` = '' [ RunTime:0.0003s ]
INFO: [ app_end ] --START--
INFO: Run Behavior\ShowPageTraceBehavior [ RunTime:0.000679s ]
INFO: [ app_end ] --END-- [ RunTime:0.000716s ]

[ 2018-05-15T10:28:30+08:00 ] 127.0.0.1 /index.php/Admin/Goods/getDelPic/pic_id=3
INFO: [ app_begin ] --START--
INFO: Run Behavior\ReadHtmlCacheBehavior [ RunTime:0.000494s ]
INFO: [ app_begin ] --END-- [ RunTime:0.001001s ]
SQL: SHOW COLUMNS FROM `php_privilege` [ RunTime:0.0221s ]
SQL: SHOW COLUMNS FROM `php_goods_pic` [ RunTime:0.0145s ]
SQL: DELETE FROM `php_goods_pic` WHERE `id` = '' [ RunTime:0.0003s ]
INFO: [ app_end ] --START--
INFO: Run Behavior\ShowPageTraceBehavior [ RunTime:0.000714s ]
INFO: [ app_end ] --END-- [ RunTime:0.000749s ]

[ 2018-05-15T10:28:31+08:00 ] 127.0.0.1 /index.php/Admin/Goods/getDelPic/pic_id=3
INFO: [ app_begin ] --START--
INFO: Run Behavior\ReadHtmlCacheBehavior [ RunTime:0.000480s ]
INFO: [ app_begin ] --END-- [ RunTime:0.000925s ]
SQL: SHOW COLUMNS FROM `php_privilege` [ RunTime:0.0211s ]
SQL: SHOW COLUMNS FROM `php_goods_pic` [ RunTime:0.0148s ]
SQL: DELETE FROM `php_goods_pic` WHERE `id` = '' [ RunTime:0.0003s ]
INFO: [ app_end ] --START--
INFO: Run Behavior\ShowPageTraceBehavior [ RunTime:0.000710s ]
INFO: [ app_end ] --END-- [ RunTime:0.000745s ]

[ 2018-05-15T10:28:32+08:00 ] 127.0.0.1 /index.php/Admin/Goods/getDelPic/pic_id=3
INFO: [ app_begin ] --START--
INFO: Run Behavior\ReadHtmlCacheBehavior [ RunTime:0.000504s ]
INFO: [ app_begin ] --END-- [ RunTime:0.001032s ]
SQL: SHOW COLUMNS FROM `php_privilege` [ RunTime:0.0147s ]
SQL: SHOW COLUMNS FROM `php_goods_pic` [ RunTime:0.0222s ]
SQL: DELETE FROM `php_goods_pic` WHERE `id` = '' [ RunTime:0.0003s ]
INFO: [ app_end ] --START--
INFO: Run Behavior\ShowPageTraceBehavior [ RunTime:0.000709s ]
INFO: [ app_end ] --END-- [ RunTime:0.000746s ]

[ 2018-05-15T10:28:32+08:00 ] 127.0.0.1 /index.php/Admin/Goods/getDelPic/pic_id=3
INFO: [ app_begin ] --START--
INFO: Run Behavior\ReadHtmlCacheBehavior [ RunTime:0.000477s ]
INFO: [ app_begin ] --END-- [ RunTime:0.000921s ]
SQL: SHOW COLUMNS FROM `php_privilege` [ RunTime:0.0148s ]
SQL: SHOW COLUMNS FROM `php_goods_pic` [ RunTime:0.0152s ]
SQL: DELETE FROM `php_goods_pic` WHERE `id` = '' [ RunTime:0.0003s ]
INFO: [ app_end ] --START--
INFO: Run Behavior\ShowPageTraceBehavior [ RunTime:0.000643s ]
INFO: [ app_end ] --END-- [ RunTime:0.000681s ]

[ 2018-05-15T10:28:32+08:00 ] 127.0.0.1 /index.php/Admin/Goods/getDelPic/pic_id=3
INFO: [ app_begin ] --START--
INFO: Run Behavior\ReadHtmlCacheBehavior [ RunTime:0.000485s ]
INFO: [ app_begin ] --END-- [ RunTime:0.000926s ]
SQL: SHOW COLUMNS FROM `php_privilege` [ RunTime:0.0136s ]
SQL: SHOW COLUMNS FROM `php_goods_pic` [ RunTime:0.0152s ]
SQL: DELETE FROM `php_goods_pic` WHERE `id` = '' [ RunTime:0.0003s ]
INFO: [ app_end ] --START--
INFO: Run Behavior\ShowPageTraceBehavior [ RunTime:0.000856s ]
INFO: [ app_end ] --END-- [ RunTime:0.000894s ]

[ 2018-05-15T10:30:32+08:00 ] 127.0.0.1 /index.php/Admin/Goods/getDelPic/pic_id=4
INFO: [ app_begin ] --START--
INFO: Run Behavior\ReadHtmlCacheBehavior [ RunTime:0.000478s ]
INFO: [ app_begin ] --END-- [ RunTime:0.000924s ]
SQL: SHOW COLUMNS FROM `php_privilege` [ RunTime:0.0223s ]
SQL: SHOW COLUMNS FROM `php_goods_pic` [ RunTime:0.0142s ]
SQL: DELETE FROM `php_goods_pic` WHERE `id` = '' [ RunTime:0.0003s ]
INFO: [ app_end ] --START--
INFO: Run Behavior\ShowPageTraceBehavior [ RunTime:0.000766s ]
INFO: [ app_end ] --END-- [ RunTime:0.000802s ]

[ 2018-05-15T10:30:32+08:00 ] 127.0.0.1 /index.php/Admin/Goods/getDelPic/pic_id=4
INFO: [ app_begin ] --START--
INFO: Run Behavior\ReadHtmlCacheBehavior [ RunTime:0.000492s ]
INFO: [ app_begin ] --END-- [ RunTime:0.000967s ]
SQL: SHOW COLUMNS FROM `php_privilege` [ RunTime:0.0150s ]
SQL: SHOW COLUMNS FROM `php_goods_pic` [ RunTime:0.0151s ]
SQL: DELETE FROM `php_goods_pic` WHERE `id` = '' [ RunTime:0.0004s ]
INFO: [ app_end ] --START--
INFO: Run Behavior\ShowPageTraceBehavior [ RunTime:0.000800s ]
INFO: [ app_end ] --END-- [ RunTime:0.000839s ]

[ 2018-05-15T10:30:33+08:00 ] 127.0.0.1 /index.php/Admin/Goods/getDelPic/pic_id=4
INFO: [ app_begin ] --START--
INFO: Run Behavior\ReadHtmlCacheBehavior [ RunTime:0.000543s ]
INFO: [ app_begin ] --END-- [ RunTime:0.001232s ]
SQL: SHOW COLUMNS FROM `php_privilege` [ RunTime:0.0225s ]
SQL: SHOW COLUMNS FROM `php_goods_pic` [ RunTime:0.0152s ]
SQL: DELETE FROM `php_goods_pic` WHERE `id` = '' [ RunTime:0.0003s ]
INFO: [ app_end ] --START--
INFO: Run Behavior\ShowPageTraceBehavior [ RunTime:0.000763s ]
INFO: [ app_end ] --END-- [ RunTime:0.000802s ]

[ 2018-05-15T10:30:34+08:00 ] 127.0.0.1 /index.php/Admin/Goods/getDelPic/pic_id=3
INFO: [ app_begin ] --START--
INFO: Run Behavior\ReadHtmlCacheBehavior [ RunTime:0.000479s ]
INFO: [ app_begin ] --END-- [ RunTime:0.000929s ]
SQL: SHOW COLUMNS FROM `php_privilege` [ RunTime:0.0215s ]
SQL: SHOW COLUMNS FROM `php_goods_pic` [ RunTime:0.0144s ]
SQL: DELETE FROM `php_goods_pic` WHERE `id` = '' [ RunTime:0.0003s ]
INFO: [ app_end ] --START--
INFO: Run Behavior\ShowPageTraceBehavior [ RunTime:0.000723s ]
INFO: [ app_end ] --END-- [ RunTime:0.000759s ]

[ 2018-05-15T10:30:36+08:00 ] 127.0.0.1 /index.php/Admin/Goods/getDelPic/pic_id=3
INFO: [ app_begin ] --START--
INFO: Run Behavior\ReadHtmlCacheBehavior [ RunTime:0.000475s ]
INFO: [ app_begin ] --END-- [ RunTime:0.000917s ]
SQL: SHOW COLUMNS FROM `php_privilege` [ RunTime:0.0215s ]
SQL: SHOW COLUMNS FROM `php_goods_pic` [ RunTime:0.0145s ]
SQL: DELETE FROM `php_goods_pic` WHERE `id` = '' [ RunTime:0.0003s ]
INFO: [ app_end ] --START--
INFO: Run Behavior\ShowPageTraceBehavior [ RunTime:0.000718s ]
INFO: [ app_end ] --END-- [ RunTime:0.000753s ]

[ 2018-05-15T10:30:36+08:00 ] 127.0.0.1 /index.php/Admin/Goods/getDelPic/pic_id=4
INFO: [ app_begin ] --START--
INFO: Run Behavior\ReadHtmlCacheBehavior [ RunTime:0.000661s ]
INFO: [ app_begin ] --END-- [ RunTime:0.001311s ]
SQL: SHOW COLUMNS FROM `php_privilege` [ RunTime:0.0177s ]
SQL: SHOW COLUMNS FROM `php_goods_pic` [ RunTime:0.0221s ]
SQL: DELETE FROM `php_goods_pic` WHERE `id` = '' [ RunTime:0.0003s ]
INFO: [ app_end ] --START--
INFO: Run Behavior\ShowPageTraceBehavior [ RunTime:0.000826s ]
INFO: [ app_end ] --END-- [ RunTime:0.000869s ]

[ 2018-05-15T10:31:54+08:00 ] 127.0.0.1 /index.php/Admin/Goods/getDelPic/pic_id=4
INFO: [ app_begin ] --START--
INFO: Run Behavior\ReadHtmlCacheBehavior [ RunTime:0.000913s ]
INFO: [ app_begin ] --END-- [ RunTime:0.001519s ]
SQL: SHOW COLUMNS FROM `php_privilege` [ RunTime:0.0217s ]
SQL: SHOW COLUMNS FROM `php_goods_pic` [ RunTime:0.0147s ]
SQL: DELETE FROM `php_goods_pic` WHERE `id` = '' [ RunTime:0.0003s ]
INFO: [ app_end ] --START--
INFO: Run Behavior\ShowPageTraceBehavior [ RunTime:0.000928s ]
INFO: [ app_end ] --END-- [ RunTime:0.000964s ]

[ 2018-05-15T10:31:54+08:00 ] 127.0.0.1 /index.php/Admin/Goods/getDelPic/pic_id=4
INFO: [ app_begin ] --START--
INFO: Run Behavior\ReadHtmlCacheBehavior [ RunTime:0.000574s ]
INFO: [ app_begin ] --END-- [ RunTime:0.000942s ]
SQL: SHOW COLUMNS FROM `php_privilege` [ RunTime:0.0142s ]
SQL: SHOW COLUMNS FROM `php_goods_pic` [ RunTime:0.0148s ]
SQL: DELETE FROM `php_goods_pic` WHERE `id` = '' [ RunTime:0.0003s ]
INFO: [ app_end ] --START--
INFO: Run Behavior\ShowPageTraceBehavior [ RunTime:0.000724s ]
INFO: [ app_end ] --END-- [ RunTime:0.000759s ]

[ 2018-05-15T10:31:55+08:00 ] 127.0.0.1 /index.php/Admin/Goods/getDelPic/pic_id=4
INFO: [ app_begin ] --START--
INFO: Run Behavior\ReadHtmlCacheBehavior [ RunTime:0.000570s ]
INFO: [ app_begin ] --END-- [ RunTime:0.000918s ]
SQL: SHOW COLUMNS FROM `php_privilege` [ RunTime:0.0211s ]
SQL: SHOW COLUMNS FROM `php_goods_pic` [ RunTime:0.0149s ]
SQL: DELETE FROM `php_goods_pic` WHERE `id` = '' [ RunTime:0.0003s ]
INFO: [ app_end ] --START--
INFO: Run Behavior\ShowPageTraceBehavior [ RunTime:0.000726s ]
INFO: [ app_end ] --END-- [ RunTime:0.000762s ]

[ 2018-05-15T10:32:13+08:00 ] 127.0.0.1 /index.php/Admin/Goods/getDelPic/pic_id=4
INFO: [ app_begin ] --START--
INFO: Run Behavior\ReadHtmlCacheBehavior [ RunTime:0.000572s ]
INFO: [ app_begin ] --END-- [ RunTime:0.000924s ]
SQL: SHOW COLUMNS FROM `php_privilege` [ RunTime:0.0221s ]
SQL: SHOW COLUMNS FROM `php_goods_pic` [ RunTime:0.0146s ]
SQL: DELETE FROM `php_goods_pic` WHERE `id` = '' [ RunTime:0.0003s ]
INFO: [ app_end ] --START--
INFO: Run Behavior\ShowPageTraceBehavior [ RunTime:0.000725s ]
INFO: [ app_end ] --END-- [ RunTime:0.000761s ]

[ 2018-05-15T10:32:36+08:00 ] 127.0.0.1 /index.php/Admin/Goods/getDelPic/pic_id=4
INFO: [ app_begin ] --START--
INFO: Run Behavior\ReadHtmlCacheBehavior [ RunTime:0.000604s ]
INFO: [ app_begin ] --END-- [ RunTime:0.001027s ]
SQL: SHOW COLUMNS FROM `php_privilege` [ RunTime:0.0226s ]
SQL: SHOW COLUMNS FROM `php_goods_pic` [ RunTime:0.0152s ]
SQL: DELETE FROM `php_goods_pic` WHERE `id` = '' [ RunTime:0.0003s ]
INFO: [ app_end ] --START--
INFO: Run Behavior\ShowPageTraceBehavior [ RunTime:0.000709s ]
INFO: [ app_end ] --END-- [ RunTime:0.000746s ]

[ 2018-05-15T10:32:37+08:00 ] 127.0.0.1 /index.php/Admin/Goods/getDelPic/pic_id=3
INFO: [ app_begin ] --START--
INFO: Run Behavior\ReadHtmlCacheBehavior [ RunTime:0.000569s ]
INFO: [ app_begin ] --END-- [ RunTime:0.000918s ]
SQL: SHOW COLUMNS FROM `php_privilege` [ RunTime:0.0222s ]
SQL: SHOW COLUMNS FROM `php_goods_pic` [ RunTime:0.0154s ]
SQL: DELETE FROM `php_goods_pic` WHERE `id` = '' [ RunTime:0.0003s ]
INFO: [ app_end ] --START--
INFO: Run Behavior\ShowPageTraceBehavior [ RunTime:0.000714s ]
INFO: [ app_end ] --END-- [ RunTime:0.000750s ]

[ 2018-05-15T10:32:37+08:00 ] 127.0.0.1 /index.php/Admin/Goods/getDelPic/pic_id=3
INFO: [ app_begin ] --START--
INFO: Run Behavior\ReadHtmlCacheBehavior [ RunTime:0.000601s ]
INFO: [ app_begin ] --END-- [ RunTime:0.001066s ]
SQL: SHOW COLUMNS FROM `php_privilege` [ RunTime:0.0152s ]
SQL: SHOW COLUMNS FROM `php_goods_pic` [ RunTime:0.0154s ]
SQL: DELETE FROM `php_goods_pic` WHERE `id` = '' [ RunTime:0.0004s ]
INFO: [ app_end ] --START--
INFO: Run Behavior\ShowPageTraceBehavior [ RunTime:0.000711s ]
INFO: [ app_end ] --END-- [ RunTime:0.000750s ]

[ 2018-05-15T10:32:38+08:00 ] 127.0.0.1 /index.php/Admin/Goods/getDelPic/pic_id=4
INFO: [ app_begin ] --START--
INFO: Run Behavior\ReadHtmlCacheBehavior [ RunTime:0.000575s ]
INFO: [ app_begin ] --END-- [ RunTime:0.000927s ]
SQL: SHOW COLUMNS FROM `php_privilege` [ RunTime:0.0223s ]
SQL: SHOW COLUMNS FROM `php_goods_pic` [ RunTime:0.0155s ]
SQL: DELETE FROM `php_goods_pic` WHERE `id` = '' [ RunTime:0.0003s ]
INFO: [ app_end ] --START--
INFO: Run Behavior\ShowPageTraceBehavior [ RunTime:0.000746s ]
INFO: [ app_end ] --END-- [ RunTime:0.000784s ]

[ 2018-05-15T10:33:33+08:00 ] 127.0.0.1 /index.php/Admin/Goods/getDelPic/pic_id=4
INFO: [ app_begin ] --START--
INFO: Run Behavior\ReadHtmlCacheBehavior [ RunTime:0.000595s ]
INFO: [ app_begin ] --END-- [ RunTime:0.000985s ]
SQL: SHOW COLUMNS FROM `php_privilege` [ RunTime:0.0232s ]
SQL: SHOW COLUMNS FROM `php_goods_pic` [ RunTime:0.0153s ]
SQL: DELETE FROM `php_goods_pic` WHERE `id` = '' [ RunTime:0.0003s ]
INFO: [ app_end ] --START--
INFO: Run Behavior\ShowPageTraceBehavior [ RunTime:0.000779s ]
INFO: [ app_end ] --END-- [ RunTime:0.000820s ]

[ 2018-05-15T10:33:58+08:00 ] 127.0.0.1 /index.php/Admin/Goods/getDelPic/pic_id=4
INFO: [ app_begin ] --START--
INFO: Run Behavior\ReadHtmlCacheBehavior [ RunTime:0.000477s ]
INFO: [ app_begin ] --END-- [ RunTime:0.000921s ]
SQL: SHOW COLUMNS FROM `php_privilege` [ RunTime:0.0227s ]
SQL: SHOW COLUMNS FROM `php_goods_pic` [ RunTime:0.0159s ]
SQL: DELETE FROM `php_goods_pic` WHERE `id` = '' [ RunTime:0.0003s ]
INFO: [ app_end ] --START--
INFO: Run Behavior\ShowPageTraceBehavior [ RunTime:0.000713s ]
INFO: [ app_end ] --END-- [ RunTime:0.000754s ]

[ 2018-05-15T10:34:00+08:00 ] 127.0.0.1 /index.php/Admin/Goods/getDelPic/pic_id=4
INFO: [ app_begin ] --START--
INFO: Run Behavior\ReadHtmlCacheBehavior [ RunTime:0.000473s ]
INFO: [ app_begin ] --END-- [ RunTime:0.000924s ]
SQL: SHOW COLUMNS FROM `php_privilege` [ RunTime:0.0225s ]
SQL: SHOW COLUMNS FROM `php_goods_pic` [ RunTime:0.0155s ]
SQL: DELETE FROM `php_goods_pic` WHERE `id` = '' [ RunTime:0.0003s ]
INFO: [ app_end ] --START--
INFO: Run Behavior\ShowPageTraceBehavior [ RunTime:0.000710s ]
INFO: [ app_end ] --END-- [ RunTime:0.000747s ]

[ 2018-05-15T10:34:01+08:00 ] 127.0.0.1 /index.php/Admin/Goods/getDelPic/pic_id=4
INFO: [ app_begin ] --START--
INFO: Run Behavior\ReadHtmlCacheBehavior [ RunTime:0.000482s ]
INFO: [ app_begin ] --END-- [ RunTime:0.000922s ]
SQL: SHOW COLUMNS FROM `php_privilege` [ RunTime:0.0222s ]
SQL: SHOW COLUMNS FROM `php_goods_pic` [ RunTime:0.0158s ]
SQL: DELETE FROM `php_goods_pic` WHERE `id` = '' [ RunTime:0.0003s ]
INFO: [ app_end ] --START--
INFO: Run Behavior\ShowPageTraceBehavior [ RunTime:0.000710s ]
INFO: [ app_end ] --END-- [ RunTime:0.000749s ]

[ 2018-05-15T10:35:02+08:00 ] 127.0.0.1 /index.php/Admin/Goods/getDelPic/pic_id=4
INFO: [ app_begin ] --START--
INFO: Run Behavior\ReadHtmlCacheBehavior [ RunTime:0.000472s ]
INFO: [ app_begin ] --END-- [ RunTime:0.000913s ]
SQL: SHOW COLUMNS FROM `php_privilege` [ RunTime:0.0215s ]
SQL: SHOW COLUMNS FROM `php_goods_pic` [ RunTime:0.0147s ]
SQL: DELETE FROM `php_goods_pic` WHERE `id` = '' [ RunTime:0.0003s ]
INFO: [ app_end ] --START--
INFO: Run Behavior\ShowPageTraceBehavior [ RunTime:0.000630s ]
INFO: [ app_end ] --END-- [ RunTime:0.000668s ]

[ 2018-05-15T10:35:21+08:00 ] 127.0.0.1 /index.php/Admin/Goods/getDelPic/pic_id=4
INFO: [ app_begin ] --START--
INFO: Run Behavior\ReadHtmlCacheBehavior [ RunTime:0.000472s ]
INFO: [ app_begin ] --END-- [ RunTime:0.000915s ]
SQL: SHOW COLUMNS FROM `php_privilege` [ RunTime:0.0228s ]
SQL: SHOW COLUMNS FROM `php_goods_pic` [ RunTime:0.0154s ]
SQL: DELETE FROM `php_goods_pic` WHERE `id` = '' [ RunTime:0.0003s ]
NOTIC: [8] Array to string conversion D:\xampp\htdocs\svnphp\Application\Admin\Controller\GoodsController.class.php 第 94 行.
INFO: [ app_end ] --START--
INFO: Run Behavior\ShowPageTraceBehavior [ RunTime:0.000723s ]
INFO: [ app_end ] --END-- [ RunTime:0.000757s ]

[ 2018-05-15T10:35:39+08:00 ] 127.0.0.1 /index.php/Admin/Goods/getDelPic/pic_id=4
INFO: [ app_begin ] --START--
INFO: Run Behavior\ReadHtmlCacheBehavior [ RunTime:0.000567s ]
INFO: [ app_begin ] --END-- [ RunTime:0.001155s ]
SQL: SHOW COLUMNS FROM `php_privilege` [ RunTime:0.0210s ]
SQL: SHOW COLUMNS FROM `php_goods_pic` [ RunTime:0.0150s ]
SQL: DELETE FROM `php_goods_pic` WHERE `id` = '' [ RunTime:0.0003s ]
NOTIC: [8] Undefined index: pic_id D:\xampp\htdocs\svnphp\Application\Admin\Controller\GoodsController.class.php 第 94 行.
INFO: [ app_end ] --START--
INFO: Run Behavior\ShowPageTraceBehavior [ RunTime:0.000715s ]
INFO: [ app_end ] --END-- [ RunTime:0.000752s ]

[ 2018-05-15T10:35:40+08:00 ] 127.0.0.1 /index.php/Admin/Goods/getDelPic/pic_id=4
INFO: [ app_begin ] --START--
INFO: Run Behavior\ReadHtmlCacheBehavior [ RunTime:0.000478s ]
INFO: [ app_begin ] --END-- [ RunTime:0.000941s ]
SQL: SHOW COLUMNS FROM `php_privilege` [ RunTime:0.0220s ]
SQL: SHOW COLUMNS FROM `php_goods_pic` [ RunTime:0.0154s ]
SQL: DELETE FROM `php_goods_pic` WHERE `id` = '' [ RunTime:0.0003s ]
NOTIC: [8] Undefined index: pic_id D:\xampp\htdocs\svnphp\Application\Admin\Controller\GoodsController.class.php 第 94 行.
INFO: [ app_end ] --START--
INFO: Run Behavior\ShowPageTraceBehavior [ RunTime:0.000623s ]
INFO: [ app_end ] --END-- [ RunTime:0.000660s ]

[ 2018-05-15T10:35:40+08:00 ] 127.0.0.1 /index.php/Admin/Goods/getDelPic/pic_id=4
INFO: [ app_begin ] --START--
INFO: Run Behavior\ReadHtmlCacheBehavior [ RunTime:0.000489s ]
INFO: [ app_begin ] --END-- [ RunTime:0.000960s ]
SQL: SHOW COLUMNS FROM `php_privilege` [ RunTime:0.0144s ]
SQL: SHOW COLUMNS FROM `php_goods_pic` [ RunTime:0.0140s ]
SQL: DELETE FROM `php_goods_pic` WHERE `id` = '' [ RunTime:0.0003s ]
NOTIC: [8] Undefined index: pic_id D:\xampp\htdocs\svnphp\Application\Admin\Controller\GoodsController.class.php 第 94 行.
INFO: [ app_end ] --START--
INFO: Run Behavior\ShowPageTraceBehavior [ RunTime:0.000707s ]
INFO: [ app_end ] --END-- [ RunTime:0.000746s ]

[ 2018-05-15T10:35:41+08:00 ] 127.0.0.1 /index.php/Admin/Goods/getDelPic/pic_id=4
INFO: [ app_begin ] --START--
INFO: Run Behavior\ReadHtmlCacheBehavior [ RunTime:0.000481s ]
INFO: [ app_begin ] --END-- [ RunTime:0.000976s ]
SQL: SHOW COLUMNS FROM `php_privilege` [ RunTime:0.0211s ]
SQL: SHOW COLUMNS FROM `php_goods_pic` [ RunTime:0.0148s ]
SQL: DELETE FROM `php_goods_pic` WHERE `id` = '' [ RunTime:0.0003s ]
NOTIC: [8] Undefined index: pic_id D:\xampp\htdocs\svnphp\Application\Admin\Controller\GoodsController.class.php 第 94 行.
INFO: [ app_end ] --START--
INFO: Run Behavior\ShowPageTraceBehavior [ RunTime:0.000711s ]
INFO: [ app_end ] --END-- [ RunTime:0.000747s ]

[ 2018-05-15T10:36:39+08:00 ] 127.0.0.1 /index.php/Admin/Goods/getDelPic/pic_id/4
INFO: [ app_begin ] --START--
INFO: Run Behavior\ReadHtmlCacheBehavior [ RunTime:0.000499s ]
INFO: [ app_begin ] --END-- [ RunTime:0.000949s ]
SQL: SHOW COLUMNS FROM `php_privilege` [ RunTime:0.0222s ]
SQL: SHOW COLUMNS FROM `php_goods_pic` [ RunTime:0.0145s ]
SQL: DELETE FROM `php_goods_pic` WHERE `id` = '4' [ RunTime:0.0491s ]
INFO: [ app_end ] --START--
INFO: Run Behavior\ShowPageTraceBehavior [ RunTime:0.001486s ]
INFO: [ app_end ] --END-- [ RunTime:0.001576s ]

[ 2018-05-15T10:36:41+08:00 ] 127.0.0.1 /index.php/Admin/Goods/getDelPic/pic_id/3
INFO: [ app_begin ] --START--
INFO: Run Behavior\ReadHtmlCacheBehavior [ RunTime:0.000478s ]
INFO: [ app_begin ] --END-- [ RunTime:0.000931s ]
SQL: SHOW COLUMNS FROM `php_privilege` [ RunTime:0.0216s ]
SQL: SHOW COLUMNS FROM `php_goods_pic` [ RunTime:0.0148s ]
SQL: DELETE FROM `php_goods_pic` WHERE `id` = '3' [ RunTime:0.0472s ]
INFO: [ app_end ] --START--
INFO: Run Behavior\ShowPageTraceBehavior [ RunTime:0.001634s ]
INFO: [ app_end ] --END-- [ RunTime:0.001754s ]

[ 2018-05-15T10:42:33+08:00 ] 127.0.0.1 /index.php/Admin/Goods/getDelPic/pic_id/7
INFO: [ app_begin ] --START--
INFO: Run Behavior\ReadHtmlCacheBehavior [ RunTime:0.001134s ]
INFO: [ app_begin ] --END-- [ RunTime:0.001677s ]
SQL: SHOW COLUMNS FROM `php_privilege` [ RunTime:0.0243s ]
SQL: SHOW COLUMNS FROM `php_goods_pic` [ RunTime:0.0158s ]
SQL: DELETE FROM `php_goods_pic` WHERE `id` = '7' [ RunTime:0.0415s ]

[ 2018-05-15T10:43:00+08:00 ] 127.0.0.1 /index.php/Admin/Goods/getDelPic/pic_id/6
INFO: [ app_begin ] --START--
INFO: Run Behavior\ReadHtmlCacheBehavior [ RunTime:0.001120s ]
INFO: [ app_begin ] --END-- [ RunTime:0.001566s ]
SQL: SHOW COLUMNS FROM `php_privilege` [ RunTime:0.0240s ]
SQL: SHOW COLUMNS FROM `php_goods_pic` [ RunTime:0.0143s ]
SQL: DELETE FROM `php_goods_pic` WHERE `id` = '6' [ RunTime:0.0388s ]

[ 2018-05-15T10:43:34+08:00 ] 127.0.0.1 /index.php/Admin/Goods/getDelPic/pic_id/5
INFO: [ app_begin ] --START--
INFO: Run Behavior\ReadHtmlCacheBehavior [ RunTime:0.001222s ]
INFO: [ app_begin ] --END-- [ RunTime:0.001771s ]
SQL: SHOW COLUMNS FROM `php_privilege` [ RunTime:0.0224s ]
SQL: SHOW COLUMNS FROM `php_goods_pic` [ RunTime:0.0155s ]
SQL: SELECT * FROM `php_goods_pic` WHERE `id` = '5' LIMIT 1   [ RunTime:0.0004s ]

[ 2018-05-15T10:44:28+08:00 ] 127.0.0.1 /index.php/Admin/Goods/getDelPic/pic_id/5
INFO: [ app_begin ] --START--
INFO: Run Behavior\ReadHtmlCacheBehavior [ RunTime:0.001487s ]
INFO: [ app_begin ] --END-- [ RunTime:0.002161s ]
SQL: SHOW COLUMNS FROM `php_privilege` [ RunTime:0.0222s ]
SQL: SHOW COLUMNS FROM `php_goods_pic` [ RunTime:0.0153s ]
SQL: SELECT * FROM `php_goods_pic` WHERE `id` = '5' LIMIT 1   [ RunTime:0.0003s ]
NOTIC: [8] Array to string conversion D:\xampp\htdocs\svnphp\Application\Admin\Controller\GoodsController.class.php 第 94 行.
INFO: [ app_end ] --START--
INFO: Run Behavior\ShowPageTraceBehavior [ RunTime:0.001391s ]
INFO: [ app_end ] --END-- [ RunTime:0.001431s ]

[ 2018-05-15T10:51:04+08:00 ] 127.0.0.1 /index.php/Admin/Goods/getDelPic/pic_id/5
INFO: [ app_begin ] --START--
INFO: Run Behavior\ReadHtmlCacheBehavior [ RunTime:0.001132s ]
INFO: [ app_begin ] --END-- [ RunTime:0.001595s ]
SQL: SHOW COLUMNS FROM `php_privilege` [ RunTime:0.0226s ]
SQL: SHOW COLUMNS FROM `php_goods_pic` [ RunTime:0.0149s ]
SQL: SELECT `pic`,`sm_pic`,`mid_pic`,`big_pic` FROM `php_goods_pic` WHERE `id` = '5' LIMIT 1   [ RunTime:0.0005s ]
SQL: DELETE FROM `php_goods_pic` WHERE `id` = 5 [ RunTime:0.0382s ]
INFO: [ app_end ] --START--
INFO: Run Behavior\ShowPageTraceBehavior [ RunTime:0.001704s ]
INFO: [ app_end ] --END-- [ RunTime:0.001742s ]

[ 2018-05-15T10:52:43+08:00 ] 127.0.0.1 /index.php/Admin/Goods/getDelPic/pic_id/9
INFO: [ app_begin ] --START--
INFO: Run Behavior\ReadHtmlCacheBehavior [ RunTime:0.000488s ]
INFO: [ app_begin ] --END-- [ RunTime:0.000939s ]
SQL: SHOW COLUMNS FROM `php_privilege` [ RunTime:0.0227s ]
SQL: SHOW COLUMNS FROM `php_goods_pic` [ RunTime:0.0156s ]
SQL: SELECT `pic`,`sm_pic`,`mid_pic`,`big_pic` FROM `php_goods_pic` WHERE `id` = '9' LIMIT 1   [ RunTime:0.0003s ]
SQL: DELETE FROM `php_goods_pic` WHERE `id` = 9 [ RunTime:0.0375s ]
INFO: [ app_end ] --START--
INFO: Run Behavior\ShowPageTraceBehavior [ RunTime:0.001600s ]
INFO: [ app_end ] --END-- [ RunTime:0.001636s ]

[ 2018-05-15T10:52:45+08:00 ] 127.0.0.1 /index.php/Admin/Goods/getDelPic/pic_id/8
INFO: [ app_begin ] --START--
INFO: Run Behavior\ReadHtmlCacheBehavior [ RunTime:0.000705s ]
INFO: [ app_begin ] --END-- [ RunTime:0.001163s ]
SQL: SHOW COLUMNS FROM `php_privilege` [ RunTime:0.0242s ]
SQL: SHOW COLUMNS FROM `php_goods_pic` [ RunTime:0.0155s ]
SQL: SELECT `pic`,`sm_pic`,`mid_pic`,`big_pic` FROM `php_goods_pic` WHERE `id` = '8' LIMIT 1   [ RunTime:0.0003s ]
SQL: DELETE FROM `php_goods_pic` WHERE `id` = 8 [ RunTime:0.0380s ]
INFO: [ app_end ] --START--
INFO: Run Behavior\ShowPageTraceBehavior [ RunTime:0.001700s ]
INFO: [ app_end ] --END-- [ RunTime:0.001740s ]

[ 2018-05-15T10:53:27+08:00 ] 127.0.0.1 /index.php/Admin/Goods/getDelPic/pic_id/11
INFO: [ app_begin ] --START--
INFO: Run Behavior\ReadHtmlCacheBehavior [ RunTime:0.000811s ]
INFO: [ app_begin ] --END-- [ RunTime:0.001447s ]
SQL: SHOW COLUMNS FROM `php_privilege` [ RunTime:0.0263s ]
SQL: SHOW COLUMNS FROM `php_goods_pic` [ RunTime:0.0154s ]
SQL: SELECT `pic`,`sm_pic`,`mid_pic`,`big_pic` FROM `php_goods_pic` WHERE `id` = '11' LIMIT 1   [ RunTime:0.0003s ]
SQL: DELETE FROM `php_goods_pic` WHERE `id` = 11 [ RunTime:0.0316s ]
INFO: [ app_end ] --START--
INFO: Run Behavior\ShowPageTraceBehavior [ RunTime:0.001859s ]
INFO: [ app_end ] --END-- [ RunTime:0.001929s ]

[ 2018-05-15T10:53:29+08:00 ] 127.0.0.1 /index.php/Admin/Goods/getDelPic/pic_id/10
INFO: [ app_begin ] --START--
INFO: Run Behavior\ReadHtmlCacheBehavior [ RunTime:0.000667s ]
INFO: [ app_begin ] --END-- [ RunTime:0.001114s ]
SQL: SHOW COLUMNS FROM `php_privilege` [ RunTime:0.0211s ]
SQL: SHOW COLUMNS FROM `php_goods_pic` [ RunTime:0.0145s ]
SQL: SELECT `pic`,`sm_pic`,`mid_pic`,`big_pic` FROM `php_goods_pic` WHERE `id` = '10' LIMIT 1   [ RunTime:0.0004s ]
SQL: DELETE FROM `php_goods_pic` WHERE `id` = 10 [ RunTime:0.0373s ]
INFO: [ app_end ] --START--
INFO: Run Behavior\ShowPageTraceBehavior [ RunTime:0.001671s ]
INFO: [ app_end ] --END-- [ RunTime:0.001709s ]

[ 2018-05-15T11:42:50+08:00 ] 127.0.0.1 /index.php/Admin/Goods/ajaxGetAttr/type_id/1
INFO: [ app_begin ] --START--
INFO: Run Behavior\ReadHtmlCacheBehavior [ RunTime:0.000960s ]
INFO: [ app_begin ] --END-- [ RunTime:0.001522s ]
SQL: SHOW COLUMNS FROM `php_privilege` [ RunTime:0.0233s ]
SQL: SHOW COLUMNS FROM `php_attribute` [ RunTime:0.0193s ]
SQL: SELECT * FROM `php_attribute` WHERE `type_id` = '1'  [ RunTime:0.0004s ]
INFO: [ app_end ] --START--
INFO: Run Behavior\ShowPageTraceBehavior [ RunTime:0.000913s ]
INFO: [ app_end ] --END-- [ RunTime:0.000948s ]

[ 2018-05-15T13:52:31+08:00 ] 127.0.0.1 /index.php/Admin/Goods/ajaxGetAttr/type_id/1
INFO: [ app_begin ] --START--
INFO: Run Behavior\ReadHtmlCacheBehavior [ RunTime:0.001588s ]
INFO: [ app_begin ] --END-- [ RunTime:0.002159s ]
SQL: SHOW COLUMNS FROM `php_privilege` [ RunTime:0.0215s ]
SQL: SHOW COLUMNS FROM `php_attribute` [ RunTime:0.0182s ]
SQL: SELECT * FROM `php_attribute` WHERE `type_id` = '1'  [ RunTime:0.0004s ]
INFO: [ app_end ] --START--
INFO: Run Behavior\ShowPageTraceBehavior [ RunTime:0.001498s ]
INFO: [ app_end ] --END-- [ RunTime:0.001535s ]

